Copyright 1986-2018 Xilinx, Inc. All Rights Reserved.
----------------------------------------------------------------------------------------------------------------------------------------------------------------------
| Tool Version     : Vivado v.2018.1 (win64) Build 2188600 Wed Apr  4 18:40:38 MDT 2018
| Date             : Sat Mar 14 17:50:39 2020
| Host             : DESKTOP-BBJD4E6 running 64-bit major release  (build 9200)
| Command          : report_power -file design_1_wrapper_power_routed.rpt -pb design_1_wrapper_power_summary_routed.pb -rpx design_1_wrapper_power_routed.rpx
| Design           : design_1_wrapper
| Device           : xc7a100tcsg324-1
| Design State     : routed
| Grade            : commercial
| Process          : typical
| Characterization : Production
----------------------------------------------------------------------------------------------------------------------------------------------------------------------

Power Report

Table of Contents
-----------------
1. Summary
1.1 On-Chip Components
1.2 Power Supply Summary
1.3 Confidence Level
2. Settings
2.1 Environment
2.2 Clock Constraints
3. Detailed Reports
3.1 By Hierarchy

1. Summary
----------

+--------------------------+--------------+
| Total On-Chip Power (W)  | 0.219        |
| Design Power Budget (W)  | Unspecified* |
| Power Budget Margin (W)  | NA           |
| Dynamic (W)              | 0.119        |
| Device Static (W)        | 0.100        |
| Effective TJA (C/W)      | 4.6          |
| Max Ambient (C)          | 84.0         |
| Junction Temperature (C) | 26.0         |
| Confidence Level         | Low          |
| Setting File             | ---          |
| Simulation Activity File | ---          |
| Design Nets Matched      | NA           |
+--------------------------+--------------+
* Specify Design Power Budget using, set_operating_conditions -design_power_budget <value in Watts>


1.1 On-Chip Components
----------------------

+----------------+-----------+----------+-----------+-----------------+
| On-Chip        | Power (W) | Used     | Available | Utilization (%) |
+----------------+-----------+----------+-----------+-----------------+
| Clocks         |     0.002 |        6 |       --- |             --- |
| Slice Logic    |    <0.001 |      940 |       --- |             --- |
|   LUT as Logic |    <0.001 |      366 |     63400 |            0.58 |
|   Register     |    <0.001 |      277 |    126800 |            0.22 |
|   CARRY4       |    <0.001 |       21 |     15850 |            0.13 |
|   BUFG         |    <0.001 |        1 |        32 |            3.13 |
|   F7/F8 Muxes  |    <0.001 |       63 |     63400 |            0.10 |
|   Others       |     0.000 |      170 |       --- |             --- |
| Signals        |     0.002 |      937 |       --- |             --- |
| Block RAM      |     0.005 |     52.5 |       135 |           38.89 |
| MMCM           |     0.106 |        1 |         6 |           16.67 |
| I/O            |     0.004 |       49 |       210 |           23.33 |
| Static Power   |     0.100 |          |           |                 |
| Total          |     0.219 |          |           |                 |
+----------------+-----------+----------+-----------+-----------------+


1.2 Power Supply Summary
------------------------

+-----------+-------------+-----------+-------------+------------+
| Source    | Voltage (V) | Total (A) | Dynamic (A) | Static (A) |
+-----------+-------------+-----------+-------------+------------+
| Vccint    |       1.000 |     0.026 |       0.009 |      0.017 |
| Vccaux    |       1.800 |     0.077 |       0.059 |      0.018 |
| Vcco33    |       3.300 |     0.005 |       0.001 |      0.004 |
| Vcco25    |       2.500 |     0.000 |       0.000 |      0.000 |
| Vcco18    |       1.800 |     0.000 |       0.000 |      0.000 |
| Vcco15    |       1.500 |     0.000 |       0.000 |      0.000 |
| Vcco135   |       1.350 |     0.000 |       0.000 |      0.000 |
| Vcco12    |       1.200 |     0.000 |       0.000 |      0.000 |
| Vccaux_io |       1.800 |     0.000 |       0.000 |      0.000 |
| Vccbram   |       1.000 |     0.002 |       0.000 |      0.001 |
| MGTAVcc   |       1.000 |     0.000 |       0.000 |      0.000 |
| MGTAVtt   |       1.200 |     0.000 |       0.000 |      0.000 |
| Vccadc    |       1.800 |     0.020 |       0.000 |      0.020 |
+-----------+-------------+-----------+-------------+------------+


1.3 Confidence Level
--------------------

+-----------------------------+------------+--------------------------------------------------------+--------------------------------------------------------------------------------------------------------------------+
| User Input Data             | Confidence | Details                                                | Action                                                                                                             |
+-----------------------------+------------+--------------------------------------------------------+--------------------------------------------------------------------------------------------------------------------+
| Design implementation state | High       | Design is routed                                       |                                                                                                                    |
| Clock nodes activity        | Low        | User specified less than 75% of clocks                 | Provide missing clock activity with a constraint file, simulation results or by editing the "By Clock Domain" view |
| I/O nodes activity          | Low        | More than 75% of inputs are missing user specification | Provide missing input activity with simulation results or by editing the "By Resource Type -> I/Os" view           |
| Internal nodes activity     | Medium     | User specified less than 25% of internal nodes         | Provide missing internal nodes activity with simulation results or by editing the "By Resource Type" views         |
| Device models               | High       | Device models are Production                           |                                                                                                                    |
|                             |            |                                                        |                                                                                                                    |
| Overall confidence level    | Low        |                                                        |                                                                                                                    |
+-----------------------------+------------+--------------------------------------------------------+--------------------------------------------------------------------------------------------------------------------+


2. Settings
-----------

2.1 Environment
---------------

+-----------------------+--------------------------+
| Ambient Temp (C)      | 25.0                     |
| ThetaJA (C/W)         | 4.6                      |
| Airflow (LFM)         | 250                      |
| Heat Sink             | medium (Medium Profile)  |
| ThetaSA (C/W)         | 4.6                      |
| Board Selection       | medium (10"x10")         |
| # of Board Layers     | 12to15 (12 to 15 Layers) |
| Board Temperature (C) | 25.0                     |
+-----------------------+--------------------------+


2.2 Clock Constraints
---------------------

+-------------------------------+---------------------------------------------------------+-----------------+
| Clock                         | Domain                                                  | Constraint (ns) |
+-------------------------------+---------------------------------------------------------+-----------------+
| clk_25_design_1_clk_wiz_0_0   | design_1_i/clk_wiz_0/inst/clk_25_design_1_clk_wiz_0_0   |            40.0 |
| clk_50_design_1_clk_wiz_0_0   | design_1_i/clk_wiz_0/inst/clk_50_design_1_clk_wiz_0_0   |            20.0 |
| clkfbout_design_1_clk_wiz_0_0 | design_1_i/clk_wiz_0/inst/clkfbout_design_1_clk_wiz_0_0 |            10.0 |
| sys_clock                     | sys_clock                                               |            10.0 |
+-------------------------------+---------------------------------------------------------+-----------------+


3. Detailed Reports
-------------------

3.1 By Hierarchy
----------------

+------------------------------------------------+-----------+
| Name                                           | Power (W) |
+------------------------------------------------+-----------+
| design_1_wrapper                               |     0.119 |
|   design_1_i                                   |     0.115 |
|     blk_mem_gen_0                              |     0.006 |
|       U0                                       |     0.006 |
|         inst_blk_mem_gen                       |     0.006 |
|           gnbram.gnativebmg.native_blk_mem_gen |     0.006 |
|             valid.cstr                         |     0.006 |
|               has_mux_b.B                      |    <0.001 |
|               ramloop[0].ram.r                 |     0.001 |
|                 prim_noinit.ram                |     0.001 |
|               ramloop[10].ram.r                |    <0.001 |
|                 prim_noinit.ram                |    <0.001 |
|               ramloop[11].ram.r                |    <0.001 |
|                 prim_noinit.ram                |    <0.001 |
|               ramloop[12].ram.r                |    <0.001 |
|                 prim_noinit.ram                |    <0.001 |
|               ramloop[13].ram.r                |    <0.001 |
|                 prim_noinit.ram                |    <0.001 |
|               ramloop[14].ram.r                |    <0.001 |
|                 prim_noinit.ram                |    <0.001 |
|               ramloop[15].ram.r                |    <0.001 |
|                 prim_noinit.ram                |    <0.001 |
|               ramloop[16].ram.r                |    <0.001 |
|                 prim_noinit.ram                |    <0.001 |
|               ramloop[17].ram.r                |    <0.001 |
|                 prim_noinit.ram                |    <0.001 |
|               ramloop[18].ram.r                |    <0.001 |
|                 prim_noinit.ram                |    <0.001 |
|               ramloop[19].ram.r                |    <0.001 |
|                 prim_noinit.ram                |    <0.001 |
|               ramloop[1].ram.r                 |    <0.001 |
|                 prim_noinit.ram                |    <0.001 |
|               ramloop[20].ram.r                |    <0.001 |
|                 prim_noinit.ram                |    <0.001 |
|               ramloop[21].ram.r                |    <0.001 |
|                 prim_noinit.ram                |    <0.001 |
|               ramloop[22].ram.r                |    <0.001 |
|                 prim_noinit.ram                |    <0.001 |
|               ramloop[23].ram.r                |    <0.001 |
|                 prim_noinit.ram                |    <0.001 |
|               ramloop[24].ram.r                |    <0.001 |
|                 prim_noinit.ram                |    <0.001 |
|               ramloop[25].ram.r                |    <0.001 |
|                 prim_noinit.ram                |    <0.001 |
|               ramloop[26].ram.r                |    <0.001 |
|                 prim_noinit.ram                |    <0.001 |
|               ramloop[27].ram.r                |    <0.001 |
|                 prim_noinit.ram                |    <0.001 |
|               ramloop[28].ram.r                |    <0.001 |
|                 prim_noinit.ram                |    <0.001 |
|               ramloop[29].ram.r                |    <0.001 |
|                 prim_noinit.ram                |    <0.001 |
|               ramloop[2].ram.r                 |    <0.001 |
|                 prim_noinit.ram                |    <0.001 |
|               ramloop[30].ram.r                |    <0.001 |
|                 prim_noinit.ram                |    <0.001 |
|               ramloop[31].ram.r                |    <0.001 |
|                 prim_noinit.ram                |    <0.001 |
|               ramloop[32].ram.r                |    <0.001 |
|                 prim_noinit.ram                |    <0.001 |
|               ramloop[33].ram.r                |    <0.001 |
|                 prim_noinit.ram                |    <0.001 |
|               ramloop[34].ram.r                |    <0.001 |
|                 prim_noinit.ram                |    <0.001 |
|               ramloop[35].ram.r                |    <0.001 |
|                 prim_noinit.ram                |    <0.001 |
|               ramloop[36].ram.r                |    <0.001 |
|                 prim_noinit.ram                |    <0.001 |
|               ramloop[37].ram.r                |    <0.001 |
|                 prim_noinit.ram                |    <0.001 |
|               ramloop[38].ram.r                |    <0.001 |
|                 prim_noinit.ram                |    <0.001 |
|               ramloop[39].ram.r                |    <0.001 |
|                 prim_noinit.ram                |    <0.001 |
|               ramloop[3].ram.r                 |    <0.001 |
|                 prim_noinit.ram                |    <0.001 |
|               ramloop[40].ram.r                |    <0.001 |
|                 prim_noinit.ram                |    <0.001 |
|               ramloop[41].ram.r                |    <0.001 |
|                 prim_noinit.ram                |    <0.001 |
|               ramloop[42].ram.r                |    <0.001 |
|                 prim_noinit.ram                |    <0.001 |
|               ramloop[43].ram.r                |    <0.001 |
|                 prim_noinit.ram                |    <0.001 |
|               ramloop[44].ram.r                |    <0.001 |
|                 prim_noinit.ram                |    <0.001 |
|               ramloop[45].ram.r                |     0.001 |
|                 prim_noinit.ram                |     0.001 |
|               ramloop[46].ram.r                |    <0.001 |
|                 prim_noinit.ram                |    <0.001 |
|               ramloop[47].ram.r                |    <0.001 |
|                 prim_noinit.ram                |    <0.001 |
|               ramloop[4].ram.r                 |     0.001 |
|                 prim_noinit.ram                |     0.001 |
|               ramloop[5].ram.r                 |    <0.001 |
|                 prim_noinit.ram                |    <0.001 |
|               ramloop[6].ram.r                 |    <0.001 |
|                 prim_noinit.ram                |    <0.001 |
|               ramloop[7].ram.r                 |    <0.001 |
|                 prim_noinit.ram                |    <0.001 |
|               ramloop[8].ram.r                 |    <0.001 |
|                 prim_noinit.ram                |    <0.001 |
|               ramloop[9].ram.r                 |    <0.001 |
|                 prim_noinit.ram                |    <0.001 |
|     clk_wiz_0                                  |     0.106 |
|       inst                                     |     0.106 |
|     debounce_0                                 |    <0.001 |
|       inst                                     |    <0.001 |
|     finger_detection_0                         |    <0.001 |
|       inst                                     |    <0.001 |
|     ov7670_capture_0                           |     0.001 |
|       U0                                       |     0.001 |
|     ov7670_controller_0                        |    <0.001 |
|       U0                                       |    <0.001 |
|         Inst_i2c_sender                        |    <0.001 |
|         Inst_ov7670_registers                  |    <0.001 |
|     ov7670_vga_0                               |    <0.001 |
|       U0                                       |    <0.001 |
+------------------------------------------------+-----------+


