
*** Running vivado
    with args -log design_1_finger_detection_0_0.vds -m64 -product Vivado -mode batch -messageDb vivado.pb -notrace -source design_1_finger_detection_0_0.tcl


****** Vivado v2018.1 (64-bit)
  **** SW Build 2188600 on Wed Apr  4 18:40:38 MDT 2018
  **** IP Build 2185939 on Wed Apr  4 20:55:05 MDT 2018
    ** Copyright 1986-2018 Xilinx, Inc. All Rights Reserved.

source design_1_finger_detection_0_0.tcl -notrace
Command: synth_design -top design_1_finger_detection_0_0 -part xc7a100tcsg324-1 -mode out_of_context
Starting synth_design
Attempting to get a license for feature 'Synthesis' and/or device 'xc7a100t'
INFO: [Common 17-349] Got license for feature 'Synthesis' and/or device 'xc7a100t'
INFO: Launching helper process for spawning children vivado processes
INFO: Helper process launched with PID 15192 
---------------------------------------------------------------------------------
Starting RTL Elaboration : Time (s): cpu = 00:00:06 ; elapsed = 00:00:06 . Memory (MB): peak = 465.613 ; gain = 101.594
---------------------------------------------------------------------------------
INFO: [Synth 8-6157] synthesizing module 'design_1_finger_detection_0_0' [c:/ECE532/ECE532_Group5/camera_to_vga/camera_to_vga.srcs/sources_1/bd/design_1/ip/design_1_finger_detection_0_0/synth/design_1_finger_detection_0_0.v:57]
INFO: [Synth 8-6157] synthesizing module 'finger_detection' [c:/ECE532/ECE532_Group5/camera_to_vga/camera_to_vga.srcs/sources_1/bd/design_1/ipshared/8cf1/src/finger_detection.v:23]
WARNING: [Synth 8-6014] Unused sequential element green_reg was removed.  [c:/ECE532/ECE532_Group5/camera_to_vga/camera_to_vga.srcs/sources_1/bd/design_1/ipshared/8cf1/src/finger_detection.v:28]
WARNING: [Synth 8-6014] Unused sequential element blue_reg was removed.  [c:/ECE532/ECE532_Group5/camera_to_vga/camera_to_vga.srcs/sources_1/bd/design_1/ipshared/8cf1/src/finger_detection.v:29]
INFO: [Synth 8-6155] done synthesizing module 'finger_detection' (1#1) [c:/ECE532/ECE532_Group5/camera_to_vga/camera_to_vga.srcs/sources_1/bd/design_1/ipshared/8cf1/src/finger_detection.v:23]
INFO: [Synth 8-6155] done synthesizing module 'design_1_finger_detection_0_0' (2#1) [c:/ECE532/ECE532_Group5/camera_to_vga/camera_to_vga.srcs/sources_1/bd/design_1/ip/design_1_finger_detection_0_0/synth/design_1_finger_detection_0_0.v:57]
WARNING: [Synth 8-3331] design finger_detection has unconnected port dout[7]
WARNING: [Synth 8-3331] design finger_detection has unconnected port dout[6]
WARNING: [Synth 8-3331] design finger_detection has unconnected port dout[5]
WARNING: [Synth 8-3331] design finger_detection has unconnected port dout[4]
WARNING: [Synth 8-3331] design finger_detection has unconnected port dout[3]
WARNING: [Synth 8-3331] design finger_detection has unconnected port dout[2]
WARNING: [Synth 8-3331] design finger_detection has unconnected port dout[1]
WARNING: [Synth 8-3331] design finger_detection has unconnected port dout[0]
---------------------------------------------------------------------------------
Finished RTL Elaboration : Time (s): cpu = 00:00:06 ; elapsed = 00:00:07 . Memory (MB): peak = 519.938 ; gain = 155.918
---------------------------------------------------------------------------------

Report Check Netlist: 
+------+------------------+-------+---------+-------+------------------+
|      |Item              |Errors |Warnings |Status |Description       |
+------+------------------+-------+---------+-------+------------------+
|1     |multi_driven_nets |      0|        0|Passed |Multi driven nets |
+------+------------------+-------+---------+-------+------------------+
---------------------------------------------------------------------------------
Start Handling Custom Attributes
---------------------------------------------------------------------------------
---------------------------------------------------------------------------------
Finished Handling Custom Attributes : Time (s): cpu = 00:00:07 ; elapsed = 00:00:07 . Memory (MB): peak = 519.938 ; gain = 155.918
---------------------------------------------------------------------------------
---------------------------------------------------------------------------------
Finished RTL Optimization Phase 1 : Time (s): cpu = 00:00:07 ; elapsed = 00:00:07 . Memory (MB): peak = 519.938 ; gain = 155.918
---------------------------------------------------------------------------------
INFO: [Device 21-403] Loading part xc7a100tcsg324-1
INFO: [Project 1-570] Preparing netlist for logic optimization

Processing XDC Constraints
Initializing timing engine
Completed Processing XDC Constraints

INFO: [Project 1-111] Unisim Transformation Summary:
No Unisim elements were transformed.

Constraint Validation Runtime : Time (s): cpu = 00:00:00 ; elapsed = 00:00:00.022 . Memory (MB): peak = 848.219 ; gain = 0.004
---------------------------------------------------------------------------------
Finished Constraint Validation : Time (s): cpu = 00:00:19 ; elapsed = 00:00:45 . Memory (MB): peak = 848.219 ; gain = 484.199
---------------------------------------------------------------------------------
---------------------------------------------------------------------------------
Start Loading Part and Timing Information
---------------------------------------------------------------------------------
Loading part: xc7a100tcsg324-1
---------------------------------------------------------------------------------
Finished Loading Part and Timing Information : Time (s): cpu = 00:00:19 ; elapsed = 00:00:45 . Memory (MB): peak = 848.219 ; gain = 484.199
---------------------------------------------------------------------------------
---------------------------------------------------------------------------------
Start Applying 'set_property' XDC Constraints
---------------------------------------------------------------------------------
---------------------------------------------------------------------------------
Finished applying 'set_property' XDC Constraints : Time (s): cpu = 00:00:19 ; elapsed = 00:00:45 . Memory (MB): peak = 848.219 ; gain = 484.199
---------------------------------------------------------------------------------
INFO: [Synth 8-5546] ROM "not_white" won't be mapped to RAM because it is too sparse
---------------------------------------------------------------------------------
Finished RTL Optimization Phase 2 : Time (s): cpu = 00:00:19 ; elapsed = 00:00:46 . Memory (MB): peak = 848.219 ; gain = 484.199
---------------------------------------------------------------------------------

Report RTL Partitions: 
+-+--------------+------------+----------+
| |RTL Partition |Replication |Instances |
+-+--------------+------------+----------+
+-+--------------+------------+----------+
---------------------------------------------------------------------------------
Start RTL Component Statistics 
---------------------------------------------------------------------------------
Detailed RTL Component Info : 
+---Adders : 
	   2 Input     18 Bit       Adders := 1     
+---Registers : 
	               18 Bit    Registers := 2     
	                4 Bit    Registers := 1     
+---Muxes : 
	   2 Input     18 Bit        Muxes := 1     
	   2 Input      1 Bit        Muxes := 1     
---------------------------------------------------------------------------------
Finished RTL Component Statistics 
---------------------------------------------------------------------------------
---------------------------------------------------------------------------------
Start RTL Hierarchical Component Statistics 
---------------------------------------------------------------------------------
Hierarchical RTL Component report 
Module finger_detection 
Detailed RTL Component Info : 
+---Adders : 
	   2 Input     18 Bit       Adders := 1     
+---Registers : 
	               18 Bit    Registers := 2     
	                4 Bit    Registers := 1     
+---Muxes : 
	   2 Input     18 Bit        Muxes := 1     
	   2 Input      1 Bit        Muxes := 1     
---------------------------------------------------------------------------------
Finished RTL Hierarchical Component Statistics
---------------------------------------------------------------------------------
---------------------------------------------------------------------------------
Start Part Resource Summary
---------------------------------------------------------------------------------
Part Resources:
DSPs: 240 (col length:80)
BRAMs: 270 (col length: RAMB18 80 RAMB36 40)
---------------------------------------------------------------------------------
Finished Part Resource Summary
---------------------------------------------------------------------------------
---------------------------------------------------------------------------------
Start Cross Boundary and Area Optimization
---------------------------------------------------------------------------------
Warning: Parallel synthesis criteria is not met 
INFO: [Synth 8-5546] ROM "inst/not_white" won't be mapped to RAM because it is too sparse
WARNING: [Synth 8-3331] design design_1_finger_detection_0_0 has unconnected port dout[7]
WARNING: [Synth 8-3331] design design_1_finger_detection_0_0 has unconnected port dout[6]
WARNING: [Synth 8-3331] design design_1_finger_detection_0_0 has unconnected port dout[5]
WARNING: [Synth 8-3331] design design_1_finger_detection_0_0 has unconnected port dout[4]
WARNING: [Synth 8-3331] design design_1_finger_detection_0_0 has unconnected port dout[3]
WARNING: [Synth 8-3331] design design_1_finger_detection_0_0 has unconnected port dout[2]
WARNING: [Synth 8-3331] design design_1_finger_detection_0_0 has unconnected port dout[1]
WARNING: [Synth 8-3331] design design_1_finger_detection_0_0 has unconnected port dout[0]
INFO: [Synth 8-3332] Sequential element (inst/red_reg[2]) is unused and will be removed from module design_1_finger_detection_0_0.
INFO: [Synth 8-3332] Sequential element (inst/red_reg[1]) is unused and will be removed from module design_1_finger_detection_0_0.
INFO: [Synth 8-3332] Sequential element (inst/red_reg[0]) is unused and will be removed from module design_1_finger_detection_0_0.
INFO: [Synth 8-3332] Sequential element (inst/final_count_reg[6]) is unused and will be removed from module design_1_finger_detection_0_0.
INFO: [Synth 8-3332] Sequential element (inst/final_count_reg[5]) is unused and will be removed from module design_1_finger_detection_0_0.
INFO: [Synth 8-3332] Sequential element (inst/final_count_reg[4]) is unused and will be removed from module design_1_finger_detection_0_0.
INFO: [Synth 8-3332] Sequential element (inst/final_count_reg[3]) is unused and will be removed from module design_1_finger_detection_0_0.
INFO: [Synth 8-3332] Sequential element (inst/final_count_reg[2]) is unused and will be removed from module design_1_finger_detection_0_0.
INFO: [Synth 8-3332] Sequential element (inst/final_count_reg[1]) is unused and will be removed from module design_1_finger_detection_0_0.
INFO: [Synth 8-3332] Sequential element (inst/final_count_reg[0]) is unused and will be removed from module design_1_finger_detection_0_0.
---------------------------------------------------------------------------------
Finished Cross Boundary and Area Optimization : Time (s): cpu = 00:00:20 ; elapsed = 00:00:46 . Memory (MB): peak = 848.219 ; gain = 484.199
---------------------------------------------------------------------------------

Report RTL Partitions: 
+-+--------------+------------+----------+
| |RTL Partition |Replication |Instances |
+-+--------------+------------+----------+
+-+--------------+------------+----------+
---------------------------------------------------------------------------------
Start Applying XDC Timing Constraints
---------------------------------------------------------------------------------
---------------------------------------------------------------------------------
Finished Applying XDC Timing Constraints : Time (s): cpu = 00:00:30 ; elapsed = 00:00:58 . Memory (MB): peak = 852.590 ; gain = 488.570
---------------------------------------------------------------------------------
---------------------------------------------------------------------------------
Start Timing Optimization
---------------------------------------------------------------------------------
---------------------------------------------------------------------------------
Finished Timing Optimization : Time (s): cpu = 00:00:30 ; elapsed = 00:00:58 . Memory (MB): peak = 852.738 ; gain = 488.719
---------------------------------------------------------------------------------

Report RTL Partitions: 
+-+--------------+------------+----------+
| |RTL Partition |Replication |Instances |
+-+--------------+------------+----------+
+-+--------------+------------+----------+
---------------------------------------------------------------------------------
Start Technology Mapping
---------------------------------------------------------------------------------
---------------------------------------------------------------------------------
Finished Technology Mapping : Time (s): cpu = 00:00:30 ; elapsed = 00:00:58 . Memory (MB): peak = 862.277 ; gain = 498.258
---------------------------------------------------------------------------------

Report RTL Partitions: 
+-+--------------+------------+----------+
| |RTL Partition |Replication |Instances |
+-+--------------+------------+----------+
+-+--------------+------------+----------+
---------------------------------------------------------------------------------
Start IO Insertion
---------------------------------------------------------------------------------
---------------------------------------------------------------------------------
Start Flattening Before IO Insertion
---------------------------------------------------------------------------------
---------------------------------------------------------------------------------
Finished Flattening Before IO Insertion
---------------------------------------------------------------------------------
---------------------------------------------------------------------------------
Start Final Netlist Cleanup
---------------------------------------------------------------------------------
---------------------------------------------------------------------------------
Finished Final Netlist Cleanup
---------------------------------------------------------------------------------
---------------------------------------------------------------------------------
Finished IO Insertion : Time (s): cpu = 00:00:31 ; elapsed = 00:00:59 . Memory (MB): peak = 862.277 ; gain = 498.258
---------------------------------------------------------------------------------

Report Check Netlist: 
+------+------------------+-------+---------+-------+------------------+
|      |Item              |Errors |Warnings |Status |Description       |
+------+------------------+-------+---------+-------+------------------+
|1     |multi_driven_nets |      0|        0|Passed |Multi driven nets |
+------+------------------+-------+---------+-------+------------------+
---------------------------------------------------------------------------------
Start Renaming Generated Instances
---------------------------------------------------------------------------------
---------------------------------------------------------------------------------
Finished Renaming Generated Instances : Time (s): cpu = 00:00:31 ; elapsed = 00:00:59 . Memory (MB): peak = 862.277 ; gain = 498.258
---------------------------------------------------------------------------------

Report RTL Partitions: 
+-+--------------+------------+----------+
| |RTL Partition |Replication |Instances |
+-+--------------+------------+----------+
+-+--------------+------------+----------+
---------------------------------------------------------------------------------
Start Rebuilding User Hierarchy
---------------------------------------------------------------------------------
---------------------------------------------------------------------------------
Finished Rebuilding User Hierarchy : Time (s): cpu = 00:00:31 ; elapsed = 00:00:59 . Memory (MB): peak = 862.277 ; gain = 498.258
---------------------------------------------------------------------------------
---------------------------------------------------------------------------------
Start Renaming Generated Ports
---------------------------------------------------------------------------------
---------------------------------------------------------------------------------
Finished Renaming Generated Ports : Time (s): cpu = 00:00:31 ; elapsed = 00:00:59 . Memory (MB): peak = 862.277 ; gain = 498.258
---------------------------------------------------------------------------------
---------------------------------------------------------------------------------
Start Handling Custom Attributes
---------------------------------------------------------------------------------
---------------------------------------------------------------------------------
Finished Handling Custom Attributes : Time (s): cpu = 00:00:31 ; elapsed = 00:00:59 . Memory (MB): peak = 862.277 ; gain = 498.258
---------------------------------------------------------------------------------
---------------------------------------------------------------------------------
Start Renaming Generated Nets
---------------------------------------------------------------------------------
---------------------------------------------------------------------------------
Finished Renaming Generated Nets : Time (s): cpu = 00:00:31 ; elapsed = 00:00:59 . Memory (MB): peak = 862.277 ; gain = 498.258
---------------------------------------------------------------------------------
---------------------------------------------------------------------------------
Start Writing Synthesis Report
---------------------------------------------------------------------------------

Report BlackBoxes: 
+-+--------------+----------+
| |BlackBox name |Instances |
+-+--------------+----------+
+-+--------------+----------+

Report Cell Usage: 
+------+-------+------+
|      |Cell   |Count |
+------+-------+------+
|1     |CARRY4 |    10|
|2     |LUT1   |     3|
|3     |LUT4   |     4|
|4     |LUT6   |     1|
|5     |FDRE   |    48|
+------+-------+------+

Report Instance Areas: 
+------+---------+-----------------+------+
|      |Instance |Module           |Cells |
+------+---------+-----------------+------+
|1     |top      |                 |    66|
|2     |  inst   |finger_detection |    66|
+------+---------+-----------------+------+
---------------------------------------------------------------------------------
Finished Writing Synthesis Report : Time (s): cpu = 00:00:31 ; elapsed = 00:00:59 . Memory (MB): peak = 862.277 ; gain = 498.258
---------------------------------------------------------------------------------
Synthesis finished with 0 errors, 0 critical warnings and 8 warnings.
Synthesis Optimization Runtime : Time (s): cpu = 00:00:18 ; elapsed = 00:00:27 . Memory (MB): peak = 862.277 ; gain = 169.977
Synthesis Optimization Complete : Time (s): cpu = 00:00:31 ; elapsed = 00:00:59 . Memory (MB): peak = 862.277 ; gain = 498.258
INFO: [Project 1-571] Translating synthesized netlist
INFO: [Netlist 29-17] Analyzing 10 Unisim elements for replacement
INFO: [Netlist 29-28] Unisim Transformation completed in 0 CPU seconds
INFO: [Project 1-570] Preparing netlist for logic optimization
INFO: [Opt 31-138] Pushed 0 inverter(s) to 0 load pin(s).
INFO: [Project 1-111] Unisim Transformation Summary:
No Unisim elements were transformed.

INFO: [Common 17-83] Releasing license: Synthesis
27 Infos, 18 Warnings, 0 Critical Warnings and 0 Errors encountered.
synth_design completed successfully
synth_design: Time (s): cpu = 00:00:33 ; elapsed = 00:01:01 . Memory (MB): peak = 875.680 ; gain = 523.133
INFO: [Common 17-1381] The checkpoint 'C:/ECE532/ECE532_Group5/camera_to_vga/camera_to_vga.runs/design_1_finger_detection_0_0_synth_1/design_1_finger_detection_0_0.dcp' has been generated.
