Copyright 1986-2018 Xilinx, Inc. All Rights Reserved.
-------------------------------------------------------------------------------------------------------------------------------
| Tool Version     : Vivado v.2018.1 (win64) Build 2188600 Wed Apr  4 18:40:38 MDT 2018
| Date             : Sat Mar 21 15:31:01 2020
| Host             : DESKTOP-BBJD4E6 running 64-bit major release  (build 9200)
| Command          : report_power -file top_power_routed.rpt -pb top_power_summary_routed.pb -rpx top_power_routed.rpx
| Design           : top
| Device           : xc7a100tcsg324-1
| Design State     : routed
| Grade            : commercial
| Process          : typical
| Characterization : Production
-------------------------------------------------------------------------------------------------------------------------------

Power Report

Table of Contents
-----------------
1. Summary
1.1 On-Chip Components
1.2 Power Supply Summary
1.3 Confidence Level
2. Settings
2.1 Environment
2.2 Clock Constraints
3. Detailed Reports
3.1 By Hierarchy

1. Summary
----------

+--------------------------+--------------+
| Total On-Chip Power (W)  | 0.211        |
| Design Power Budget (W)  | Unspecified* |
| Power Budget Margin (W)  | NA           |
| Dynamic (W)              | 0.114        |
| Device Static (W)        | 0.097        |
| Effective TJA (C/W)      | 4.6          |
| Max Ambient (C)          | 84.0         |
| Junction Temperature (C) | 26.0         |
| Confidence Level         | Low          |
| Setting File             | ---          |
| Simulation Activity File | ---          |
| Design Nets Matched      | NA           |
+--------------------------+--------------+
* Specify Design Power Budget using, set_operating_conditions -design_power_budget <value in Watts>


1.1 On-Chip Components
----------------------

+-------------------------+-----------+----------+-----------+-----------------+
| On-Chip                 | Power (W) | Used     | Available | Utilization (%) |
+-------------------------+-----------+----------+-----------+-----------------+
| Clocks                  |     0.016 |        3 |       --- |             --- |
| Slice Logic             |     0.044 |     8659 |       --- |             --- |
|   LUT as Logic          |     0.035 |     3769 |     63400 |            5.94 |
|   CARRY4                |     0.005 |      889 |     15850 |            5.61 |
|   Register              |     0.003 |     2830 |    126800 |            2.23 |
|   LUT as Shift Register |     0.002 |      203 |     19000 |            1.07 |
|   Others                |     0.000 |       42 |       --- |             --- |
| Signals                 |     0.041 |     5767 |       --- |             --- |
| DSPs                    |     0.010 |       12 |       240 |            5.00 |
| I/O                     |     0.003 |       17 |       210 |            8.10 |
| Static Power            |     0.097 |          |           |                 |
| Total                   |     0.211 |          |           |                 |
+-------------------------+-----------+----------+-----------+-----------------+


1.2 Power Supply Summary
------------------------

+-----------+-------------+-----------+-------------+------------+
| Source    | Voltage (V) | Total (A) | Dynamic (A) | Static (A) |
+-----------+-------------+-----------+-------------+------------+
| Vccint    |       1.000 |     0.126 |       0.111 |      0.015 |
| Vccaux    |       1.800 |     0.018 |       0.000 |      0.018 |
| Vcco33    |       3.300 |     0.005 |       0.001 |      0.004 |
| Vcco25    |       2.500 |     0.000 |       0.000 |      0.000 |
| Vcco18    |       1.800 |     0.000 |       0.000 |      0.000 |
| Vcco15    |       1.500 |     0.000 |       0.000 |      0.000 |
| Vcco135   |       1.350 |     0.000 |       0.000 |      0.000 |
| Vcco12    |       1.200 |     0.000 |       0.000 |      0.000 |
| Vccaux_io |       1.800 |     0.000 |       0.000 |      0.000 |
| Vccbram   |       1.000 |     0.000 |       0.000 |      0.000 |
| MGTAVcc   |       1.000 |     0.000 |       0.000 |      0.000 |
| MGTAVtt   |       1.200 |     0.000 |       0.000 |      0.000 |
| Vccadc    |       1.800 |     0.020 |       0.000 |      0.020 |
+-----------+-------------+-----------+-------------+------------+


1.3 Confidence Level
--------------------

+-----------------------------+------------+--------------------------------------------------------+------------------------------------------------------------------------------------------------------------+
| User Input Data             | Confidence | Details                                                | Action                                                                                                     |
+-----------------------------+------------+--------------------------------------------------------+------------------------------------------------------------------------------------------------------------+
| Design implementation state | High       | Design is routed                                       |                                                                                                            |
| Clock nodes activity        | High       | User specified more than 95% of clocks                 |                                                                                                            |
| I/O nodes activity          | Low        | More than 75% of inputs are missing user specification | Provide missing input activity with simulation results or by editing the "By Resource Type -> I/Os" view   |
| Internal nodes activity     | Medium     | User specified less than 25% of internal nodes         | Provide missing internal nodes activity with simulation results or by editing the "By Resource Type" views |
| Device models               | High       | Device models are Production                           |                                                                                                            |
|                             |            |                                                        |                                                                                                            |
| Overall confidence level    | Low        |                                                        |                                                                                                            |
+-----------------------------+------------+--------------------------------------------------------+------------------------------------------------------------------------------------------------------------+


2. Settings
-----------

2.1 Environment
---------------

+-----------------------+--------------------------+
| Ambient Temp (C)      | 25.0                     |
| ThetaJA (C/W)         | 4.6                      |
| Airflow (LFM)         | 250                      |
| Heat Sink             | medium (Medium Profile)  |
| ThetaSA (C/W)         | 4.6                      |
| Board Selection       | medium (10"x10")         |
| # of Board Layers     | 12to15 (12 to 15 Layers) |
| Board Temperature (C) | 25.0                     |
+-----------------------+--------------------------+


2.2 Clock Constraints
---------------------

+-------------+-----------+-----------------+
| Clock       | Domain    | Constraint (ns) |
+-------------+-----------+-----------------+
| sys_clk_pin | CLK100MHZ |            10.0 |
+-------------+-----------+-----------------+


3. Detailed Reports
-------------------

3.1 By Hierarchy
----------------

+------------------------+-----------+
| Name                   | Power (W) |
+------------------------+-----------+
| top                    |     0.114 |
|   sound                |     0.111 |
|     u_DeltaSigma       |     0.001 |
|     u_Drum             |     0.034 |
|       u_190Hz_Trig     |    <0.001 |
|         u_Trig1        |    <0.001 |
|       u_285Hz_Trig1    |    <0.001 |
|         u_Trig1        |    <0.001 |
|       u_370Hz_Sin      |     0.009 |
|         u_Sin4         |     0.008 |
|       u_fader_1_0_16ms |     0.006 |
|       u_fader_2_0_16ms |     0.004 |
|       u_fader_3_0_16ms |     0.005 |
|     u_Sin              |     0.013 |
|     u_Sin1             |     0.013 |
|     u_Sin2             |     0.013 |
|     u_Sin3             |     0.013 |
+------------------------+-----------+


