#-----------------------------------------------------------
# Vivado v2018.1 (64-bit)
# SW Build 2188600 on Wed Apr  4 18:40:38 MDT 2018
# IP Build 2185939 on Wed Apr  4 20:55:05 MDT 2018
# Start of session at: Mon Mar  9 15:04:41 2020
# Process ID: 4532
# Current directory: C:/ECE532/ECE532_Group5/bluetooth_nddr
# Command line: vivado.exe -gui_launcher_event rodinguilauncherevent5324 C:\ECE532\ECE532_Group5\bluetooth_nddr\bluetooth.xpr
# Log file: C:/ECE532/ECE532_Group5/bluetooth_nddr/vivado.log
# Journal file: C:/ECE532/ECE532_Group5/bluetooth_nddr\vivado.jou
#-----------------------------------------------------------
start_gui
open_project C:/ECE532/ECE532_Group5/bluetooth_nddr/bluetooth.xpr
Scanning sources...
Finished scanning sources
INFO: [IP_Flow 19-234] Refreshing IP repositories
INFO: [IP_Flow 19-1700] Loaded user IP repository 'c:/ECE532/diligent_library/vivado-library'.
INFO: [IP_Flow 19-1700] Loaded user IP repository 'c:/ECE532/ECE532_Group5/IP'.
INFO: [IP_Flow 19-2313] Loaded Vivado IP repository 'C:/Xilinx/Vivado/2018.1/data/ip'.
open_project: Time (s): cpu = 00:00:22 ; elapsed = 00:00:15 . Memory (MB): peak = 992.938 ; gain = 231.137
update_compile_order -fileset sources_1
INFO: [Vivado 12-4158] Exported Hardware file is out of date. Exported hardware information may be inconsistent with respect to the current state of the design. It is recommended that you re-export the design and launch SDK otherwise SDK is launched with out of date hardware system file.
launch_sdk -workspace C:/ECE532/ECE532_Group5/bluetooth_nddr/bluetooth.sdk -hwspec C:/ECE532/ECE532_Group5/bluetooth_nddr/bluetooth.sdk/design_1_wrapper.hdf
INFO: [Vivado 12-393] Launching SDK...
INFO: [Vivado 12-417] Running xsdk -workspace C:/ECE532/ECE532_Group5/bluetooth_nddr/bluetooth.sdk -hwspec C:/ECE532/ECE532_Group5/bluetooth_nddr/bluetooth.sdk/design_1_wrapper.hdf
INFO: [Vivado 12-3157] SDK launch initiated. Please check console for any further messages.
open_hw
connect_hw_server
INFO: [Labtools 27-2285] Connecting to hw_server url TCP:localhost:3121
INFO: [Labtools 27-2222] Launching hw_server...
INFO: [Labtools 27-2221] Launch Output:

****** Xilinx hw_server v2018.1
  **** Build date : Apr  4 2018-19:32:53
    ** Copyright 1986-2018 Xilinx, Inc. All Rights Reserved.


