Copyright 1986-2018 Xilinx, Inc. All Rights Reserved.
------------------------------------------------------------------------------------
| Tool Version : Vivado v.2018.1 (win64) Build 2188600 Wed Apr  4 18:40:38 MDT 2018
| Date         : Sat Mar 14 23:25:14 2020
| Host         : SINCOL-PC running 64-bit major release  (build 9200)
| Command      : upgrade_ip
| Device       : xc7a100tcsg324-1
------------------------------------------------------------------------------------

Upgrade Log for IP 'design_1_finger_detection_0_0'

1. Summary
----------

SUCCESS in the upgrade of design_1_finger_detection_0_0 (xilinx.com:user:finger_detection:1.0) from (Rev. 26) to (Rev. 27)






Copyright 1986-2018 Xilinx, Inc. All Rights Reserved.
------------------------------------------------------------------------------------
| Tool Version : Vivado v.2018.1 (win64) Build 2188600 Wed Apr  4 18:40:38 MDT 2018
| Date         : Sat Mar 14 23:15:41 2020
| Host         : SINCOL-PC running 64-bit major release  (build 9200)
| Command      : upgrade_ip
| Device       : xc7a100tcsg324-1
------------------------------------------------------------------------------------

Upgrade Log for IP 'design_1_finger_detection_0_0'

1. Summary
----------

SUCCESS in the upgrade of design_1_finger_detection_0_0 (xilinx.com:user:finger_detection:1.0) from (Rev. 25) to (Rev. 26)






Copyright 1986-2018 Xilinx, Inc. All Rights Reserved.
------------------------------------------------------------------------------------
| Tool Version : Vivado v.2018.1 (win64) Build 2188600 Wed Apr  4 18:40:38 MDT 2018
| Date         : Sat Mar 14 23:07:43 2020
| Host         : SINCOL-PC running 64-bit major release  (build 9200)
| Command      : upgrade_ip
| Device       : xc7a100tcsg324-1
------------------------------------------------------------------------------------

Upgrade Log for IP 'design_1_finger_detection_0_0'

1. Summary
----------

CAUTION (success, with warnings) in the upgrade of design_1_finger_detection_0_0 (xilinx.com:user:finger_detection:1.0) from (Rev. 24) to (Rev. 25)

After upgrade, an IP may have parameter and port differences compared to the original customization. Please review the parameters within the IP customization GUI to ensure proper functionality. Also, please review the updated IP instantiation template to ensure proper connectivity, and update your design if required.

2. Connection Warnings
----------------------

Detected external port differences while upgrading 'design_1_finger_detection_0_0'. These changes may impact your design.


-Upgraded port 'detect' width 4 differs from original width 2







Copyright 1986-2018 Xilinx, Inc. All Rights Reserved.
------------------------------------------------------------------------------------
| Tool Version : Vivado v.2018.1 (win64) Build 2188600 Wed Apr  4 18:40:38 MDT 2018
| Date         : Sat Mar 14 22:59:23 2020
| Host         : SINCOL-PC running 64-bit major release  (build 9200)
| Command      : upgrade_ip
| Device       : xc7a100tcsg324-1
------------------------------------------------------------------------------------

Upgrade Log for IP 'design_1_finger_detection_0_0'

1. Summary
----------

SUCCESS in the upgrade of design_1_finger_detection_0_0 (xilinx.com:user:finger_detection:1.0) from (Rev. 23) to (Rev. 24)






Copyright 1986-2018 Xilinx, Inc. All Rights Reserved.
------------------------------------------------------------------------------------
| Tool Version : Vivado v.2018.1 (win64) Build 2188600 Wed Apr  4 18:40:38 MDT 2018
| Date         : Sat Mar 14 22:22:58 2020
| Host         : SINCOL-PC running 64-bit major release  (build 9200)
| Command      : upgrade_ip
| Device       : xc7a100tcsg324-1
------------------------------------------------------------------------------------

Upgrade Log for IP 'design_1_finger_detection_0_0'

1. Summary
----------

SUCCESS in the upgrade of design_1_finger_detection_0_0 (xilinx.com:user:finger_detection:1.0) from (Rev. 22) to (Rev. 23)






Copyright 1986-2018 Xilinx, Inc. All Rights Reserved.
------------------------------------------------------------------------------------
| Tool Version : Vivado v.2018.1 (win64) Build 2188600 Wed Apr  4 18:40:38 MDT 2018
| Date         : Sat Mar 14 22:01:45 2020
| Host         : SINCOL-PC running 64-bit major release  (build 9200)
| Command      : upgrade_ip
| Device       : xc7a100tcsg324-1
------------------------------------------------------------------------------------

Upgrade Log for IP 'design_1_finger_detection_0_0'

1. Summary
----------

SUCCESS in the upgrade of design_1_finger_detection_0_0 (xilinx.com:user:finger_detection:1.0) from (Rev. 21) to (Rev. 22)






Copyright 1986-2018 Xilinx, Inc. All Rights Reserved.
------------------------------------------------------------------------------------
| Tool Version : Vivado v.2018.1 (win64) Build 2188600 Wed Apr  4 18:40:38 MDT 2018
| Date         : Sat Mar 14 21:52:07 2020
| Host         : SINCOL-PC running 64-bit major release  (build 9200)
| Command      : upgrade_ip
| Device       : xc7a100tcsg324-1
------------------------------------------------------------------------------------

Upgrade Log for IP 'design_1_finger_detection_0_0'

1. Summary
----------

SUCCESS in the upgrade of design_1_finger_detection_0_0 (xilinx.com:user:finger_detection:1.0) from (Rev. 20) to (Rev. 21)






Copyright 1986-2018 Xilinx, Inc. All Rights Reserved.
------------------------------------------------------------------------------------
| Tool Version : Vivado v.2018.1 (win64) Build 2188600 Wed Apr  4 18:40:38 MDT 2018
| Date         : Sat Mar 14 21:40:39 2020
| Host         : SINCOL-PC running 64-bit major release  (build 9200)
| Command      : upgrade_ip
| Device       : xc7a100tcsg324-1
------------------------------------------------------------------------------------

Upgrade Log for IP 'design_1_finger_detection_0_0'

1. Summary
----------

SUCCESS in the upgrade of design_1_finger_detection_0_0 (xilinx.com:user:finger_detection:1.0) from (Rev. 19) to (Rev. 20)






Copyright 1986-2018 Xilinx, Inc. All Rights Reserved.
------------------------------------------------------------------------------------
| Tool Version : Vivado v.2018.1 (win64) Build 2188600 Wed Apr  4 18:40:38 MDT 2018
| Date         : Sat Mar 14 21:21:36 2020
| Host         : SINCOL-PC running 64-bit major release  (build 9200)
| Command      : upgrade_ip
| Device       : xc7a100tcsg324-1
------------------------------------------------------------------------------------

Upgrade Log for IP 'design_1_finger_detection_0_0'

1. Summary
----------

CAUTION (success, with warnings) in the upgrade of design_1_finger_detection_0_0 (xilinx.com:user:finger_detection:1.0) from (Rev. 18) to (Rev. 19)

After upgrade, an IP may have parameter and port differences compared to the original customization. Please review the parameters within the IP customization GUI to ensure proper functionality. Also, please review the updated IP instantiation template to ensure proper connectivity, and update your design if required.

2. Connection Warnings
----------------------

Detected external port differences while upgrading 'design_1_finger_detection_0_0'. These changes may impact your design.


-Upgraded port 'detect' width 2 differs from original width 11







Copyright 1986-2018 Xilinx, Inc. All Rights Reserved.
------------------------------------------------------------------------------------
| Tool Version : Vivado v.2018.1 (win64) Build 2188600 Wed Apr  4 18:40:38 MDT 2018
| Date         : Sat Mar 14 20:27:41 2020
| Host         : SINCOL-PC running 64-bit major release  (build 9200)
| Command      : upgrade_ip
| Device       : xc7a100tcsg324-1
------------------------------------------------------------------------------------

Upgrade Log for IP 'design_1_finger_detection_0_0'

1. Summary
----------

SUCCESS in the conversion of design_1_finger_detection_0_0 (xilinx.com:user:finger_detection:1.0 (Rev. 18)) to Vivado generation flows.






Copyright 1986-2018 Xilinx, Inc. All Rights Reserved.
------------------------------------------------------------------------------------
| Tool Version : Vivado v.2018.1 (win64) Build 2188600 Wed Apr  4 18:40:38 MDT 2018
| Date         : Mon Mar  9 12:52:05 2020
| Host         : DESKTOP-BBJD4E6 running 64-bit major release  (build 9200)
| Command      : upgrade_ip
| Device       : xc7a100tcsg324-1
------------------------------------------------------------------------------------

Upgrade Log for IP 'design_1_finger_detection_0_0'

1. Summary
----------

SUCCESS in the upgrade of design_1_finger_detection_0_0 (xilinx.com:user:finger_detection:1.0) from (Rev. 16) to (Rev. 18)






Copyright 1986-2018 Xilinx, Inc. All Rights Reserved.
------------------------------------------------------------------------------------
| Tool Version : Vivado v.2018.1 (win64) Build 2188600 Wed Apr  4 18:40:38 MDT 2018
| Date         : Mon Mar  9 12:11:56 2020
| Host         : DESKTOP-BBJD4E6 running 64-bit major release  (build 9200)
| Command      : upgrade_ip
| Device       : xc7a100tcsg324-1
------------------------------------------------------------------------------------

Upgrade Log for IP 'design_1_finger_detection_0_0'

1. Summary
----------

CAUTION (success, with warnings) in the upgrade of design_1_finger_detection_0_0 (xilinx.com:user:finger_detection:1.0) from (Rev. 15) to (Rev. 16)

After upgrade, an IP may have parameter and port differences compared to the original customization. Please review the parameters within the IP customization GUI to ensure proper functionality. Also, please review the updated IP instantiation template to ensure proper connectivity, and update your design if required.

2. Connection Warnings
----------------------

Detected external port differences while upgrading 'design_1_finger_detection_0_0'. These changes may impact your design.


-Upgraded port 'addr' in differs from original direction out







Copyright 1986-2018 Xilinx, Inc. All Rights Reserved.
------------------------------------------------------------------------------------
| Tool Version : Vivado v.2018.1 (win64) Build 2188600 Wed Apr  4 18:40:38 MDT 2018
| Date         : Mon Mar  9 01:10:14 2020
| Host         : DESKTOP-BBJD4E6 running 64-bit major release  (build 9200)
| Command      : upgrade_ip
| Device       : xc7a100tcsg324-1
------------------------------------------------------------------------------------

Upgrade Log for IP 'design_1_finger_detection_0_0'

1. Summary
----------

SUCCESS in the upgrade of design_1_finger_detection_0_0 (xilinx.com:user:finger_detection:1.0) from (Rev. 14) to (Rev. 15)






Copyright 1986-2018 Xilinx, Inc. All Rights Reserved.
------------------------------------------------------------------------------------
| Tool Version : Vivado v.2018.1 (win64) Build 2188600 Wed Apr  4 18:40:38 MDT 2018
| Date         : Mon Mar  9 00:50:52 2020
| Host         : DESKTOP-BBJD4E6 running 64-bit major release  (build 9200)
| Command      : upgrade_ip
| Device       : xc7a100tcsg324-1
------------------------------------------------------------------------------------

Upgrade Log for IP 'design_1_finger_detection_0_0'

1. Summary
----------

SUCCESS in the upgrade of design_1_finger_detection_0_0 (xilinx.com:user:finger_detection:1.0) from (Rev. 13) to (Rev. 14)






Copyright 1986-2018 Xilinx, Inc. All Rights Reserved.
------------------------------------------------------------------------------------
| Tool Version : Vivado v.2018.1 (win64) Build 2188600 Wed Apr  4 18:40:38 MDT 2018
| Date         : Mon Mar  9 00:45:34 2020
| Host         : DESKTOP-BBJD4E6 running 64-bit major release  (build 9200)
| Command      : upgrade_ip
| Device       : xc7a100tcsg324-1
------------------------------------------------------------------------------------

Upgrade Log for IP 'design_1_finger_detection_0_0'

1. Summary
----------

SUCCESS in the upgrade of design_1_finger_detection_0_0 (xilinx.com:user:finger_detection:1.0) from (Rev. 12) to (Rev. 13)






Copyright 1986-2018 Xilinx, Inc. All Rights Reserved.
------------------------------------------------------------------------------------
| Tool Version : Vivado v.2018.1 (win64) Build 2188600 Wed Apr  4 18:40:38 MDT 2018
| Date         : Mon Mar  9 00:29:33 2020
| Host         : DESKTOP-BBJD4E6 running 64-bit major release  (build 9200)
| Command      : upgrade_ip
| Device       : xc7a100tcsg324-1
------------------------------------------------------------------------------------

Upgrade Log for IP 'design_1_finger_detection_0_0'

1. Summary
----------

SUCCESS in the upgrade of design_1_finger_detection_0_0 (xilinx.com:user:finger_detection:1.0) from (Rev. 11) to (Rev. 12)






Copyright 1986-2018 Xilinx, Inc. All Rights Reserved.
------------------------------------------------------------------------------------
| Tool Version : Vivado v.2018.1 (win64) Build 2188600 Wed Apr  4 18:40:38 MDT 2018
| Date         : Mon Mar  9 00:11:11 2020
| Host         : DESKTOP-BBJD4E6 running 64-bit major release  (build 9200)
| Command      : upgrade_ip
| Device       : xc7a100tcsg324-1
------------------------------------------------------------------------------------

Upgrade Log for IP 'design_1_finger_detection_0_0'

1. Summary
----------

SUCCESS in the upgrade of design_1_finger_detection_0_0 (xilinx.com:user:finger_detection:1.0) from (Rev. 10) to (Rev. 11)






Copyright 1986-2018 Xilinx, Inc. All Rights Reserved.
------------------------------------------------------------------------------------
| Tool Version : Vivado v.2018.1 (win64) Build 2188600 Wed Apr  4 18:40:38 MDT 2018
| Date         : Sun Mar  8 23:01:22 2020
| Host         : DESKTOP-BBJD4E6 running 64-bit major release  (build 9200)
| Command      : upgrade_ip
| Device       : xc7a100tcsg324-1
------------------------------------------------------------------------------------

Upgrade Log for IP 'design_1_finger_detection_0_0'

1. Summary
----------

SUCCESS in the upgrade of design_1_finger_detection_0_0 (xilinx.com:user:finger_detection:1.0) from (Rev. 9) to (Rev. 10)






Copyright 1986-2018 Xilinx, Inc. All Rights Reserved.
------------------------------------------------------------------------------------
| Tool Version : Vivado v.2018.1 (win64) Build 2188600 Wed Apr  4 18:40:38 MDT 2018
| Date         : Sun Mar  8 16:20:11 2020
| Host         : SINCOL-PC running 64-bit major release  (build 9200)
| Command      : upgrade_ip
| Device       : xc7a100tcsg324-1
------------------------------------------------------------------------------------

Upgrade Log for IP 'design_1_finger_detection_0_0'

1. Summary
----------

SUCCESS in the upgrade of design_1_finger_detection_0_0 (xilinx.com:user:finger_detection:1.0) from (Rev. 7) to (Rev. 9)

