#-----------------------------------------------------------
# Vivado v2018.1 (64-bit)
# SW Build 2188600 on Wed Apr  4 18:40:38 MDT 2018
# IP Build 2185939 on Wed Apr  4 20:55:05 MDT 2018
# Start of session at: Tue Mar 10 21:52:29 2020
# Process ID: 15832
# Current directory: C:/ECE532/ECE532_Group5/camera_to_vga
# Command line: vivado.exe -gui_launcher_event rodinguilauncherevent6316 C:\ECE532\ECE532_Group5\camera_to_vga\camera_to_vga.xpr
# Log file: C:/ECE532/ECE532_Group5/camera_to_vga/vivado.log
# Journal file: C:/ECE532/ECE532_Group5/camera_to_vga\vivado.jou
#-----------------------------------------------------------
start_gui
open_project C:/ECE532/ECE532_Group5/camera_to_vga/camera_to_vga.xpr
Scanning sources...
Finished scanning sources
INFO: [IP_Flow 19-234] Refreshing IP repositories
INFO: [IP_Flow 19-1700] Loaded user IP repository 'c:/ECE532/ov7670'.
INFO: [IP_Flow 19-1700] Loaded user IP repository 'c:/ECE532/ECE532_Group5/IP'.
INFO: [IP_Flow 19-2313] Loaded Vivado IP repository 'C:/Xilinx/Vivado/2018.1/data/ip'.
CRITICAL WARNING: [IP_Flow 19-1663] Duplicate IP found for 'xilinx.com:user:ov7670_capture:1.0'. The one found in IP location 'c:/ECE532/ov7670/capture' will take precedence over the same IP in location c:/ECE532/ECE532_Group5/IP/capture
CRITICAL WARNING: [IP_Flow 19-1663] Duplicate IP found for 'xilinx.com:user:ov7670_controller:1.0'. The one found in IP location 'c:/ECE532/ov7670/controller' will take precedence over the same IP in location c:/ECE532/ECE532_Group5/IP/controller
CRITICAL WARNING: [IP_Flow 19-1663] Duplicate IP found for 'xilinx.com:user:debounce:1.0'. The one found in IP location 'c:/ECE532/ov7670/debounce' will take precedence over the same IP in location c:/ECE532/ECE532_Group5/IP/debounce
CRITICAL WARNING: [IP_Flow 19-1663] Duplicate IP found for 'xilinx.com:user:ov7670_vga:1.0'. The one found in IP location 'c:/ECE532/ov7670/vga' will take precedence over the same IP in location c:/ECE532/ECE532_Group5/IP/vga
open_project: Time (s): cpu = 00:00:16 ; elapsed = 00:00:17 . Memory (MB): peak = 856.285 ; gain = 156.246
update_compile_order -fileset sources_1
open_bd_design {C:/ECE532/ECE532_Group5/camera_to_vga/camera_to_vga.srcs/sources_1/bd/design_1/design_1.bd}
Adding cell -- xilinx.com:user:ov7670_capture:1.0 - ov7670_capture_0
Adding cell -- xilinx.com:user:ov7670_controller:1.0 - ov7670_controller_0
Adding cell -- xilinx.com:user:ov7670_vga:1.0 - ov7670_vga_0
Adding cell -- xilinx.com:ip:blk_mem_gen:8.4 - blk_mem_gen_0
Adding cell -- xilinx.com:user:debounce:1.0 - debounce_0
Adding cell -- xilinx.com:user:finger_detection:1.0 - finger_detection_0
Successfully read diagram <design_1> from BD file <C:/ECE532/ECE532_Group5/camera_to_vga/camera_to_vga.srcs/sources_1/bd/design_1/design_1.bd>
open_bd_design: Time (s): cpu = 00:00:09 ; elapsed = 00:00:10 . Memory (MB): peak = 965.988 ; gain = 90.375
exit
INFO: [Common 17-206] Exiting Vivado at Wed Mar 11 11:46:11 2020...
