
*** Running vivado
    with args -log design_1_wrapper.vds -m64 -product Vivado -mode batch -messageDb vivado.pb -notrace -source design_1_wrapper.tcl


****** Vivado v2018.1 (64-bit)
  **** SW Build 2188600 on Wed Apr  4 18:40:38 MDT 2018
  **** IP Build 2185939 on Wed Apr  4 20:55:05 MDT 2018
    ** Copyright 1986-2018 Xilinx, Inc. All Rights Reserved.

source design_1_wrapper.tcl -notrace
INFO: [IP_Flow 19-234] Refreshing IP repositories
INFO: [IP_Flow 19-1700] Loaded user IP repository 'd:/GitHub/ECE532_Group5/IP'.
INFO: [IP_Flow 19-2313] Loaded Vivado IP repository 'D:/Xilinx/Vivado/2018.1/data/ip'.
Command: synth_design -top design_1_wrapper -part xc7a100tcsg324-1
Starting synth_design
Attempting to get a license for feature 'Synthesis' and/or device 'xc7a100t'
INFO: [Common 17-349] Got license for feature 'Synthesis' and/or device 'xc7a100t'
INFO: Launching helper process for spawning children vivado processes
INFO: Helper process launched with PID 7712 
---------------------------------------------------------------------------------
Starting RTL Elaboration : Time (s): cpu = 00:00:06 ; elapsed = 00:00:06 . Memory (MB): peak = 465.766 ; gain = 100.801
---------------------------------------------------------------------------------
INFO: [Synth 8-6157] synthesizing module 'design_1_wrapper' [D:/GitHub/ECE532_Group5/camera_to_vga/camera_to_vga.srcs/sources_1/bd/design_1/hdl/design_1_wrapper.v:12]
INFO: [Synth 8-6157] synthesizing module 'design_1' [D:/GitHub/ECE532_Group5/camera_to_vga/camera_to_vga.srcs/sources_1/bd/design_1/synth/design_1.v:13]
INFO: [Synth 8-6157] synthesizing module 'design_1_blk_mem_gen_0_0' [D:/GitHub/ECE532_Group5/camera_to_vga/camera_to_vga.runs/synth_1/.Xil/Vivado-2440-SINCOL-PC/realtime/design_1_blk_mem_gen_0_0_stub.v:6]
INFO: [Synth 8-6155] done synthesizing module 'design_1_blk_mem_gen_0_0' (1#1) [D:/GitHub/ECE532_Group5/camera_to_vga/camera_to_vga.runs/synth_1/.Xil/Vivado-2440-SINCOL-PC/realtime/design_1_blk_mem_gen_0_0_stub.v:6]
INFO: [Synth 8-6157] synthesizing module 'design_1_clk_wiz_0_0' [D:/GitHub/ECE532_Group5/camera_to_vga/camera_to_vga.runs/synth_1/.Xil/Vivado-2440-SINCOL-PC/realtime/design_1_clk_wiz_0_0_stub.v:5]
INFO: [Synth 8-6155] done synthesizing module 'design_1_clk_wiz_0_0' (2#1) [D:/GitHub/ECE532_Group5/camera_to_vga/camera_to_vga.runs/synth_1/.Xil/Vivado-2440-SINCOL-PC/realtime/design_1_clk_wiz_0_0_stub.v:5]
WARNING: [Synth 8-350] instance 'clk_wiz_0' of module 'design_1_clk_wiz_0_0' requires 5 connections, but only 4 given [D:/GitHub/ECE532_Group5/camera_to_vga/camera_to_vga.srcs/sources_1/bd/design_1/synth/design_1.v:107]
INFO: [Synth 8-6157] synthesizing module 'design_1_debounce_0_0' [D:/GitHub/ECE532_Group5/camera_to_vga/camera_to_vga.runs/synth_1/.Xil/Vivado-2440-SINCOL-PC/realtime/design_1_debounce_0_0_stub.v:6]
INFO: [Synth 8-6155] done synthesizing module 'design_1_debounce_0_0' (3#1) [D:/GitHub/ECE532_Group5/camera_to_vga/camera_to_vga.runs/synth_1/.Xil/Vivado-2440-SINCOL-PC/realtime/design_1_debounce_0_0_stub.v:6]
INFO: [Synth 8-6157] synthesizing module 'design_1_finger_detection_0_0' [D:/GitHub/ECE532_Group5/camera_to_vga/camera_to_vga.runs/synth_1/.Xil/Vivado-2440-SINCOL-PC/realtime/design_1_finger_detection_0_0_stub.v:6]
INFO: [Synth 8-6155] done synthesizing module 'design_1_finger_detection_0_0' (4#1) [D:/GitHub/ECE532_Group5/camera_to_vga/camera_to_vga.runs/synth_1/.Xil/Vivado-2440-SINCOL-PC/realtime/design_1_finger_detection_0_0_stub.v:6]
INFO: [Synth 8-6157] synthesizing module 'design_1_ov7670_capture_0_0' [D:/GitHub/ECE532_Group5/camera_to_vga/camera_to_vga.runs/synth_1/.Xil/Vivado-2440-SINCOL-PC/realtime/design_1_ov7670_capture_0_0_stub.v:6]
INFO: [Synth 8-6155] done synthesizing module 'design_1_ov7670_capture_0_0' (5#1) [D:/GitHub/ECE532_Group5/camera_to_vga/camera_to_vga.runs/synth_1/.Xil/Vivado-2440-SINCOL-PC/realtime/design_1_ov7670_capture_0_0_stub.v:6]
INFO: [Synth 8-6157] synthesizing module 'design_1_ov7670_controller_0_0' [D:/GitHub/ECE532_Group5/camera_to_vga/camera_to_vga.runs/synth_1/.Xil/Vivado-2440-SINCOL-PC/realtime/design_1_ov7670_controller_0_0_stub.v:6]
INFO: [Synth 8-6155] done synthesizing module 'design_1_ov7670_controller_0_0' (6#1) [D:/GitHub/ECE532_Group5/camera_to_vga/camera_to_vga.runs/synth_1/.Xil/Vivado-2440-SINCOL-PC/realtime/design_1_ov7670_controller_0_0_stub.v:6]
INFO: [Synth 8-6157] synthesizing module 'design_1_ov7670_vga_0_0' [D:/GitHub/ECE532_Group5/camera_to_vga/camera_to_vga.runs/synth_1/.Xil/Vivado-2440-SINCOL-PC/realtime/design_1_ov7670_vga_0_0_stub.v:6]
INFO: [Synth 8-6155] done synthesizing module 'design_1_ov7670_vga_0_0' (7#1) [D:/GitHub/ECE532_Group5/camera_to_vga/camera_to_vga.runs/synth_1/.Xil/Vivado-2440-SINCOL-PC/realtime/design_1_ov7670_vga_0_0_stub.v:6]
INFO: [Synth 8-6071] Mark debug on the nets applies keep_hierarchy on instance 'ov7670_capture_0'. This will prevent further optimization [D:/GitHub/ECE532_Group5/camera_to_vga/camera_to_vga.srcs/sources_1/bd/design_1/synth/design_1.v:121]
INFO: [Synth 8-6071] Mark debug on the nets applies keep_hierarchy on instance 'ov7670_vga_0'. This will prevent further optimization [D:/GitHub/ECE532_Group5/camera_to_vga/camera_to_vga.srcs/sources_1/bd/design_1/synth/design_1.v:138]
INFO: [Synth 8-6071] Mark debug on the nets applies keep_hierarchy on instance 'finger_detection_0'. This will prevent further optimization [D:/GitHub/ECE532_Group5/camera_to_vga/camera_to_vga.srcs/sources_1/bd/design_1/synth/design_1.v:116]
INFO: [Synth 8-6071] Mark debug on the nets applies keep_hierarchy on instance 'blk_mem_gen_0'. This will prevent further optimization [D:/GitHub/ECE532_Group5/camera_to_vga/camera_to_vga.srcs/sources_1/bd/design_1/synth/design_1.v:99]
INFO: [Synth 8-6155] done synthesizing module 'design_1' (8#1) [D:/GitHub/ECE532_Group5/camera_to_vga/camera_to_vga.srcs/sources_1/bd/design_1/synth/design_1.v:13]
INFO: [Synth 8-6155] done synthesizing module 'design_1_wrapper' (9#1) [D:/GitHub/ECE532_Group5/camera_to_vga/camera_to_vga.srcs/sources_1/bd/design_1/hdl/design_1_wrapper.v:12]
---------------------------------------------------------------------------------
Finished RTL Elaboration : Time (s): cpu = 00:00:07 ; elapsed = 00:00:07 . Memory (MB): peak = 520.809 ; gain = 155.844
---------------------------------------------------------------------------------

Report Check Netlist: 
+------+------------------+-------+---------+-------+------------------+
|      |Item              |Errors |Warnings |Status |Description       |
+------+------------------+-------+---------+-------+------------------+
|1     |multi_driven_nets |      0|        0|Passed |Multi driven nets |
+------+------------------+-------+---------+-------+------------------+
---------------------------------------------------------------------------------
Start Handling Custom Attributes
---------------------------------------------------------------------------------
---------------------------------------------------------------------------------
Finished Handling Custom Attributes : Time (s): cpu = 00:00:07 ; elapsed = 00:00:07 . Memory (MB): peak = 520.809 ; gain = 155.844
---------------------------------------------------------------------------------
---------------------------------------------------------------------------------
Finished RTL Optimization Phase 1 : Time (s): cpu = 00:00:07 ; elapsed = 00:00:07 . Memory (MB): peak = 520.809 ; gain = 155.844
---------------------------------------------------------------------------------
INFO: [Device 21-403] Loading part xc7a100tcsg324-1
INFO: [Project 1-570] Preparing netlist for logic optimization

Processing XDC Constraints
Initializing timing engine
Parsing XDC File [d:/GitHub/ECE532_Group5/camera_to_vga/camera_to_vga.srcs/sources_1/bd/design_1/ip/design_1_ov7670_capture_0_0/design_1_ov7670_capture_0_0/design_1_ov7670_capture_0_0_in_context.xdc] for cell 'design_1_i/ov7670_capture_0'
Finished Parsing XDC File [d:/GitHub/ECE532_Group5/camera_to_vga/camera_to_vga.srcs/sources_1/bd/design_1/ip/design_1_ov7670_capture_0_0/design_1_ov7670_capture_0_0/design_1_ov7670_capture_0_0_in_context.xdc] for cell 'design_1_i/ov7670_capture_0'
Parsing XDC File [d:/GitHub/ECE532_Group5/camera_to_vga/camera_to_vga.srcs/sources_1/bd/design_1/ip/design_1_ov7670_controller_0_0/design_1_ov7670_controller_0_0/design_1_ov7670_controller_0_0_in_context.xdc] for cell 'design_1_i/ov7670_controller_0'
Finished Parsing XDC File [d:/GitHub/ECE532_Group5/camera_to_vga/camera_to_vga.srcs/sources_1/bd/design_1/ip/design_1_ov7670_controller_0_0/design_1_ov7670_controller_0_0/design_1_ov7670_controller_0_0_in_context.xdc] for cell 'design_1_i/ov7670_controller_0'
Parsing XDC File [d:/GitHub/ECE532_Group5/camera_to_vga/camera_to_vga.srcs/sources_1/bd/design_1/ip/design_1_ov7670_vga_0_0/design_1_ov7670_vga_0_0/design_1_ov7670_vga_0_0_in_context.xdc] for cell 'design_1_i/ov7670_vga_0'
Finished Parsing XDC File [d:/GitHub/ECE532_Group5/camera_to_vga/camera_to_vga.srcs/sources_1/bd/design_1/ip/design_1_ov7670_vga_0_0/design_1_ov7670_vga_0_0/design_1_ov7670_vga_0_0_in_context.xdc] for cell 'design_1_i/ov7670_vga_0'
Parsing XDC File [d:/GitHub/ECE532_Group5/camera_to_vga/camera_to_vga.srcs/sources_1/bd/design_1/ip/design_1_blk_mem_gen_0_0/design_1_blk_mem_gen_0_0/design_1_blk_mem_gen_0_0_in_context.xdc] for cell 'design_1_i/blk_mem_gen_0'
Finished Parsing XDC File [d:/GitHub/ECE532_Group5/camera_to_vga/camera_to_vga.srcs/sources_1/bd/design_1/ip/design_1_blk_mem_gen_0_0/design_1_blk_mem_gen_0_0/design_1_blk_mem_gen_0_0_in_context.xdc] for cell 'design_1_i/blk_mem_gen_0'
Parsing XDC File [d:/GitHub/ECE532_Group5/camera_to_vga/camera_to_vga.srcs/sources_1/bd/design_1/ip/design_1_debounce_0_0/design_1_debounce_0_0/design_1_debounce_0_0_in_context.xdc] for cell 'design_1_i/debounce_0'
Finished Parsing XDC File [d:/GitHub/ECE532_Group5/camera_to_vga/camera_to_vga.srcs/sources_1/bd/design_1/ip/design_1_debounce_0_0/design_1_debounce_0_0/design_1_debounce_0_0_in_context.xdc] for cell 'design_1_i/debounce_0'
Parsing XDC File [d:/GitHub/ECE532_Group5/camera_to_vga/camera_to_vga.srcs/sources_1/bd/design_1/ip/design_1_finger_detection_0_0/design_1_finger_detection_0_0/design_1_finger_detection_0_0_in_context.xdc] for cell 'design_1_i/finger_detection_0'
Finished Parsing XDC File [d:/GitHub/ECE532_Group5/camera_to_vga/camera_to_vga.srcs/sources_1/bd/design_1/ip/design_1_finger_detection_0_0/design_1_finger_detection_0_0/design_1_finger_detection_0_0_in_context.xdc] for cell 'design_1_i/finger_detection_0'
Parsing XDC File [d:/GitHub/ECE532_Group5/camera_to_vga/camera_to_vga.srcs/sources_1/bd/design_1/ip/design_1_clk_wiz_0_0/design_1_clk_wiz_0_0/design_1_clk_wiz_0_0_in_context.xdc] for cell 'design_1_i/clk_wiz_0'
Finished Parsing XDC File [d:/GitHub/ECE532_Group5/camera_to_vga/camera_to_vga.srcs/sources_1/bd/design_1/ip/design_1_clk_wiz_0_0/design_1_clk_wiz_0_0/design_1_clk_wiz_0_0_in_context.xdc] for cell 'design_1_i/clk_wiz_0'
Parsing XDC File [D:/GitHub/ECE532_Group5/camera_to_vga/camera_to_vga.srcs/constrs_1/new/constraints.xdc]
WARNING: [Vivado 12-507] No nets matched 'ov7670_pclk_IBUF'. [D:/GitHub/ECE532_Group5/camera_to_vga/camera_to_vga.srcs/constrs_1/new/constraints.xdc:76]
WARNING: [Vivado 12-584] No ports matched 'detect_0[4]'. [D:/GitHub/ECE532_Group5/camera_to_vga/camera_to_vga.srcs/constrs_1/new/constraints.xdc:83]
WARNING: [Vivado 12-584] No ports matched 'detect_0[5]'. [D:/GitHub/ECE532_Group5/camera_to_vga/camera_to_vga.srcs/constrs_1/new/constraints.xdc:84]
WARNING: [Vivado 12-584] No ports matched 'detect_0[6]'. [D:/GitHub/ECE532_Group5/camera_to_vga/camera_to_vga.srcs/constrs_1/new/constraints.xdc:85]
WARNING: [Vivado 12-584] No ports matched 'detect_0[7]'. [D:/GitHub/ECE532_Group5/camera_to_vga/camera_to_vga.srcs/constrs_1/new/constraints.xdc:86]
WARNING: [Vivado 12-584] No ports matched 'detect_0[8]'. [D:/GitHub/ECE532_Group5/camera_to_vga/camera_to_vga.srcs/constrs_1/new/constraints.xdc:87]
WARNING: [Vivado 12-584] No ports matched 'detect_0[9]'. [D:/GitHub/ECE532_Group5/camera_to_vga/camera_to_vga.srcs/constrs_1/new/constraints.xdc:88]
WARNING: [Vivado 12-584] No ports matched 'detect_0[10]'. [D:/GitHub/ECE532_Group5/camera_to_vga/camera_to_vga.srcs/constrs_1/new/constraints.xdc:89]
WARNING: [Vivado 12-507] No nets matched 'design_1_i/finger_detection_0_addr[0]'. [D:/GitHub/ECE532_Group5/camera_to_vga/camera_to_vga.srcs/constrs_1/new/constraints.xdc:95]
WARNING: [Vivado 12-507] No nets matched 'design_1_i/finger_detection_0_addr[2]'. [D:/GitHub/ECE532_Group5/camera_to_vga/camera_to_vga.srcs/constrs_1/new/constraints.xdc:96]
WARNING: [Vivado 12-507] No nets matched 'design_1_i/finger_detection_0_addr[9]'. [D:/GitHub/ECE532_Group5/camera_to_vga/camera_to_vga.srcs/constrs_1/new/constraints.xdc:97]
WARNING: [Vivado 12-507] No nets matched 'design_1_i/finger_detection_0_addr[15]'. [D:/GitHub/ECE532_Group5/camera_to_vga/camera_to_vga.srcs/constrs_1/new/constraints.xdc:98]
WARNING: [Vivado 12-507] No nets matched 'design_1_i/finger_detection_0_addr[10]'. [D:/GitHub/ECE532_Group5/camera_to_vga/camera_to_vga.srcs/constrs_1/new/constraints.xdc:99]
WARNING: [Vivado 12-507] No nets matched 'design_1_i/finger_detection_0_addr[11]'. [D:/GitHub/ECE532_Group5/camera_to_vga/camera_to_vga.srcs/constrs_1/new/constraints.xdc:100]
WARNING: [Vivado 12-507] No nets matched 'design_1_i/finger_detection_0_addr[17]'. [D:/GitHub/ECE532_Group5/camera_to_vga/camera_to_vga.srcs/constrs_1/new/constraints.xdc:101]
WARNING: [Vivado 12-507] No nets matched 'design_1_i/finger_detection_0_addr[3]'. [D:/GitHub/ECE532_Group5/camera_to_vga/camera_to_vga.srcs/constrs_1/new/constraints.xdc:102]
WARNING: [Vivado 12-507] No nets matched 'design_1_i/finger_detection_0_addr[4]'. [D:/GitHub/ECE532_Group5/camera_to_vga/camera_to_vga.srcs/constrs_1/new/constraints.xdc:103]
WARNING: [Vivado 12-507] No nets matched 'design_1_i/finger_detection_0_addr[6]'. [D:/GitHub/ECE532_Group5/camera_to_vga/camera_to_vga.srcs/constrs_1/new/constraints.xdc:104]
WARNING: [Vivado 12-507] No nets matched 'design_1_i/finger_detection_0_addr[7]'. [D:/GitHub/ECE532_Group5/camera_to_vga/camera_to_vga.srcs/constrs_1/new/constraints.xdc:105]
WARNING: [Vivado 12-507] No nets matched 'design_1_i/finger_detection_0_addr[8]'. [D:/GitHub/ECE532_Group5/camera_to_vga/camera_to_vga.srcs/constrs_1/new/constraints.xdc:106]
WARNING: [Vivado 12-507] No nets matched 'design_1_i/finger_detection_0_addr[12]'. [D:/GitHub/ECE532_Group5/camera_to_vga/camera_to_vga.srcs/constrs_1/new/constraints.xdc:107]
WARNING: [Vivado 12-507] No nets matched 'design_1_i/finger_detection_0_addr[13]'. [D:/GitHub/ECE532_Group5/camera_to_vga/camera_to_vga.srcs/constrs_1/new/constraints.xdc:108]
WARNING: [Vivado 12-507] No nets matched 'design_1_i/finger_detection_0_addr[16]'. [D:/GitHub/ECE532_Group5/camera_to_vga/camera_to_vga.srcs/constrs_1/new/constraints.xdc:109]
WARNING: [Vivado 12-507] No nets matched 'design_1_i/finger_detection_0_addr[1]'. [D:/GitHub/ECE532_Group5/camera_to_vga/camera_to_vga.srcs/constrs_1/new/constraints.xdc:110]
WARNING: [Vivado 12-507] No nets matched 'design_1_i/finger_detection_0_addr[5]'. [D:/GitHub/ECE532_Group5/camera_to_vga/camera_to_vga.srcs/constrs_1/new/constraints.xdc:111]
WARNING: [Vivado 12-507] No nets matched 'design_1_i/finger_detection_0_addr[14]'. [D:/GitHub/ECE532_Group5/camera_to_vga/camera_to_vga.srcs/constrs_1/new/constraints.xdc:112]
WARNING: [Vivado 12-507] No nets matched 'design_1_i/blk_mem_gen_1_doutb[1]'. [D:/GitHub/ECE532_Group5/camera_to_vga/camera_to_vga.srcs/constrs_1/new/constraints.xdc:113]
WARNING: [Vivado 12-507] No nets matched 'design_1_i/blk_mem_gen_1_doutb[3]'. [D:/GitHub/ECE532_Group5/camera_to_vga/camera_to_vga.srcs/constrs_1/new/constraints.xdc:114]
WARNING: [Vivado 12-507] No nets matched 'design_1_i/blk_mem_gen_1_doutb[4]'. [D:/GitHub/ECE532_Group5/camera_to_vga/camera_to_vga.srcs/constrs_1/new/constraints.xdc:115]
WARNING: [Vivado 12-507] No nets matched 'design_1_i/blk_mem_gen_1_doutb[7]'. [D:/GitHub/ECE532_Group5/camera_to_vga/camera_to_vga.srcs/constrs_1/new/constraints.xdc:116]
WARNING: [Vivado 12-507] No nets matched 'design_1_i/blk_mem_gen_1_doutb[0]'. [D:/GitHub/ECE532_Group5/camera_to_vga/camera_to_vga.srcs/constrs_1/new/constraints.xdc:117]
WARNING: [Vivado 12-507] No nets matched 'design_1_i/blk_mem_gen_1_doutb[2]'. [D:/GitHub/ECE532_Group5/camera_to_vga/camera_to_vga.srcs/constrs_1/new/constraints.xdc:118]
WARNING: [Vivado 12-507] No nets matched 'design_1_i/blk_mem_gen_1_doutb[5]'. [D:/GitHub/ECE532_Group5/camera_to_vga/camera_to_vga.srcs/constrs_1/new/constraints.xdc:119]
WARNING: [Vivado 12-507] No nets matched 'design_1_i/blk_mem_gen_1_doutb[6]'. [D:/GitHub/ECE532_Group5/camera_to_vga/camera_to_vga.srcs/constrs_1/new/constraints.xdc:120]
WARNING: [Vivado 12-507] No nets matched 'design_1_i/blk_mem_gen_1_doutb[8]'. [D:/GitHub/ECE532_Group5/camera_to_vga/camera_to_vga.srcs/constrs_1/new/constraints.xdc:121]
WARNING: [Vivado 12-507] No nets matched 'design_1_i/blk_mem_gen_1_doutb[9]'. [D:/GitHub/ECE532_Group5/camera_to_vga/camera_to_vga.srcs/constrs_1/new/constraints.xdc:122]
WARNING: [Vivado 12-507] No nets matched 'design_1_i/blk_mem_gen_1_doutb[10]'. [D:/GitHub/ECE532_Group5/camera_to_vga/camera_to_vga.srcs/constrs_1/new/constraints.xdc:123]
WARNING: [Vivado 12-507] No nets matched 'design_1_i/blk_mem_gen_1_doutb[11]'. [D:/GitHub/ECE532_Group5/camera_to_vga/camera_to_vga.srcs/constrs_1/new/constraints.xdc:124]
WARNING: [Vivado 12-507] No nets matched 'design_1_i/detect_0[4]'. [D:/GitHub/ECE532_Group5/camera_to_vga/camera_to_vga.srcs/constrs_1/new/constraints.xdc:171]
WARNING: [Vivado 12-507] No nets matched 'design_1_i/detect_0[9]'. [D:/GitHub/ECE532_Group5/camera_to_vga/camera_to_vga.srcs/constrs_1/new/constraints.xdc:172]
WARNING: [Vivado 12-507] No nets matched 'design_1_i/detect_0[5]'. [D:/GitHub/ECE532_Group5/camera_to_vga/camera_to_vga.srcs/constrs_1/new/constraints.xdc:174]
WARNING: [Vivado 12-507] No nets matched 'design_1_i/detect_0[6]'. [D:/GitHub/ECE532_Group5/camera_to_vga/camera_to_vga.srcs/constrs_1/new/constraints.xdc:175]
WARNING: [Vivado 12-507] No nets matched 'design_1_i/detect_0[7]'. [D:/GitHub/ECE532_Group5/camera_to_vga/camera_to_vga.srcs/constrs_1/new/constraints.xdc:176]
WARNING: [Vivado 12-507] No nets matched 'design_1_i/detect_0[8]'. [D:/GitHub/ECE532_Group5/camera_to_vga/camera_to_vga.srcs/constrs_1/new/constraints.xdc:177]
WARNING: [Vivado 12-507] No nets matched 'design_1_i/detect_0[10]'. [D:/GitHub/ECE532_Group5/camera_to_vga/camera_to_vga.srcs/constrs_1/new/constraints.xdc:178]
WARNING: [Vivado 12-507] No nets matched 'design_1_i/finger_detection_0/inst/not_white_reg[10]'. [D:/GitHub/ECE532_Group5/camera_to_vga/camera_to_vga.srcs/constrs_1/new/constraints.xdc:181]
WARNING: [Vivado 12-507] No nets matched 'design_1_i/finger_detection_0/inst/not_white_reg[11]'. [D:/GitHub/ECE532_Group5/camera_to_vga/camera_to_vga.srcs/constrs_1/new/constraints.xdc:182]
WARNING: [Vivado 12-507] No nets matched 'design_1_i/finger_detection_0/inst/not_white_reg[15]'. [D:/GitHub/ECE532_Group5/camera_to_vga/camera_to_vga.srcs/constrs_1/new/constraints.xdc:183]
WARNING: [Vivado 12-507] No nets matched 'design_1_i/finger_detection_0/inst/not_white_reg[16]'. [D:/GitHub/ECE532_Group5/camera_to_vga/camera_to_vga.srcs/constrs_1/new/constraints.xdc:184]
WARNING: [Vivado 12-507] No nets matched 'design_1_i/finger_detection_0/inst/not_white_reg[7]'. [D:/GitHub/ECE532_Group5/camera_to_vga/camera_to_vga.srcs/constrs_1/new/constraints.xdc:185]
WARNING: [Vivado 12-507] No nets matched 'design_1_i/finger_detection_0/inst/not_white_reg[8]'. [D:/GitHub/ECE532_Group5/camera_to_vga/camera_to_vga.srcs/constrs_1/new/constraints.xdc:186]
WARNING: [Vivado 12-507] No nets matched 'design_1_i/finger_detection_0/inst/not_white_reg[9]'. [D:/GitHub/ECE532_Group5/camera_to_vga/camera_to_vga.srcs/constrs_1/new/constraints.xdc:187]
WARNING: [Vivado 12-507] No nets matched 'design_1_i/finger_detection_0/inst/not_white_reg[12]'. [D:/GitHub/ECE532_Group5/camera_to_vga/camera_to_vga.srcs/constrs_1/new/constraints.xdc:188]
WARNING: [Vivado 12-507] No nets matched 'design_1_i/finger_detection_0/inst/not_white_reg[13]'. [D:/GitHub/ECE532_Group5/camera_to_vga/camera_to_vga.srcs/constrs_1/new/constraints.xdc:189]
WARNING: [Vivado 12-507] No nets matched 'design_1_i/finger_detection_0/inst/not_white_reg[14]'. [D:/GitHub/ECE532_Group5/camera_to_vga/camera_to_vga.srcs/constrs_1/new/constraints.xdc:190]
WARNING: [Vivado 12-507] No nets matched 'design_1_i/finger_detection_0/inst/not_white_reg[17]'. [D:/GitHub/ECE532_Group5/camera_to_vga/camera_to_vga.srcs/constrs_1/new/constraints.xdc:191]
WARNING: [Vivado 12-507] No nets matched 'design_1_i/finger_detection_0/inst/not_white_reg[1]'. [D:/GitHub/ECE532_Group5/camera_to_vga/camera_to_vga.srcs/constrs_1/new/constraints.xdc:210]
WARNING: [Vivado 12-507] No nets matched 'design_1_i/finger_detection_0/inst/not_white_reg[2]'. [D:/GitHub/ECE532_Group5/camera_to_vga/camera_to_vga.srcs/constrs_1/new/constraints.xdc:211]
WARNING: [Vivado 12-507] No nets matched 'design_1_i/finger_detection_0/inst/not_white_reg[0]'. [D:/GitHub/ECE532_Group5/camera_to_vga/camera_to_vga.srcs/constrs_1/new/constraints.xdc:212]
WARNING: [Vivado 12-507] No nets matched 'design_1_i/finger_detection_0/inst/not_white_reg[3]'. [D:/GitHub/ECE532_Group5/camera_to_vga/camera_to_vga.srcs/constrs_1/new/constraints.xdc:213]
WARNING: [Vivado 12-507] No nets matched 'design_1_i/finger_detection_0/inst/not_white_reg[6]'. [D:/GitHub/ECE532_Group5/camera_to_vga/camera_to_vga.srcs/constrs_1/new/constraints.xdc:214]
WARNING: [Vivado 12-507] No nets matched 'design_1_i/finger_detection_0/inst/not_white_reg[4]'. [D:/GitHub/ECE532_Group5/camera_to_vga/camera_to_vga.srcs/constrs_1/new/constraints.xdc:215]
WARNING: [Vivado 12-507] No nets matched 'design_1_i/finger_detection_0/inst/not_white_reg[5]'. [D:/GitHub/ECE532_Group5/camera_to_vga/camera_to_vga.srcs/constrs_1/new/constraints.xdc:216]
Finished Parsing XDC File [D:/GitHub/ECE532_Group5/camera_to_vga/camera_to_vga.srcs/constrs_1/new/constraints.xdc]
WARNING: [Project 1-498] One or more constraints failed evaluation while reading constraint file [D:/GitHub/ECE532_Group5/camera_to_vga/camera_to_vga.srcs/constrs_1/new/constraints.xdc] and the design contains unresolved black boxes. These constraints will be read post-synthesis (as long as their source constraint file is marked as used_in_implementation) and should be applied correctly then. You should review the constraints listed in the file [.Xil/design_1_wrapper_propImpl.xdc] and check the run log file to verify that these constraints were correctly applied.
INFO: [Project 1-236] Implementation specific constraints were found while reading constraint file [D:/GitHub/ECE532_Group5/camera_to_vga/camera_to_vga.srcs/constrs_1/new/constraints.xdc]. These constraints will be ignored for synthesis but will be used in implementation. Impacted constraints are listed in the file [.Xil/design_1_wrapper_propImpl.xdc].
Resolution: To avoid this warning, move constraints listed in [.Xil/design_1_wrapper_propImpl.xdc] to another XDC file and exclude this new file from synthesis with the used_in_synthesis property (File Properties dialog in GUI) and re-run elaboration/synthesis.
Parsing XDC File [D:/GitHub/ECE532_Group5/camera_to_vga/camera_to_vga.runs/synth_1/dont_touch.xdc]
Finished Parsing XDC File [D:/GitHub/ECE532_Group5/camera_to_vga/camera_to_vga.runs/synth_1/dont_touch.xdc]
Completed Processing XDC Constraints

INFO: [Project 1-111] Unisim Transformation Summary:
No Unisim elements were transformed.

Constraint Validation Runtime : Time (s): cpu = 00:00:00 ; elapsed = 00:00:00.011 . Memory (MB): peak = 814.383 ; gain = 0.000
---------------------------------------------------------------------------------
Finished Constraint Validation : Time (s): cpu = 00:00:20 ; elapsed = 00:00:22 . Memory (MB): peak = 814.383 ; gain = 449.418
---------------------------------------------------------------------------------
---------------------------------------------------------------------------------
Start Loading Part and Timing Information
---------------------------------------------------------------------------------
Loading part: xc7a100tcsg324-1
---------------------------------------------------------------------------------
Finished Loading Part and Timing Information : Time (s): cpu = 00:00:20 ; elapsed = 00:00:22 . Memory (MB): peak = 814.383 ; gain = 449.418
---------------------------------------------------------------------------------
---------------------------------------------------------------------------------
Start Applying 'set_property' XDC Constraints
---------------------------------------------------------------------------------
Applied set_property IO_BUFFER_TYPE = NONE for sys_clock. (constraint file  d:/GitHub/ECE532_Group5/camera_to_vga/camera_to_vga.srcs/sources_1/bd/design_1/ip/design_1_clk_wiz_0_0/design_1_clk_wiz_0_0/design_1_clk_wiz_0_0_in_context.xdc, line 4).
Applied set_property CLOCK_BUFFER_TYPE = NONE for sys_clock. (constraint file  d:/GitHub/ECE532_Group5/camera_to_vga/camera_to_vga.srcs/sources_1/bd/design_1/ip/design_1_clk_wiz_0_0/design_1_clk_wiz_0_0/design_1_clk_wiz_0_0_in_context.xdc, line 5).
Applied set_property DONT_TOUCH = true for design_1_i. (constraint file  auto generated constraint, line ).
Applied set_property DONT_TOUCH = true for design_1_i/ov7670_capture_0. (constraint file  auto generated constraint, line ).
Applied set_property DONT_TOUCH = true for design_1_i/ov7670_controller_0. (constraint file  auto generated constraint, line ).
Applied set_property DONT_TOUCH = true for design_1_i/ov7670_vga_0. (constraint file  auto generated constraint, line ).
Applied set_property DONT_TOUCH = true for design_1_i/blk_mem_gen_0. (constraint file  auto generated constraint, line ).
Applied set_property DONT_TOUCH = true for design_1_i/debounce_0. (constraint file  auto generated constraint, line ).
Applied set_property DONT_TOUCH = true for design_1_i/finger_detection_0. (constraint file  auto generated constraint, line ).
Applied set_property DONT_TOUCH = true for design_1_i/clk_wiz_0. (constraint file  auto generated constraint, line ).
---------------------------------------------------------------------------------
Finished applying 'set_property' XDC Constraints : Time (s): cpu = 00:00:20 ; elapsed = 00:00:22 . Memory (MB): peak = 814.383 ; gain = 449.418
---------------------------------------------------------------------------------
---------------------------------------------------------------------------------
Finished RTL Optimization Phase 2 : Time (s): cpu = 00:00:20 ; elapsed = 00:00:23 . Memory (MB): peak = 814.383 ; gain = 449.418
---------------------------------------------------------------------------------

Report RTL Partitions: 
+-+--------------+------------+----------+
| |RTL Partition |Replication |Instances |
+-+--------------+------------+----------+
+-+--------------+------------+----------+
---------------------------------------------------------------------------------
Start RTL Component Statistics 
---------------------------------------------------------------------------------
Detailed RTL Component Info : 
---------------------------------------------------------------------------------
Finished RTL Component Statistics 
---------------------------------------------------------------------------------
---------------------------------------------------------------------------------
Start RTL Hierarchical Component Statistics 
---------------------------------------------------------------------------------
Hierarchical RTL Component report 
---------------------------------------------------------------------------------
Finished RTL Hierarchical Component Statistics
---------------------------------------------------------------------------------
---------------------------------------------------------------------------------
Start Part Resource Summary
---------------------------------------------------------------------------------
Part Resources:
DSPs: 240 (col length:80)
BRAMs: 270 (col length: RAMB18 80 RAMB36 40)
---------------------------------------------------------------------------------
Finished Part Resource Summary
---------------------------------------------------------------------------------
---------------------------------------------------------------------------------
Start Cross Boundary and Area Optimization
---------------------------------------------------------------------------------
Warning: Parallel synthesis criteria is not met 
---------------------------------------------------------------------------------
Finished Cross Boundary and Area Optimization : Time (s): cpu = 00:00:21 ; elapsed = 00:00:23 . Memory (MB): peak = 814.383 ; gain = 449.418
---------------------------------------------------------------------------------

Report RTL Partitions: 
+-+--------------+------------+----------+
| |RTL Partition |Replication |Instances |
+-+--------------+------------+----------+
+-+--------------+------------+----------+
---------------------------------------------------------------------------------
Start Applying XDC Timing Constraints
---------------------------------------------------------------------------------
INFO: [Synth 8-5578] Moved timing constraint from pin 'design_1_i/clk_wiz_0/clk_25' to pin 'design_1_i/clk_wiz_0/bbstub_clk_25/O'
INFO: [Synth 8-5578] Moved timing constraint from pin 'design_1_i/clk_wiz_0/clk_50' to pin 'design_1_i/clk_wiz_0/bbstub_clk_50/O'
INFO: [Synth 8-5819] Moved 2 constraints on hierarchical pins to their respective driving/loading pins
---------------------------------------------------------------------------------
Finished Applying XDC Timing Constraints : Time (s): cpu = 00:00:30 ; elapsed = 00:00:34 . Memory (MB): peak = 846.398 ; gain = 481.434
---------------------------------------------------------------------------------
---------------------------------------------------------------------------------
Start Timing Optimization
---------------------------------------------------------------------------------
---------------------------------------------------------------------------------
Finished Timing Optimization : Time (s): cpu = 00:00:30 ; elapsed = 00:00:34 . Memory (MB): peak = 846.398 ; gain = 481.434
---------------------------------------------------------------------------------

Report RTL Partitions: 
+-+--------------+------------+----------+
| |RTL Partition |Replication |Instances |
+-+--------------+------------+----------+
+-+--------------+------------+----------+
---------------------------------------------------------------------------------
Start Technology Mapping
---------------------------------------------------------------------------------
---------------------------------------------------------------------------------
Finished Technology Mapping : Time (s): cpu = 00:00:30 ; elapsed = 00:00:34 . Memory (MB): peak = 846.398 ; gain = 481.434
---------------------------------------------------------------------------------

Report RTL Partitions: 
+-+--------------+------------+----------+
| |RTL Partition |Replication |Instances |
+-+--------------+------------+----------+
+-+--------------+------------+----------+
---------------------------------------------------------------------------------
Start IO Insertion
---------------------------------------------------------------------------------
---------------------------------------------------------------------------------
Start Flattening Before IO Insertion
---------------------------------------------------------------------------------
---------------------------------------------------------------------------------
Finished Flattening Before IO Insertion
---------------------------------------------------------------------------------
---------------------------------------------------------------------------------
Start Final Netlist Cleanup
---------------------------------------------------------------------------------
---------------------------------------------------------------------------------
Finished Final Netlist Cleanup
---------------------------------------------------------------------------------
---------------------------------------------------------------------------------
Finished IO Insertion : Time (s): cpu = 00:00:31 ; elapsed = 00:00:35 . Memory (MB): peak = 847.785 ; gain = 482.820
---------------------------------------------------------------------------------

Report Check Netlist: 
+------+------------------+-------+---------+-------+------------------+
|      |Item              |Errors |Warnings |Status |Description       |
+------+------------------+-------+---------+-------+------------------+
|1     |multi_driven_nets |      0|        0|Passed |Multi driven nets |
+------+------------------+-------+---------+-------+------------------+
---------------------------------------------------------------------------------
Start Renaming Generated Instances
---------------------------------------------------------------------------------
---------------------------------------------------------------------------------
Finished Renaming Generated Instances : Time (s): cpu = 00:00:31 ; elapsed = 00:00:35 . Memory (MB): peak = 847.785 ; gain = 482.820
---------------------------------------------------------------------------------

Report RTL Partitions: 
+-+--------------+------------+----------+
| |RTL Partition |Replication |Instances |
+-+--------------+------------+----------+
+-+--------------+------------+----------+
---------------------------------------------------------------------------------
Start Rebuilding User Hierarchy
---------------------------------------------------------------------------------
---------------------------------------------------------------------------------
Finished Rebuilding User Hierarchy : Time (s): cpu = 00:00:31 ; elapsed = 00:00:35 . Memory (MB): peak = 847.785 ; gain = 482.820
---------------------------------------------------------------------------------
---------------------------------------------------------------------------------
Start Renaming Generated Ports
---------------------------------------------------------------------------------
---------------------------------------------------------------------------------
Finished Renaming Generated Ports : Time (s): cpu = 00:00:31 ; elapsed = 00:00:35 . Memory (MB): peak = 847.785 ; gain = 482.820
---------------------------------------------------------------------------------
---------------------------------------------------------------------------------
Start Handling Custom Attributes
---------------------------------------------------------------------------------
---------------------------------------------------------------------------------
Finished Handling Custom Attributes : Time (s): cpu = 00:00:31 ; elapsed = 00:00:35 . Memory (MB): peak = 847.785 ; gain = 482.820
---------------------------------------------------------------------------------
---------------------------------------------------------------------------------
Start Renaming Generated Nets
---------------------------------------------------------------------------------
---------------------------------------------------------------------------------
Finished Renaming Generated Nets : Time (s): cpu = 00:00:31 ; elapsed = 00:00:35 . Memory (MB): peak = 847.785 ; gain = 482.820
---------------------------------------------------------------------------------
---------------------------------------------------------------------------------
Start Writing Synthesis Report
---------------------------------------------------------------------------------

Report BlackBoxes: 
+------+-------------------------------+----------+
|      |BlackBox name                  |Instances |
+------+-------------------------------+----------+
|1     |design_1_blk_mem_gen_0_0       |         1|
|2     |design_1_clk_wiz_0_0           |         1|
|3     |design_1_debounce_0_0          |         1|
|4     |design_1_finger_detection_0_0  |         1|
|5     |design_1_ov7670_capture_0_0    |         1|
|6     |design_1_ov7670_controller_0_0 |         1|
|7     |design_1_ov7670_vga_0_0        |         1|
+------+-------------------------------+----------+

Report Cell Usage: 
+------+-------------------------------+------+
|      |Cell                           |Count |
+------+-------------------------------+------+
|1     |design_1_blk_mem_gen_0_0       |     1|
|2     |design_1_clk_wiz_0_0           |     1|
|3     |design_1_debounce_0_0          |     1|
|4     |design_1_finger_detection_0_0  |     1|
|5     |design_1_ov7670_capture_0_0    |     1|
|6     |design_1_ov7670_controller_0_0 |     1|
|7     |design_1_ov7670_vga_0_0        |     1|
|8     |IBUF                           |    13|
|9     |OBUF                           |    27|
+------+-------------------------------+------+

Report Instance Areas: 
+------+-------------+---------+------+
|      |Instance     |Module   |Cells |
+------+-------------+---------+------+
|1     |top          |         |   132|
|2     |  design_1_i |design_1 |    92|
+------+-------------+---------+------+
---------------------------------------------------------------------------------
Finished Writing Synthesis Report : Time (s): cpu = 00:00:31 ; elapsed = 00:00:35 . Memory (MB): peak = 847.785 ; gain = 482.820
---------------------------------------------------------------------------------
Synthesis finished with 0 errors, 0 critical warnings and 0 warnings.
Synthesis Optimization Runtime : Time (s): cpu = 00:00:17 ; elapsed = 00:00:27 . Memory (MB): peak = 847.785 ; gain = 189.246
Synthesis Optimization Complete : Time (s): cpu = 00:00:31 ; elapsed = 00:00:35 . Memory (MB): peak = 847.785 ; gain = 482.820
INFO: [Project 1-571] Translating synthesized netlist
INFO: [Netlist 29-17] Analyzing 13 Unisim elements for replacement
INFO: [Netlist 29-28] Unisim Transformation completed in 0 CPU seconds
INFO: [Project 1-570] Preparing netlist for logic optimization
INFO: [Opt 31-138] Pushed 0 inverter(s) to 0 load pin(s).
INFO: [Project 1-111] Unisim Transformation Summary:
No Unisim elements were transformed.

INFO: [Common 17-83] Releasing license: Synthesis
40 Infos, 65 Warnings, 0 Critical Warnings and 0 Errors encountered.
synth_design completed successfully
synth_design: Time (s): cpu = 00:00:33 ; elapsed = 00:00:39 . Memory (MB): peak = 865.836 ; gain = 512.344
INFO: [Common 17-1381] The checkpoint 'D:/GitHub/ECE532_Group5/camera_to_vga/camera_to_vga.runs/synth_1/design_1_wrapper.dcp' has been generated.
INFO: [runtcl-4] Executing : report_utilization -file design_1_wrapper_utilization_synth.rpt -pb design_1_wrapper_utilization_synth.pb
report_utilization: Time (s): cpu = 00:00:00 ; elapsed = 00:00:00.036 . Memory (MB): peak = 865.836 ; gain = 0.000
INFO: [Common 17-206] Exiting Vivado at Sat Mar 14 23:27:17 2020...
