12:28:42 INFO  : Registering command handlers for SDK TCF services
12:28:43 INFO  : Launching XSCT server: xsct.bat -interactive C:\ECE532\ECE532_Group5\virtual_instruments\virtual_instruments.sdk\temp_xsdb_launch_script.tcl
12:28:45 INFO  : XSCT server has started successfully.
12:28:45 INFO  : Successfully done setting XSCT server connection channel  
12:28:46 INFO  : Successfully done setting SDK workspace  
12:28:46 INFO  : Processing command line option -hwspec C:/ECE532/ECE532_Group5/virtual_instruments/virtual_instruments.sdk/design_1_wrapper.hdf.
12:32:30 INFO  : 'targets -set -filter {jtag_cable_name =~ "Digilent Nexys4DDR 210292646209A" && level==0} -index 0' command is executed.
12:32:30 INFO  : 'fpga -state' command is executed.
12:32:30 INFO  : Connected to target on host '127.0.0.1' and port '3121'.
12:32:30 INFO  : Jtag cable 'Digilent Nexys4DDR 210292646209A' is selected.
12:32:30 INFO  : 'jtag frequency' command is executed.
12:32:30 INFO  : 'configparams mdm-detect-bscan-mask 2' command is executed.
12:32:30 INFO  : Context for processor 'microblaze_0' is selected.
12:32:30 INFO  : Processor reset is completed for 'microblaze_0'.
12:32:30 INFO  : Context for processor 'microblaze_0' is selected.
12:32:30 INFO  : The application 'C:/ECE532/ECE532_Group5/virtual_instruments/virtual_instruments.sdk/drumstick/Debug/drumstick.elf' is downloaded to processor 'microblaze_0'.
12:32:30 INFO  : ----------------XSDB Script----------------
connect -url tcp:127.0.0.1:3121
configparams mdm-detect-bscan-mask 2
targets -set -nocase -filter {name =~ "microblaze*#0" && bscan=="USER2"  && jtag_cable_name =~ "Digilent Nexys4DDR 210292646209A"} -index 0
rst -processor
targets -set -nocase -filter {name =~ "microblaze*#0" && bscan=="USER2"  && jtag_cable_name =~ "Digilent Nexys4DDR 210292646209A"} -index 0
dow C:/ECE532/ECE532_Group5/virtual_instruments/virtual_instruments.sdk/drumstick/Debug/drumstick.elf
----------------End of Script----------------

12:32:30 INFO  : Context for processor 'microblaze_0' is selected.
12:32:30 INFO  : 'con' command is executed.
12:32:30 INFO  : ----------------XSDB Script (After Launch)----------------
targets -set -nocase -filter {name =~ "microblaze*#0" && bscan=="USER2"  && jtag_cable_name =~ "Digilent Nexys4DDR 210292646209A"} -index 0
con
----------------End of Script----------------

12:32:30 INFO  : Disconnected from the channel tcfchan#1.
19:40:13 INFO  : Registering command handlers for SDK TCF services
19:40:14 INFO  : Launching XSCT server: xsct.bat -interactive C:\ECE532\ECE532_Group5\virtual_instruments\virtual_instruments.sdk\temp_xsdb_launch_script.tcl
19:40:16 INFO  : XSCT server has started successfully.
19:40:16 INFO  : Successfully done setting XSCT server connection channel  
19:40:16 INFO  : Processing command line option -hwspec C:/ECE532/ECE532_Group5/virtual_instruments/virtual_instruments.sdk/design_1_wrapper.hdf.
19:40:16 INFO  : Successfully done setting SDK workspace  
19:40:16 INFO  : Checking for hwspec changes in the project design_1_wrapper_hw_platform_0.
19:46:54 INFO  : Connected to target on host '127.0.0.1' and port '3121'.
19:47:02 INFO  : Connected to target on host '127.0.0.1' and port '3121'.
19:47:29 INFO  : Connected to target on host '127.0.0.1' and port '3121'.
19:47:29 INFO  : 'targets -set -filter {jtag_cable_name =~ "Digilent Nexys4DDR 210292646209A" && level==0} -index 0' command is executed.
19:47:31 INFO  : FPGA configured successfully with bitstream "C:/ECE532/ECE532_Group5/virtual_instruments/virtual_instruments.sdk/design_1_wrapper_hw_platform_0/download.bit"
19:48:02 INFO  : 'targets -set -filter {jtag_cable_name =~ "Digilent Nexys Video 210276723614B" && level==0} -index 0' command is executed.
19:48:02 INFO  : 'fpga -state' command is executed.
19:48:02 INFO  : Connected to target on host '127.0.0.1' and port '3121'.
19:48:02 WARN  : Part name present in the hardware specification 'xc7a100tcsg324-1' doesn't match the one present on the target 'xc7a200t'.
19:48:16 INFO  : ----------------XSDB Script----------------
connect -url tcp:127.0.0.1:3121
----------------End of Script----------------

19:48:38 INFO  : 'targets -set -filter {jtag_cable_name =~ "Digilent Nexys4DDR 210292646209A" && level==0} -index 0' command is executed.
19:48:38 INFO  : 'fpga -state' command is executed.
19:48:39 INFO  : Connected to target on host '127.0.0.1' and port '3121'.
19:48:39 INFO  : Jtag cable 'Digilent Nexys4DDR 210292646209A' is selected.
19:48:39 INFO  : 'jtag frequency' command is executed.
19:48:39 INFO  : 'configparams mdm-detect-bscan-mask 2' command is executed.
19:48:40 INFO  : Context for processor 'microblaze_0' is selected.
19:48:40 INFO  : Processor reset is completed for 'microblaze_0'.
19:48:40 INFO  : Context for processor 'microblaze_0' is selected.
19:48:40 INFO  : The application 'C:/ECE532/ECE532_Group5/virtual_instruments/virtual_instruments.sdk/drumstick/Debug/drumstick.elf' is downloaded to processor 'microblaze_0'.
19:48:40 INFO  : ----------------XSDB Script----------------
connect -url tcp:127.0.0.1:3121
configparams mdm-detect-bscan-mask 2
targets -set -nocase -filter {name =~ "microblaze*#0" && bscan=="USER2"  && jtag_cable_name =~ "Digilent Nexys4DDR 210292646209A"} -index 0
rst -processor
targets -set -nocase -filter {name =~ "microblaze*#0" && bscan=="USER2"  && jtag_cable_name =~ "Digilent Nexys4DDR 210292646209A"} -index 0
dow C:/ECE532/ECE532_Group5/virtual_instruments/virtual_instruments.sdk/drumstick/Debug/drumstick.elf
----------------End of Script----------------

19:48:40 INFO  : Context for processor 'microblaze_0' is selected.
19:48:40 INFO  : 'con' command is executed.
19:48:40 INFO  : ----------------XSDB Script (After Launch)----------------
targets -set -nocase -filter {name =~ "microblaze*#0" && bscan=="USER2"  && jtag_cable_name =~ "Digilent Nexys4DDR 210292646209A"} -index 0
con
----------------End of Script----------------

19:48:40 INFO  : Disconnected from the channel tcfchan#1.
