19:36:58 INFO  : Registering command handlers for SDK TCF services
19:36:58 INFO  : Launching XSCT server: xsct.bat -interactive C:\ECE532\bluetooth_nddr\bluetooth.sdk\temp_xsdb_launch_script.tcl
19:37:00 INFO  : XSCT server has started successfully.
19:37:01 INFO  : Processing command line option -hwspec C:/ECE532/bluetooth_nddr/bluetooth.sdk/design_1_wrapper.hdf.
19:37:01 INFO  : Successfully done setting XSCT server connection channel  
19:37:01 INFO  : Successfully done setting SDK workspace  
19:38:17 INFO  : Connected to target on host '127.0.0.1' and port '3121'.
19:38:18 INFO  : 'targets -set -filter {jtag_cable_name =~ "Digilent Nexys4DDR 210292646023A" && level==0} -index 0' command is executed.
19:38:21 INFO  : FPGA configured successfully with bitstream "C:/ECE532/bluetooth_nddr/bluetooth.sdk/design_1_wrapper_hw_platform_0/download.bit"
19:38:45 INFO  : 'targets -set -filter {jtag_cable_name =~ "Digilent Nexys4DDR 210292646023A" && level==0} -index 0' command is executed.
19:38:45 INFO  : 'fpga -state' command is executed.
19:38:45 INFO  : Connected to target on host '127.0.0.1' and port '3121'.
19:38:45 INFO  : Jtag cable 'Digilent Nexys4DDR 210292646023A' is selected.
19:38:45 INFO  : 'jtag frequency' command is executed.
19:38:45 INFO  : 'configparams mdm-detect-bscan-mask 2' command is executed.
19:38:45 INFO  : Context for processor 'microblaze_0' is selected.
19:38:45 INFO  : Processor reset is completed for 'microblaze_0'.
19:38:45 INFO  : Context for processor 'microblaze_0' is selected.
19:38:45 INFO  : The application 'C:/ECE532/bluetooth_nddr/bluetooth.sdk/bt_main/Debug/bt_main.elf' is downloaded to processor 'microblaze_0'.
19:38:45 INFO  : ----------------XSDB Script----------------
connect -url tcp:127.0.0.1:3121
configparams mdm-detect-bscan-mask 2
targets -set -nocase -filter {name =~ "microblaze*#0" && bscan=="USER2"  && jtag_cable_name =~ "Digilent Nexys4DDR 210292646023A"} -index 0
rst -processor
targets -set -nocase -filter {name =~ "microblaze*#0" && bscan=="USER2"  && jtag_cable_name =~ "Digilent Nexys4DDR 210292646023A"} -index 0
dow C:/ECE532/bluetooth_nddr/bluetooth.sdk/bt_main/Debug/bt_main.elf
----------------End of Script----------------

19:38:45 INFO  : Context for processor 'microblaze_0' is selected.
19:38:46 INFO  : 'con' command is executed.
19:38:46 INFO  : ----------------XSDB Script (After Launch)----------------
targets -set -nocase -filter {name =~ "microblaze*#0" && bscan=="USER2"  && jtag_cable_name =~ "Digilent Nexys4DDR 210292646023A"} -index 0
con
----------------End of Script----------------

19:38:46 INFO  : Disconnected from the channel tcfchan#1.
19:43:50 INFO  : Connected to target on host '127.0.0.1' and port '3121'.
19:43:52 INFO  : 'targets -set -filter {jtag_cable_name =~ "Digilent Nexys Video 210276723614B" && level==0} -index 0' command is executed.
19:43:52 ERROR : bitstream is not compatible with the target
15:07:54 INFO  : Registering command handlers for SDK TCF services
15:07:54 INFO  : Launching XSCT server: xsct.bat -interactive C:\ECE532\ECE532_Group5\bluetooth_nddr\bluetooth.sdk\temp_xsdb_launch_script.tcl
15:07:56 INFO  : XSCT server has started successfully.
15:07:56 INFO  : Successfully done setting XSCT server connection channel  
15:07:57 INFO  : Processing command line option -hwspec C:/ECE532/ECE532_Group5/bluetooth_nddr/bluetooth.sdk/design_1_wrapper.hdf.
15:07:57 INFO  : Successfully done setting SDK workspace  
