Copyright 1986-2018 Xilinx, Inc. All Rights Reserved.
------------------------------------------------------------------------------------
| Tool Version : Vivado v.2018.1 (win64) Build 2188600 Wed Apr  4 18:40:38 MDT 2018
| Date         : Sun Mar 22 10:15:11 2020
| Host         : DESKTOP-BBJD4E6 running 64-bit major release  (build 9200)
| Command      : upgrade_ip
| Device       : xc7a100tcsg324-1
------------------------------------------------------------------------------------

Upgrade Log for IP 'design_1_audio_core_0_0'

1. Summary
----------

CAUTION (success, with warnings) in the upgrade of design_1_audio_core_0_0 (xilinx.com:user:audio_core:1.0) from (Rev. 2) to (Rev. 3)

After upgrade, an IP may have parameter and port differences compared to the original customization. Please review the parameters within the IP customization GUI to ensure proper functionality. Also, please review the updated IP instantiation template to ensure proper connectivity, and update your design if required.

2. Connection Warnings
----------------------

Detected external port differences while upgrading 'design_1_audio_core_0_0'. These changes may impact your design.


-Upgrade has removed port 'note_c6'

-Upgrade has removed port 'note_d6'

-Upgrade has removed port 'note_e6'

-Upgrade has removed port 'note_f6'

-Upgrade has added port 'note_c4'

-Upgrade has added port 'note_d4'

-Upgrade has added port 'note_e4'

-Upgrade has added port 'note_f4'







Copyright 1986-2018 Xilinx, Inc. All Rights Reserved.
------------------------------------------------------------------------------------
| Tool Version : Vivado v.2018.1 (win64) Build 2188600 Wed Apr  4 18:40:38 MDT 2018
| Date         : Sat Mar 21 14:35:17 2020
| Host         : DESKTOP-BBJD4E6 running 64-bit major release  (build 9200)
| Command      : upgrade_ip
| Device       : xc7a100tcsg324-1
------------------------------------------------------------------------------------

Upgrade Log for IP 'design_1_finger_detection_0_0'

1. Summary
----------

CAUTION (success, with warnings) in the upgrade of design_1_finger_detection_0_0 (xilinx.com:user:finger_detection:1.0) from (Rev. 27) to (Rev. 28)

After upgrade, an IP may have parameter and port differences compared to the original customization. Please review the parameters within the IP customization GUI to ensure proper functionality. Also, please review the updated IP instantiation template to ensure proper connectivity, and update your design if required.

2. Connection Warnings
----------------------

Detected external port differences while upgrading 'design_1_finger_detection_0_0'. These changes may impact your design.


-Upgrade has removed port 'detect'

-Upgrade has added port 'c'

-Upgrade has added port 'd'

-Upgrade has added port 'e'

-Upgrade has added port 'f'


