
*** Running vivado
    with args -log design_1_wrapper.vds -m64 -product Vivado -mode batch -messageDb vivado.pb -notrace -source design_1_wrapper.tcl


****** Vivado v2018.1 (64-bit)
  **** SW Build 2188600 on Wed Apr  4 18:40:38 MDT 2018
  **** IP Build 2185939 on Wed Apr  4 20:55:05 MDT 2018
    ** Copyright 1986-2018 Xilinx, Inc. All Rights Reserved.

source design_1_wrapper.tcl -notrace
INFO: [IP_Flow 19-234] Refreshing IP repositories
INFO: [IP_Flow 19-1700] Loaded user IP repository 'c:/ECE532/diligent_library/vivado-library'.
INFO: [IP_Flow 19-2313] Loaded Vivado IP repository 'C:/Xilinx/Vivado/2018.1/data/ip'.
add_files: Time (s): cpu = 00:00:08 ; elapsed = 00:00:10 . Memory (MB): peak = 414.473 ; gain = 95.094
Command: synth_design -top design_1_wrapper -part xc7a200tsbg484-1
Starting synth_design
Attempting to get a license for feature 'Synthesis' and/or device 'xc7a200t'
INFO: [Common 17-349] Got license for feature 'Synthesis' and/or device 'xc7a200t'
INFO: Launching helper process for spawning children vivado processes
INFO: Helper process launched with PID 18284 
---------------------------------------------------------------------------------
Starting RTL Elaboration : Time (s): cpu = 00:00:06 ; elapsed = 00:00:06 . Memory (MB): peak = 529.453 ; gain = 107.922
---------------------------------------------------------------------------------
INFO: [Synth 8-6157] synthesizing module 'design_1_wrapper' [C:/ECE532/bluetooth_nv/bluetooth.srcs/sources_1/bd/design_1/hdl/design_1_wrapper.v:12]
INFO: [Synth 8-6157] synthesizing module 'design_1' [C:/ECE532/bluetooth_nv/bluetooth.srcs/sources_1/bd/design_1/synth/design_1.v:13]
INFO: [Synth 8-6157] synthesizing module 'design_1_PmodBT2_0_0' [C:/ECE532/bluetooth_nv/bluetooth.runs/synth_1/.Xil/Vivado-796-DESKTOP-BBJD4E6/realtime/design_1_PmodBT2_0_0_stub.v:6]
INFO: [Synth 8-6155] done synthesizing module 'design_1_PmodBT2_0_0' (1#1) [C:/ECE532/bluetooth_nv/bluetooth.runs/synth_1/.Xil/Vivado-796-DESKTOP-BBJD4E6/realtime/design_1_PmodBT2_0_0_stub.v:6]
INFO: [Synth 8-6157] synthesizing module 'design_1_PmodNAV_0_0' [C:/ECE532/bluetooth_nv/bluetooth.runs/synth_1/.Xil/Vivado-796-DESKTOP-BBJD4E6/realtime/design_1_PmodNAV_0_0_stub.v:6]
INFO: [Synth 8-6155] done synthesizing module 'design_1_PmodNAV_0_0' (2#1) [C:/ECE532/bluetooth_nv/bluetooth.runs/synth_1/.Xil/Vivado-796-DESKTOP-BBJD4E6/realtime/design_1_PmodNAV_0_0_stub.v:6]
WARNING: [Synth 8-350] instance 'PmodNAV_0' of module 'design_1_PmodNAV_0_0' requires 63 connections, but only 61 given [C:/ECE532/bluetooth_nv/bluetooth.srcs/sources_1/bd/design_1/synth/design_1.v:618]
INFO: [Synth 8-6157] synthesizing module 'design_1_axi_bram_ctrl_0_0' [C:/ECE532/bluetooth_nv/bluetooth.runs/synth_1/.Xil/Vivado-796-DESKTOP-BBJD4E6/realtime/design_1_axi_bram_ctrl_0_0_stub.v:6]
INFO: [Synth 8-6155] done synthesizing module 'design_1_axi_bram_ctrl_0_0' (3#1) [C:/ECE532/bluetooth_nv/bluetooth.runs/synth_1/.Xil/Vivado-796-DESKTOP-BBJD4E6/realtime/design_1_axi_bram_ctrl_0_0_stub.v:6]
INFO: [Synth 8-6157] synthesizing module 'design_1_axi_bram_ctrl_0_bram_0' [C:/ECE532/bluetooth_nv/bluetooth.runs/synth_1/.Xil/Vivado-796-DESKTOP-BBJD4E6/realtime/design_1_axi_bram_ctrl_0_bram_0_stub.v:6]
INFO: [Synth 8-6155] done synthesizing module 'design_1_axi_bram_ctrl_0_bram_0' (4#1) [C:/ECE532/bluetooth_nv/bluetooth.runs/synth_1/.Xil/Vivado-796-DESKTOP-BBJD4E6/realtime/design_1_axi_bram_ctrl_0_bram_0_stub.v:6]
WARNING: [Synth 8-350] instance 'axi_bram_ctrl_0_bram' of module 'design_1_axi_bram_ctrl_0_bram_0' requires 16 connections, but only 14 given [C:/ECE532/bluetooth_nv/bluetooth.srcs/sources_1/bd/design_1/synth/design_1.v:730]
INFO: [Synth 8-6157] synthesizing module 'design_1_axi_gpio_0_0' [C:/ECE532/bluetooth_nv/bluetooth.runs/synth_1/.Xil/Vivado-796-DESKTOP-BBJD4E6/realtime/design_1_axi_gpio_0_0_stub.v:6]
INFO: [Synth 8-6155] done synthesizing module 'design_1_axi_gpio_0_0' (5#1) [C:/ECE532/bluetooth_nv/bluetooth.runs/synth_1/.Xil/Vivado-796-DESKTOP-BBJD4E6/realtime/design_1_axi_gpio_0_0_stub.v:6]
INFO: [Synth 8-6157] synthesizing module 'design_1_axi_gpio_1_0' [C:/ECE532/bluetooth_nv/bluetooth.runs/synth_1/.Xil/Vivado-796-DESKTOP-BBJD4E6/realtime/design_1_axi_gpio_1_0_stub.v:6]
INFO: [Synth 8-6155] done synthesizing module 'design_1_axi_gpio_1_0' (6#1) [C:/ECE532/bluetooth_nv/bluetooth.runs/synth_1/.Xil/Vivado-796-DESKTOP-BBJD4E6/realtime/design_1_axi_gpio_1_0_stub.v:6]
INFO: [Synth 8-6157] synthesizing module 'design_1_axi_uartlite_0_0' [C:/ECE532/bluetooth_nv/bluetooth.runs/synth_1/.Xil/Vivado-796-DESKTOP-BBJD4E6/realtime/design_1_axi_uartlite_0_0_stub.v:6]
INFO: [Synth 8-6155] done synthesizing module 'design_1_axi_uartlite_0_0' (7#1) [C:/ECE532/bluetooth_nv/bluetooth.runs/synth_1/.Xil/Vivado-796-DESKTOP-BBJD4E6/realtime/design_1_axi_uartlite_0_0_stub.v:6]
INFO: [Synth 8-6157] synthesizing module 'design_1_clk_wiz_1_0' [C:/ECE532/bluetooth_nv/bluetooth.runs/synth_1/.Xil/Vivado-796-DESKTOP-BBJD4E6/realtime/design_1_clk_wiz_1_0_stub.v:5]
INFO: [Synth 8-6155] done synthesizing module 'design_1_clk_wiz_1_0' (8#1) [C:/ECE532/bluetooth_nv/bluetooth.runs/synth_1/.Xil/Vivado-796-DESKTOP-BBJD4E6/realtime/design_1_clk_wiz_1_0_stub.v:5]
INFO: [Synth 8-6157] synthesizing module 'design_1_mdm_1_0' [C:/ECE532/bluetooth_nv/bluetooth.runs/synth_1/.Xil/Vivado-796-DESKTOP-BBJD4E6/realtime/design_1_mdm_1_0_stub.v:6]
INFO: [Synth 8-6155] done synthesizing module 'design_1_mdm_1_0' (9#1) [C:/ECE532/bluetooth_nv/bluetooth.runs/synth_1/.Xil/Vivado-796-DESKTOP-BBJD4E6/realtime/design_1_mdm_1_0_stub.v:6]
INFO: [Synth 8-6157] synthesizing module 'design_1_microblaze_0_0' [C:/ECE532/bluetooth_nv/bluetooth.runs/synth_1/.Xil/Vivado-796-DESKTOP-BBJD4E6/realtime/design_1_microblaze_0_0_stub.v:6]
INFO: [Synth 8-6155] done synthesizing module 'design_1_microblaze_0_0' (10#1) [C:/ECE532/bluetooth_nv/bluetooth.runs/synth_1/.Xil/Vivado-796-DESKTOP-BBJD4E6/realtime/design_1_microblaze_0_0_stub.v:6]
WARNING: [Synth 8-350] instance 'microblaze_0' of module 'design_1_microblaze_0_0' requires 145 connections, but only 138 given [C:/ECE532/bluetooth_nv/bluetooth.srcs/sources_1/bd/design_1/synth/design_1.v:829]
INFO: [Synth 8-6157] synthesizing module 'design_1_microblaze_0_axi_intc_0' [C:/ECE532/bluetooth_nv/bluetooth.runs/synth_1/.Xil/Vivado-796-DESKTOP-BBJD4E6/realtime/design_1_microblaze_0_axi_intc_0_stub.v:6]
INFO: [Synth 8-6155] done synthesizing module 'design_1_microblaze_0_axi_intc_0' (11#1) [C:/ECE532/bluetooth_nv/bluetooth.runs/synth_1/.Xil/Vivado-796-DESKTOP-BBJD4E6/realtime/design_1_microblaze_0_axi_intc_0_stub.v:6]
INFO: [Synth 8-6157] synthesizing module 'design_1_microblaze_0_axi_periph_0' [C:/ECE532/bluetooth_nv/bluetooth.srcs/sources_1/bd/design_1/synth/design_1.v:1329]
INFO: [Synth 8-6157] synthesizing module 'm00_couplers_imp_8RVYHO' [C:/ECE532/bluetooth_nv/bluetooth.srcs/sources_1/bd/design_1/synth/design_1.v:3798]
INFO: [Synth 8-6157] synthesizing module 'design_1_auto_pc_0' [C:/ECE532/bluetooth_nv/bluetooth.runs/synth_1/.Xil/Vivado-796-DESKTOP-BBJD4E6/realtime/design_1_auto_pc_0_stub.v:6]
INFO: [Synth 8-6155] done synthesizing module 'design_1_auto_pc_0' (12#1) [C:/ECE532/bluetooth_nv/bluetooth.runs/synth_1/.Xil/Vivado-796-DESKTOP-BBJD4E6/realtime/design_1_auto_pc_0_stub.v:6]
WARNING: [Synth 8-350] instance 'auto_pc' of module 'design_1_auto_pc_0' requires 56 connections, but only 54 given [C:/ECE532/bluetooth_nv/bluetooth.srcs/sources_1/bd/design_1/synth/design_1.v:4021]
INFO: [Synth 8-6155] done synthesizing module 'm00_couplers_imp_8RVYHO' (13#1) [C:/ECE532/bluetooth_nv/bluetooth.srcs/sources_1/bd/design_1/synth/design_1.v:3798]
INFO: [Synth 8-6157] synthesizing module 'm01_couplers_imp_1UTB3Y5' [C:/ECE532/bluetooth_nv/bluetooth.srcs/sources_1/bd/design_1/synth/design_1.v:4078]
INFO: [Synth 8-6157] synthesizing module 'design_1_auto_pc_1' [C:/ECE532/bluetooth_nv/bluetooth.runs/synth_1/.Xil/Vivado-796-DESKTOP-BBJD4E6/realtime/design_1_auto_pc_1_stub.v:6]
INFO: [Synth 8-6155] done synthesizing module 'design_1_auto_pc_1' (14#1) [C:/ECE532/bluetooth_nv/bluetooth.runs/synth_1/.Xil/Vivado-796-DESKTOP-BBJD4E6/realtime/design_1_auto_pc_1_stub.v:6]
WARNING: [Synth 8-350] instance 'auto_pc' of module 'design_1_auto_pc_1' requires 56 connections, but only 54 given [C:/ECE532/bluetooth_nv/bluetooth.srcs/sources_1/bd/design_1/synth/design_1.v:4301]
INFO: [Synth 8-6155] done synthesizing module 'm01_couplers_imp_1UTB3Y5' (15#1) [C:/ECE532/bluetooth_nv/bluetooth.srcs/sources_1/bd/design_1/synth/design_1.v:4078]
INFO: [Synth 8-6157] synthesizing module 'm02_couplers_imp_7ANRHB' [C:/ECE532/bluetooth_nv/bluetooth.srcs/sources_1/bd/design_1/synth/design_1.v:4358]
INFO: [Synth 8-6157] synthesizing module 'design_1_auto_pc_2' [C:/ECE532/bluetooth_nv/bluetooth.runs/synth_1/.Xil/Vivado-796-DESKTOP-BBJD4E6/realtime/design_1_auto_pc_2_stub.v:6]
INFO: [Synth 8-6155] done synthesizing module 'design_1_auto_pc_2' (16#1) [C:/ECE532/bluetooth_nv/bluetooth.runs/synth_1/.Xil/Vivado-796-DESKTOP-BBJD4E6/realtime/design_1_auto_pc_2_stub.v:6]
WARNING: [Synth 8-350] instance 'auto_pc' of module 'design_1_auto_pc_2' requires 56 connections, but only 54 given [C:/ECE532/bluetooth_nv/bluetooth.srcs/sources_1/bd/design_1/synth/design_1.v:4581]
INFO: [Synth 8-6155] done synthesizing module 'm02_couplers_imp_7ANRHB' (17#1) [C:/ECE532/bluetooth_nv/bluetooth.srcs/sources_1/bd/design_1/synth/design_1.v:4358]
INFO: [Synth 8-6157] synthesizing module 'm03_couplers_imp_1W07O72' [C:/ECE532/bluetooth_nv/bluetooth.srcs/sources_1/bd/design_1/synth/design_1.v:4638]
INFO: [Synth 8-6157] synthesizing module 'design_1_auto_pc_3' [C:/ECE532/bluetooth_nv/bluetooth.runs/synth_1/.Xil/Vivado-796-DESKTOP-BBJD4E6/realtime/design_1_auto_pc_3_stub.v:6]
INFO: [Synth 8-6155] done synthesizing module 'design_1_auto_pc_3' (18#1) [C:/ECE532/bluetooth_nv/bluetooth.runs/synth_1/.Xil/Vivado-796-DESKTOP-BBJD4E6/realtime/design_1_auto_pc_3_stub.v:6]
WARNING: [Synth 8-350] instance 'auto_pc' of module 'design_1_auto_pc_3' requires 56 connections, but only 54 given [C:/ECE532/bluetooth_nv/bluetooth.srcs/sources_1/bd/design_1/synth/design_1.v:4861]
INFO: [Synth 8-6155] done synthesizing module 'm03_couplers_imp_1W07O72' (19#1) [C:/ECE532/bluetooth_nv/bluetooth.srcs/sources_1/bd/design_1/synth/design_1.v:4638]
INFO: [Synth 8-6157] synthesizing module 'm04_couplers_imp_5LX7BU' [C:/ECE532/bluetooth_nv/bluetooth.srcs/sources_1/bd/design_1/synth/design_1.v:4918]
INFO: [Synth 8-6157] synthesizing module 'design_1_auto_pc_4' [C:/ECE532/bluetooth_nv/bluetooth.runs/synth_1/.Xil/Vivado-796-DESKTOP-BBJD4E6/realtime/design_1_auto_pc_4_stub.v:6]
INFO: [Synth 8-6155] done synthesizing module 'design_1_auto_pc_4' (20#1) [C:/ECE532/bluetooth_nv/bluetooth.runs/synth_1/.Xil/Vivado-796-DESKTOP-BBJD4E6/realtime/design_1_auto_pc_4_stub.v:6]
WARNING: [Synth 8-350] instance 'auto_pc' of module 'design_1_auto_pc_4' requires 56 connections, but only 54 given [C:/ECE532/bluetooth_nv/bluetooth.srcs/sources_1/bd/design_1/synth/design_1.v:5141]
INFO: [Synth 8-6155] done synthesizing module 'm04_couplers_imp_5LX7BU' (21#1) [C:/ECE532/bluetooth_nv/bluetooth.srcs/sources_1/bd/design_1/synth/design_1.v:4918]
INFO: [Synth 8-6157] synthesizing module 'm05_couplers_imp_1XR4ZAZ' [C:/ECE532/bluetooth_nv/bluetooth.srcs/sources_1/bd/design_1/synth/design_1.v:5198]
INFO: [Synth 8-6157] synthesizing module 'design_1_auto_pc_5' [C:/ECE532/bluetooth_nv/bluetooth.runs/synth_1/.Xil/Vivado-796-DESKTOP-BBJD4E6/realtime/design_1_auto_pc_5_stub.v:6]
INFO: [Synth 8-6155] done synthesizing module 'design_1_auto_pc_5' (22#1) [C:/ECE532/bluetooth_nv/bluetooth.runs/synth_1/.Xil/Vivado-796-DESKTOP-BBJD4E6/realtime/design_1_auto_pc_5_stub.v:6]
WARNING: [Synth 8-350] instance 'auto_pc' of module 'design_1_auto_pc_5' requires 56 connections, but only 54 given [C:/ECE532/bluetooth_nv/bluetooth.srcs/sources_1/bd/design_1/synth/design_1.v:5421]
INFO: [Synth 8-6155] done synthesizing module 'm05_couplers_imp_1XR4ZAZ' (23#1) [C:/ECE532/bluetooth_nv/bluetooth.srcs/sources_1/bd/design_1/synth/design_1.v:5198]
INFO: [Synth 8-6157] synthesizing module 'm06_couplers_imp_4YOIXL' [C:/ECE532/bluetooth_nv/bluetooth.srcs/sources_1/bd/design_1/synth/design_1.v:5478]
INFO: [Synth 8-6157] synthesizing module 'design_1_auto_pc_6' [C:/ECE532/bluetooth_nv/bluetooth.runs/synth_1/.Xil/Vivado-796-DESKTOP-BBJD4E6/realtime/design_1_auto_pc_6_stub.v:6]
INFO: [Synth 8-6155] done synthesizing module 'design_1_auto_pc_6' (24#1) [C:/ECE532/bluetooth_nv/bluetooth.runs/synth_1/.Xil/Vivado-796-DESKTOP-BBJD4E6/realtime/design_1_auto_pc_6_stub.v:6]
WARNING: [Synth 8-350] instance 'auto_pc' of module 'design_1_auto_pc_6' requires 56 connections, but only 54 given [C:/ECE532/bluetooth_nv/bluetooth.srcs/sources_1/bd/design_1/synth/design_1.v:5701]
INFO: [Synth 8-6155] done synthesizing module 'm06_couplers_imp_4YOIXL' (25#1) [C:/ECE532/bluetooth_nv/bluetooth.srcs/sources_1/bd/design_1/synth/design_1.v:5478]
INFO: [Synth 8-6157] synthesizing module 'm07_couplers_imp_1YO2N20' [C:/ECE532/bluetooth_nv/bluetooth.srcs/sources_1/bd/design_1/synth/design_1.v:5758]
INFO: [Synth 8-6157] synthesizing module 'design_1_auto_pc_7' [C:/ECE532/bluetooth_nv/bluetooth.runs/synth_1/.Xil/Vivado-796-DESKTOP-BBJD4E6/realtime/design_1_auto_pc_7_stub.v:6]
INFO: [Synth 8-6155] done synthesizing module 'design_1_auto_pc_7' (26#1) [C:/ECE532/bluetooth_nv/bluetooth.runs/synth_1/.Xil/Vivado-796-DESKTOP-BBJD4E6/realtime/design_1_auto_pc_7_stub.v:6]
WARNING: [Synth 8-350] instance 'auto_pc' of module 'design_1_auto_pc_7' requires 56 connections, but only 54 given [C:/ECE532/bluetooth_nv/bluetooth.srcs/sources_1/bd/design_1/synth/design_1.v:5981]
INFO: [Synth 8-6155] done synthesizing module 'm07_couplers_imp_1YO2N20' (27#1) [C:/ECE532/bluetooth_nv/bluetooth.srcs/sources_1/bd/design_1/synth/design_1.v:5758]
INFO: [Synth 8-6157] synthesizing module 'm08_couplers_imp_2FYR80' [C:/ECE532/bluetooth_nv/bluetooth.srcs/sources_1/bd/design_1/synth/design_1.v:6038]
INFO: [Synth 8-6155] done synthesizing module 'm08_couplers_imp_2FYR80' (28#1) [C:/ECE532/bluetooth_nv/bluetooth.srcs/sources_1/bd/design_1/synth/design_1.v:6038]
INFO: [Synth 8-6157] synthesizing module 's00_couplers_imp_1RZP34U' [C:/ECE532/bluetooth_nv/bluetooth.srcs/sources_1/bd/design_1/synth/design_1.v:6502]
INFO: [Synth 8-6157] synthesizing module 'design_1_auto_pc_8' [C:/ECE532/bluetooth_nv/bluetooth.runs/synth_1/.Xil/Vivado-796-DESKTOP-BBJD4E6/realtime/design_1_auto_pc_8_stub.v:6]
INFO: [Synth 8-6155] done synthesizing module 'design_1_auto_pc_8' (29#1) [C:/ECE532/bluetooth_nv/bluetooth.runs/synth_1/.Xil/Vivado-796-DESKTOP-BBJD4E6/realtime/design_1_auto_pc_8_stub.v:6]
WARNING: [Synth 8-350] instance 'auto_pc' of module 'design_1_auto_pc_8' requires 56 connections, but only 54 given [C:/ECE532/bluetooth_nv/bluetooth.srcs/sources_1/bd/design_1/synth/design_1.v:6725]
INFO: [Synth 8-6155] done synthesizing module 's00_couplers_imp_1RZP34U' (30#1) [C:/ECE532/bluetooth_nv/bluetooth.srcs/sources_1/bd/design_1/synth/design_1.v:6502]
INFO: [Synth 8-6157] synthesizing module 's01_couplers_imp_2REGHR' [C:/ECE532/bluetooth_nv/bluetooth.srcs/sources_1/bd/design_1/synth/design_1.v:6782]
INFO: [Synth 8-6157] synthesizing module 'design_1_auto_pc_9' [C:/ECE532/bluetooth_nv/bluetooth.runs/synth_1/.Xil/Vivado-796-DESKTOP-BBJD4E6/realtime/design_1_auto_pc_9_stub.v:6]
INFO: [Synth 8-6155] done synthesizing module 'design_1_auto_pc_9' (31#1) [C:/ECE532/bluetooth_nv/bluetooth.runs/synth_1/.Xil/Vivado-796-DESKTOP-BBJD4E6/realtime/design_1_auto_pc_9_stub.v:6]
WARNING: [Synth 8-350] instance 'auto_pc' of module 'design_1_auto_pc_9' requires 26 connections, but only 25 given [C:/ECE532/bluetooth_nv/bluetooth.srcs/sources_1/bd/design_1/synth/design_1.v:6889]
INFO: [Synth 8-6155] done synthesizing module 's01_couplers_imp_2REGHR' (32#1) [C:/ECE532/bluetooth_nv/bluetooth.srcs/sources_1/bd/design_1/synth/design_1.v:6782]
INFO: [Synth 8-6157] synthesizing module 's02_couplers_imp_1R40M8T' [C:/ECE532/bluetooth_nv/bluetooth.srcs/sources_1/bd/design_1/synth/design_1.v:6917]
INFO: [Synth 8-6155] done synthesizing module 's02_couplers_imp_1R40M8T' (33#1) [C:/ECE532/bluetooth_nv/bluetooth.srcs/sources_1/bd/design_1/synth/design_1.v:6917]
INFO: [Synth 8-6157] synthesizing module 's03_couplers_imp_3DF69O' [C:/ECE532/bluetooth_nv/bluetooth.srcs/sources_1/bd/design_1/synth/design_1.v:7189]
INFO: [Synth 8-6155] done synthesizing module 's03_couplers_imp_3DF69O' (34#1) [C:/ECE532/bluetooth_nv/bluetooth.srcs/sources_1/bd/design_1/synth/design_1.v:7189]
INFO: [Synth 8-6157] synthesizing module 'design_1_xbar_0' [C:/ECE532/bluetooth_nv/bluetooth.runs/synth_1/.Xil/Vivado-796-DESKTOP-BBJD4E6/realtime/design_1_xbar_0_stub.v:6]
INFO: [Synth 8-6155] done synthesizing module 'design_1_xbar_0' (35#1) [C:/ECE532/bluetooth_nv/bluetooth.runs/synth_1/.Xil/Vivado-796-DESKTOP-BBJD4E6/realtime/design_1_xbar_0_stub.v:6]
WARNING: [Synth 8-689] width (32) of port connection 'm_axi_arqos' does not match port width (36) of module 'design_1_xbar_0' [C:/ECE532/bluetooth_nv/bluetooth.srcs/sources_1/bd/design_1/synth/design_1.v:3730]
WARNING: [Synth 8-689] width (32) of port connection 'm_axi_arregion' does not match port width (36) of module 'design_1_xbar_0' [C:/ECE532/bluetooth_nv/bluetooth.srcs/sources_1/bd/design_1/synth/design_1.v:3732]
WARNING: [Synth 8-689] width (32) of port connection 'm_axi_awqos' does not match port width (36) of module 'design_1_xbar_0' [C:/ECE532/bluetooth_nv/bluetooth.srcs/sources_1/bd/design_1/synth/design_1.v:3741]
WARNING: [Synth 8-689] width (32) of port connection 'm_axi_awregion' does not match port width (36) of module 'design_1_xbar_0' [C:/ECE532/bluetooth_nv/bluetooth.srcs/sources_1/bd/design_1/synth/design_1.v:3743]
INFO: [Synth 8-6155] done synthesizing module 'design_1_microblaze_0_axi_periph_0' (36#1) [C:/ECE532/bluetooth_nv/bluetooth.srcs/sources_1/bd/design_1/synth/design_1.v:1329]
INFO: [Synth 8-6157] synthesizing module 'microblaze_0_local_memory_imp_1K0VQXK' [C:/ECE532/bluetooth_nv/bluetooth.srcs/sources_1/bd/design_1/synth/design_1.v:6268]
INFO: [Synth 8-6157] synthesizing module 'design_1_dlmb_bram_if_cntlr_0' [C:/ECE532/bluetooth_nv/bluetooth.runs/synth_1/.Xil/Vivado-796-DESKTOP-BBJD4E6/realtime/design_1_dlmb_bram_if_cntlr_0_stub.v:6]
INFO: [Synth 8-6155] done synthesizing module 'design_1_dlmb_bram_if_cntlr_0' (37#1) [C:/ECE532/bluetooth_nv/bluetooth.runs/synth_1/.Xil/Vivado-796-DESKTOP-BBJD4E6/realtime/design_1_dlmb_bram_if_cntlr_0_stub.v:6]
INFO: [Synth 8-6157] synthesizing module 'design_1_dlmb_v10_0' [C:/ECE532/bluetooth_nv/bluetooth.runs/synth_1/.Xil/Vivado-796-DESKTOP-BBJD4E6/realtime/design_1_dlmb_v10_0_stub.v:6]
INFO: [Synth 8-6155] done synthesizing module 'design_1_dlmb_v10_0' (38#1) [C:/ECE532/bluetooth_nv/bluetooth.runs/synth_1/.Xil/Vivado-796-DESKTOP-BBJD4E6/realtime/design_1_dlmb_v10_0_stub.v:6]
WARNING: [Synth 8-350] instance 'dlmb_v10' of module 'design_1_dlmb_v10_0' requires 25 connections, but only 24 given [C:/ECE532/bluetooth_nv/bluetooth.srcs/sources_1/bd/design_1/synth/design_1.v:6414]
INFO: [Synth 8-6157] synthesizing module 'design_1_ilmb_bram_if_cntlr_0' [C:/ECE532/bluetooth_nv/bluetooth.runs/synth_1/.Xil/Vivado-796-DESKTOP-BBJD4E6/realtime/design_1_ilmb_bram_if_cntlr_0_stub.v:6]
INFO: [Synth 8-6155] done synthesizing module 'design_1_ilmb_bram_if_cntlr_0' (39#1) [C:/ECE532/bluetooth_nv/bluetooth.runs/synth_1/.Xil/Vivado-796-DESKTOP-BBJD4E6/realtime/design_1_ilmb_bram_if_cntlr_0_stub.v:6]
INFO: [Synth 8-6157] synthesizing module 'design_1_ilmb_v10_0' [C:/ECE532/bluetooth_nv/bluetooth.runs/synth_1/.Xil/Vivado-796-DESKTOP-BBJD4E6/realtime/design_1_ilmb_v10_0_stub.v:6]
INFO: [Synth 8-6155] done synthesizing module 'design_1_ilmb_v10_0' (40#1) [C:/ECE532/bluetooth_nv/bluetooth.runs/synth_1/.Xil/Vivado-796-DESKTOP-BBJD4E6/realtime/design_1_ilmb_v10_0_stub.v:6]
WARNING: [Synth 8-350] instance 'ilmb_v10' of module 'design_1_ilmb_v10_0' requires 25 connections, but only 24 given [C:/ECE532/bluetooth_nv/bluetooth.srcs/sources_1/bd/design_1/synth/design_1.v:6460]
INFO: [Synth 8-6157] synthesizing module 'design_1_lmb_bram_0' [C:/ECE532/bluetooth_nv/bluetooth.runs/synth_1/.Xil/Vivado-796-DESKTOP-BBJD4E6/realtime/design_1_lmb_bram_0_stub.v:6]
INFO: [Synth 8-6155] done synthesizing module 'design_1_lmb_bram_0' (41#1) [C:/ECE532/bluetooth_nv/bluetooth.runs/synth_1/.Xil/Vivado-796-DESKTOP-BBJD4E6/realtime/design_1_lmb_bram_0_stub.v:6]
WARNING: [Synth 8-350] instance 'lmb_bram' of module 'design_1_lmb_bram_0' requires 16 connections, but only 14 given [C:/ECE532/bluetooth_nv/bluetooth.srcs/sources_1/bd/design_1/synth/design_1.v:6485]
INFO: [Synth 8-6155] done synthesizing module 'microblaze_0_local_memory_imp_1K0VQXK' (42#1) [C:/ECE532/bluetooth_nv/bluetooth.srcs/sources_1/bd/design_1/synth/design_1.v:6268]
INFO: [Synth 8-6157] synthesizing module 'design_1_microblaze_0_xlconcat_0' [C:/ECE532/bluetooth_nv/bluetooth.runs/synth_1/.Xil/Vivado-796-DESKTOP-BBJD4E6/realtime/design_1_microblaze_0_xlconcat_0_stub.v:6]
INFO: [Synth 8-6155] done synthesizing module 'design_1_microblaze_0_xlconcat_0' (43#1) [C:/ECE532/bluetooth_nv/bluetooth.runs/synth_1/.Xil/Vivado-796-DESKTOP-BBJD4E6/realtime/design_1_microblaze_0_xlconcat_0_stub.v:6]
INFO: [Synth 8-6157] synthesizing module 'design_1_rst_clk_wiz_1_100M_0' [C:/ECE532/bluetooth_nv/bluetooth.runs/synth_1/.Xil/Vivado-796-DESKTOP-BBJD4E6/realtime/design_1_rst_clk_wiz_1_100M_0_stub.v:6]
INFO: [Synth 8-6155] done synthesizing module 'design_1_rst_clk_wiz_1_100M_0' (44#1) [C:/ECE532/bluetooth_nv/bluetooth.runs/synth_1/.Xil/Vivado-796-DESKTOP-BBJD4E6/realtime/design_1_rst_clk_wiz_1_100M_0_stub.v:6]
WARNING: [Synth 8-350] instance 'rst_clk_wiz_1_100M' of module 'design_1_rst_clk_wiz_1_100M_0' requires 10 connections, but only 9 given [C:/ECE532/bluetooth_nv/bluetooth.srcs/sources_1/bd/design_1/synth/design_1.v:1317]
INFO: [Synth 8-6155] done synthesizing module 'design_1' (45#1) [C:/ECE532/bluetooth_nv/bluetooth.srcs/sources_1/bd/design_1/synth/design_1.v:13]
INFO: [Synth 8-6157] synthesizing module 'IOBUF' [C:/Xilinx/Vivado/2018.1/scripts/rt/data/unisim_comp.v:22659]
	Parameter DRIVE bound to: 12 - type: integer 
	Parameter IBUF_LOW_PWR bound to: TRUE - type: string 
	Parameter IOSTANDARD bound to: DEFAULT - type: string 
	Parameter SLEW bound to: SLOW - type: string 
INFO: [Synth 8-6155] done synthesizing module 'IOBUF' (46#1) [C:/Xilinx/Vivado/2018.1/scripts/rt/data/unisim_comp.v:22659]
INFO: [Synth 8-6155] done synthesizing module 'design_1_wrapper' (47#1) [C:/ECE532/bluetooth_nv/bluetooth.srcs/sources_1/bd/design_1/hdl/design_1_wrapper.v:12]
WARNING: [Synth 8-3331] design s03_couplers_imp_3DF69O has unconnected port M_ACLK
WARNING: [Synth 8-3331] design s03_couplers_imp_3DF69O has unconnected port M_ARESETN
WARNING: [Synth 8-3331] design s03_couplers_imp_3DF69O has unconnected port S_ACLK
WARNING: [Synth 8-3331] design s03_couplers_imp_3DF69O has unconnected port S_ARESETN
WARNING: [Synth 8-3331] design s02_couplers_imp_1R40M8T has unconnected port M_ACLK
WARNING: [Synth 8-3331] design s02_couplers_imp_1R40M8T has unconnected port M_ARESETN
WARNING: [Synth 8-3331] design s02_couplers_imp_1R40M8T has unconnected port S_ACLK
WARNING: [Synth 8-3331] design s02_couplers_imp_1R40M8T has unconnected port S_ARESETN
WARNING: [Synth 8-3331] design s01_couplers_imp_2REGHR has unconnected port M_ACLK
WARNING: [Synth 8-3331] design s01_couplers_imp_2REGHR has unconnected port M_ARESETN
WARNING: [Synth 8-3331] design s00_couplers_imp_1RZP34U has unconnected port M_ACLK
WARNING: [Synth 8-3331] design s00_couplers_imp_1RZP34U has unconnected port M_ARESETN
WARNING: [Synth 8-3331] design m08_couplers_imp_2FYR80 has unconnected port M_ACLK
WARNING: [Synth 8-3331] design m08_couplers_imp_2FYR80 has unconnected port M_ARESETN
WARNING: [Synth 8-3331] design m08_couplers_imp_2FYR80 has unconnected port S_ACLK
WARNING: [Synth 8-3331] design m08_couplers_imp_2FYR80 has unconnected port S_ARESETN
WARNING: [Synth 8-3331] design m07_couplers_imp_1YO2N20 has unconnected port M_ACLK
WARNING: [Synth 8-3331] design m07_couplers_imp_1YO2N20 has unconnected port M_ARESETN
WARNING: [Synth 8-3331] design m07_couplers_imp_1YO2N20 has unconnected port S_AXI_araddr[31]
WARNING: [Synth 8-3331] design m07_couplers_imp_1YO2N20 has unconnected port S_AXI_araddr[30]
WARNING: [Synth 8-3331] design m07_couplers_imp_1YO2N20 has unconnected port S_AXI_araddr[29]
WARNING: [Synth 8-3331] design m07_couplers_imp_1YO2N20 has unconnected port S_AXI_araddr[28]
WARNING: [Synth 8-3331] design m07_couplers_imp_1YO2N20 has unconnected port S_AXI_araddr[27]
WARNING: [Synth 8-3331] design m07_couplers_imp_1YO2N20 has unconnected port S_AXI_araddr[26]
WARNING: [Synth 8-3331] design m07_couplers_imp_1YO2N20 has unconnected port S_AXI_araddr[25]
WARNING: [Synth 8-3331] design m07_couplers_imp_1YO2N20 has unconnected port S_AXI_araddr[24]
WARNING: [Synth 8-3331] design m07_couplers_imp_1YO2N20 has unconnected port S_AXI_araddr[23]
WARNING: [Synth 8-3331] design m07_couplers_imp_1YO2N20 has unconnected port S_AXI_araddr[22]
WARNING: [Synth 8-3331] design m07_couplers_imp_1YO2N20 has unconnected port S_AXI_araddr[21]
WARNING: [Synth 8-3331] design m07_couplers_imp_1YO2N20 has unconnected port S_AXI_araddr[20]
WARNING: [Synth 8-3331] design m07_couplers_imp_1YO2N20 has unconnected port S_AXI_araddr[19]
WARNING: [Synth 8-3331] design m07_couplers_imp_1YO2N20 has unconnected port S_AXI_araddr[18]
WARNING: [Synth 8-3331] design m07_couplers_imp_1YO2N20 has unconnected port S_AXI_araddr[17]
WARNING: [Synth 8-3331] design m07_couplers_imp_1YO2N20 has unconnected port S_AXI_araddr[16]
WARNING: [Synth 8-3331] design m07_couplers_imp_1YO2N20 has unconnected port S_AXI_awaddr[31]
WARNING: [Synth 8-3331] design m07_couplers_imp_1YO2N20 has unconnected port S_AXI_awaddr[30]
WARNING: [Synth 8-3331] design m07_couplers_imp_1YO2N20 has unconnected port S_AXI_awaddr[29]
WARNING: [Synth 8-3331] design m07_couplers_imp_1YO2N20 has unconnected port S_AXI_awaddr[28]
WARNING: [Synth 8-3331] design m07_couplers_imp_1YO2N20 has unconnected port S_AXI_awaddr[27]
WARNING: [Synth 8-3331] design m07_couplers_imp_1YO2N20 has unconnected port S_AXI_awaddr[26]
WARNING: [Synth 8-3331] design m07_couplers_imp_1YO2N20 has unconnected port S_AXI_awaddr[25]
WARNING: [Synth 8-3331] design m07_couplers_imp_1YO2N20 has unconnected port S_AXI_awaddr[24]
WARNING: [Synth 8-3331] design m07_couplers_imp_1YO2N20 has unconnected port S_AXI_awaddr[23]
WARNING: [Synth 8-3331] design m07_couplers_imp_1YO2N20 has unconnected port S_AXI_awaddr[22]
WARNING: [Synth 8-3331] design m07_couplers_imp_1YO2N20 has unconnected port S_AXI_awaddr[21]
WARNING: [Synth 8-3331] design m07_couplers_imp_1YO2N20 has unconnected port S_AXI_awaddr[20]
WARNING: [Synth 8-3331] design m07_couplers_imp_1YO2N20 has unconnected port S_AXI_awaddr[19]
WARNING: [Synth 8-3331] design m07_couplers_imp_1YO2N20 has unconnected port S_AXI_awaddr[18]
WARNING: [Synth 8-3331] design m07_couplers_imp_1YO2N20 has unconnected port S_AXI_awaddr[17]
WARNING: [Synth 8-3331] design m07_couplers_imp_1YO2N20 has unconnected port S_AXI_awaddr[16]
WARNING: [Synth 8-3331] design m06_couplers_imp_4YOIXL has unconnected port M_ACLK
WARNING: [Synth 8-3331] design m06_couplers_imp_4YOIXL has unconnected port M_ARESETN
WARNING: [Synth 8-3331] design m06_couplers_imp_4YOIXL has unconnected port S_AXI_araddr[31]
WARNING: [Synth 8-3331] design m06_couplers_imp_4YOIXL has unconnected port S_AXI_araddr[30]
WARNING: [Synth 8-3331] design m06_couplers_imp_4YOIXL has unconnected port S_AXI_araddr[29]
WARNING: [Synth 8-3331] design m06_couplers_imp_4YOIXL has unconnected port S_AXI_araddr[28]
WARNING: [Synth 8-3331] design m06_couplers_imp_4YOIXL has unconnected port S_AXI_araddr[27]
WARNING: [Synth 8-3331] design m06_couplers_imp_4YOIXL has unconnected port S_AXI_araddr[26]
WARNING: [Synth 8-3331] design m06_couplers_imp_4YOIXL has unconnected port S_AXI_araddr[25]
WARNING: [Synth 8-3331] design m06_couplers_imp_4YOIXL has unconnected port S_AXI_araddr[24]
WARNING: [Synth 8-3331] design m06_couplers_imp_4YOIXL has unconnected port S_AXI_araddr[23]
WARNING: [Synth 8-3331] design m06_couplers_imp_4YOIXL has unconnected port S_AXI_araddr[22]
WARNING: [Synth 8-3331] design m06_couplers_imp_4YOIXL has unconnected port S_AXI_araddr[21]
WARNING: [Synth 8-3331] design m06_couplers_imp_4YOIXL has unconnected port S_AXI_araddr[20]
WARNING: [Synth 8-3331] design m06_couplers_imp_4YOIXL has unconnected port S_AXI_araddr[19]
WARNING: [Synth 8-3331] design m06_couplers_imp_4YOIXL has unconnected port S_AXI_araddr[18]
WARNING: [Synth 8-3331] design m06_couplers_imp_4YOIXL has unconnected port S_AXI_araddr[17]
WARNING: [Synth 8-3331] design m06_couplers_imp_4YOIXL has unconnected port S_AXI_araddr[16]
WARNING: [Synth 8-3331] design m06_couplers_imp_4YOIXL has unconnected port S_AXI_awaddr[31]
WARNING: [Synth 8-3331] design m06_couplers_imp_4YOIXL has unconnected port S_AXI_awaddr[30]
WARNING: [Synth 8-3331] design m06_couplers_imp_4YOIXL has unconnected port S_AXI_awaddr[29]
WARNING: [Synth 8-3331] design m06_couplers_imp_4YOIXL has unconnected port S_AXI_awaddr[28]
WARNING: [Synth 8-3331] design m06_couplers_imp_4YOIXL has unconnected port S_AXI_awaddr[27]
WARNING: [Synth 8-3331] design m06_couplers_imp_4YOIXL has unconnected port S_AXI_awaddr[26]
WARNING: [Synth 8-3331] design m06_couplers_imp_4YOIXL has unconnected port S_AXI_awaddr[25]
WARNING: [Synth 8-3331] design m06_couplers_imp_4YOIXL has unconnected port S_AXI_awaddr[24]
WARNING: [Synth 8-3331] design m06_couplers_imp_4YOIXL has unconnected port S_AXI_awaddr[23]
WARNING: [Synth 8-3331] design m06_couplers_imp_4YOIXL has unconnected port S_AXI_awaddr[22]
WARNING: [Synth 8-3331] design m06_couplers_imp_4YOIXL has unconnected port S_AXI_awaddr[21]
WARNING: [Synth 8-3331] design m06_couplers_imp_4YOIXL has unconnected port S_AXI_awaddr[20]
WARNING: [Synth 8-3331] design m06_couplers_imp_4YOIXL has unconnected port S_AXI_awaddr[19]
WARNING: [Synth 8-3331] design m06_couplers_imp_4YOIXL has unconnected port S_AXI_awaddr[18]
WARNING: [Synth 8-3331] design m06_couplers_imp_4YOIXL has unconnected port S_AXI_awaddr[17]
WARNING: [Synth 8-3331] design m06_couplers_imp_4YOIXL has unconnected port S_AXI_awaddr[16]
WARNING: [Synth 8-3331] design m05_couplers_imp_1XR4ZAZ has unconnected port M_ACLK
WARNING: [Synth 8-3331] design m05_couplers_imp_1XR4ZAZ has unconnected port M_ARESETN
WARNING: [Synth 8-3331] design m04_couplers_imp_5LX7BU has unconnected port M_ACLK
WARNING: [Synth 8-3331] design m04_couplers_imp_5LX7BU has unconnected port M_ARESETN
WARNING: [Synth 8-3331] design m03_couplers_imp_1W07O72 has unconnected port M_ACLK
WARNING: [Synth 8-3331] design m03_couplers_imp_1W07O72 has unconnected port M_ARESETN
WARNING: [Synth 8-3331] design m02_couplers_imp_7ANRHB has unconnected port M_ACLK
WARNING: [Synth 8-3331] design m02_couplers_imp_7ANRHB has unconnected port M_ARESETN
WARNING: [Synth 8-3331] design m02_couplers_imp_7ANRHB has unconnected port S_AXI_araddr[31]
WARNING: [Synth 8-3331] design m02_couplers_imp_7ANRHB has unconnected port S_AXI_araddr[30]
WARNING: [Synth 8-3331] design m02_couplers_imp_7ANRHB has unconnected port S_AXI_araddr[29]
WARNING: [Synth 8-3331] design m02_couplers_imp_7ANRHB has unconnected port S_AXI_araddr[28]
WARNING: [Synth 8-3331] design m02_couplers_imp_7ANRHB has unconnected port S_AXI_araddr[27]
WARNING: [Synth 8-3331] design m02_couplers_imp_7ANRHB has unconnected port S_AXI_araddr[26]
WARNING: [Synth 8-3331] design m02_couplers_imp_7ANRHB has unconnected port S_AXI_araddr[25]
WARNING: [Synth 8-3331] design m02_couplers_imp_7ANRHB has unconnected port S_AXI_araddr[24]
INFO: [Common 17-14] Message 'Synth 8-3331' appears 100 times and further instances of the messages will be disabled. Use the Tcl command set_msg_config to change the current settings.
---------------------------------------------------------------------------------
Finished RTL Elaboration : Time (s): cpu = 00:00:08 ; elapsed = 00:00:08 . Memory (MB): peak = 587.203 ; gain = 165.672
---------------------------------------------------------------------------------

Report Check Netlist: 
+------+------------------+-------+---------+-------+------------------+
|      |Item              |Errors |Warnings |Status |Description       |
+------+------------------+-------+---------+-------+------------------+
|1     |multi_driven_nets |      0|        0|Passed |Multi driven nets |
+------+------------------+-------+---------+-------+------------------+
---------------------------------------------------------------------------------
Start Handling Custom Attributes
---------------------------------------------------------------------------------
---------------------------------------------------------------------------------
Finished Handling Custom Attributes : Time (s): cpu = 00:00:08 ; elapsed = 00:00:08 . Memory (MB): peak = 587.203 ; gain = 165.672
---------------------------------------------------------------------------------
---------------------------------------------------------------------------------
Finished RTL Optimization Phase 1 : Time (s): cpu = 00:00:08 ; elapsed = 00:00:08 . Memory (MB): peak = 587.203 ; gain = 165.672
---------------------------------------------------------------------------------
INFO: [Netlist 29-17] Analyzing 16 Unisim elements for replacement
INFO: [Netlist 29-28] Unisim Transformation completed in 0 CPU seconds
INFO: [Device 21-403] Loading part xc7a200tsbg484-1
INFO: [Project 1-570] Preparing netlist for logic optimization

Processing XDC Constraints
Initializing timing engine
Parsing XDC File [c:/ECE532/bluetooth_nv/bluetooth.srcs/sources_1/bd/design_1/ip/design_1_microblaze_0_0/design_1_microblaze_0_0/design_1_microblaze_0_0_in_context.xdc] for cell 'design_1_i/microblaze_0'
Finished Parsing XDC File [c:/ECE532/bluetooth_nv/bluetooth.srcs/sources_1/bd/design_1/ip/design_1_microblaze_0_0/design_1_microblaze_0_0/design_1_microblaze_0_0_in_context.xdc] for cell 'design_1_i/microblaze_0'
Parsing XDC File [c:/ECE532/bluetooth_nv/bluetooth.srcs/sources_1/bd/design_1/ip/design_1_microblaze_0_axi_intc_0/design_1_microblaze_0_axi_intc_0/design_1_microblaze_0_axi_intc_0_in_context.xdc] for cell 'design_1_i/microblaze_0_axi_intc'
Finished Parsing XDC File [c:/ECE532/bluetooth_nv/bluetooth.srcs/sources_1/bd/design_1/ip/design_1_microblaze_0_axi_intc_0/design_1_microblaze_0_axi_intc_0/design_1_microblaze_0_axi_intc_0_in_context.xdc] for cell 'design_1_i/microblaze_0_axi_intc'
Parsing XDC File [c:/ECE532/bluetooth_nv/bluetooth.srcs/sources_1/bd/design_1/ip/design_1_microblaze_0_xlconcat_0/design_1_microblaze_0_xlconcat_0/design_1_microblaze_0_xlconcat_0_in_context.xdc] for cell 'design_1_i/microblaze_0_xlconcat'
Finished Parsing XDC File [c:/ECE532/bluetooth_nv/bluetooth.srcs/sources_1/bd/design_1/ip/design_1_microblaze_0_xlconcat_0/design_1_microblaze_0_xlconcat_0/design_1_microblaze_0_xlconcat_0_in_context.xdc] for cell 'design_1_i/microblaze_0_xlconcat'
Parsing XDC File [c:/ECE532/bluetooth_nv/bluetooth.srcs/sources_1/bd/design_1/ip/design_1_mdm_1_0/design_1_mdm_1_0/design_1_mdm_1_0_in_context.xdc] for cell 'design_1_i/mdm_1'
Finished Parsing XDC File [c:/ECE532/bluetooth_nv/bluetooth.srcs/sources_1/bd/design_1/ip/design_1_mdm_1_0/design_1_mdm_1_0/design_1_mdm_1_0_in_context.xdc] for cell 'design_1_i/mdm_1'
Parsing XDC File [c:/ECE532/bluetooth_nv/bluetooth.srcs/sources_1/bd/design_1/ip/design_1_clk_wiz_1_0/design_1_clk_wiz_1_0/design_1_clk_wiz_1_0_in_context.xdc] for cell 'design_1_i/clk_wiz_1'
Finished Parsing XDC File [c:/ECE532/bluetooth_nv/bluetooth.srcs/sources_1/bd/design_1/ip/design_1_clk_wiz_1_0/design_1_clk_wiz_1_0/design_1_clk_wiz_1_0_in_context.xdc] for cell 'design_1_i/clk_wiz_1'
Parsing XDC File [c:/ECE532/bluetooth_nv/bluetooth.srcs/sources_1/bd/design_1/ip/design_1_rst_clk_wiz_1_100M_0/design_1_rst_clk_wiz_1_100M_0/design_1_rst_clk_wiz_1_100M_0_in_context.xdc] for cell 'design_1_i/rst_clk_wiz_1_100M'
Finished Parsing XDC File [c:/ECE532/bluetooth_nv/bluetooth.srcs/sources_1/bd/design_1/ip/design_1_rst_clk_wiz_1_100M_0/design_1_rst_clk_wiz_1_100M_0/design_1_rst_clk_wiz_1_100M_0_in_context.xdc] for cell 'design_1_i/rst_clk_wiz_1_100M'
Parsing XDC File [c:/ECE532/bluetooth_nv/bluetooth.srcs/sources_1/bd/design_1/ip/design_1_axi_uartlite_0_0/design_1_axi_uartlite_0_0/design_1_axi_uartlite_0_0_in_context.xdc] for cell 'design_1_i/axi_uartlite_0'
Finished Parsing XDC File [c:/ECE532/bluetooth_nv/bluetooth.srcs/sources_1/bd/design_1/ip/design_1_axi_uartlite_0_0/design_1_axi_uartlite_0_0/design_1_axi_uartlite_0_0_in_context.xdc] for cell 'design_1_i/axi_uartlite_0'
Parsing XDC File [c:/ECE532/bluetooth_nv/bluetooth.srcs/sources_1/bd/design_1/ip/design_1_PmodBT2_0_0/design_1_PmodBT2_0_0/design_1_PmodBT2_0_0_in_context.xdc] for cell 'design_1_i/PmodBT2_0'
Finished Parsing XDC File [c:/ECE532/bluetooth_nv/bluetooth.srcs/sources_1/bd/design_1/ip/design_1_PmodBT2_0_0/design_1_PmodBT2_0_0/design_1_PmodBT2_0_0_in_context.xdc] for cell 'design_1_i/PmodBT2_0'
Parsing XDC File [c:/ECE532/bluetooth_nv/bluetooth.srcs/sources_1/bd/design_1/ip/design_1_dlmb_v10_0/design_1_dlmb_v10_0/design_1_ilmb_v10_0_in_context.xdc] for cell 'design_1_i/microblaze_0_local_memory/dlmb_v10'
Finished Parsing XDC File [c:/ECE532/bluetooth_nv/bluetooth.srcs/sources_1/bd/design_1/ip/design_1_dlmb_v10_0/design_1_dlmb_v10_0/design_1_ilmb_v10_0_in_context.xdc] for cell 'design_1_i/microblaze_0_local_memory/dlmb_v10'
Parsing XDC File [c:/ECE532/bluetooth_nv/bluetooth.srcs/sources_1/bd/design_1/ip/design_1_ilmb_v10_0/design_1_ilmb_v10_0/design_1_ilmb_v10_0_in_context.xdc] for cell 'design_1_i/microblaze_0_local_memory/ilmb_v10'
Finished Parsing XDC File [c:/ECE532/bluetooth_nv/bluetooth.srcs/sources_1/bd/design_1/ip/design_1_ilmb_v10_0/design_1_ilmb_v10_0/design_1_ilmb_v10_0_in_context.xdc] for cell 'design_1_i/microblaze_0_local_memory/ilmb_v10'
Parsing XDC File [c:/ECE532/bluetooth_nv/bluetooth.srcs/sources_1/bd/design_1/ip/design_1_dlmb_bram_if_cntlr_0/design_1_dlmb_bram_if_cntlr_0/design_1_dlmb_bram_if_cntlr_0_in_context.xdc] for cell 'design_1_i/microblaze_0_local_memory/dlmb_bram_if_cntlr'
Finished Parsing XDC File [c:/ECE532/bluetooth_nv/bluetooth.srcs/sources_1/bd/design_1/ip/design_1_dlmb_bram_if_cntlr_0/design_1_dlmb_bram_if_cntlr_0/design_1_dlmb_bram_if_cntlr_0_in_context.xdc] for cell 'design_1_i/microblaze_0_local_memory/dlmb_bram_if_cntlr'
Parsing XDC File [c:/ECE532/bluetooth_nv/bluetooth.srcs/sources_1/bd/design_1/ip/design_1_ilmb_bram_if_cntlr_0/design_1_ilmb_bram_if_cntlr_0/design_1_dlmb_bram_if_cntlr_0_in_context.xdc] for cell 'design_1_i/microblaze_0_local_memory/ilmb_bram_if_cntlr'
Finished Parsing XDC File [c:/ECE532/bluetooth_nv/bluetooth.srcs/sources_1/bd/design_1/ip/design_1_ilmb_bram_if_cntlr_0/design_1_ilmb_bram_if_cntlr_0/design_1_dlmb_bram_if_cntlr_0_in_context.xdc] for cell 'design_1_i/microblaze_0_local_memory/ilmb_bram_if_cntlr'
Parsing XDC File [c:/ECE532/bluetooth_nv/bluetooth.srcs/sources_1/bd/design_1/ip/design_1_lmb_bram_0/design_1_lmb_bram_0/design_1_lmb_bram_0_in_context.xdc] for cell 'design_1_i/microblaze_0_local_memory/lmb_bram'
Finished Parsing XDC File [c:/ECE532/bluetooth_nv/bluetooth.srcs/sources_1/bd/design_1/ip/design_1_lmb_bram_0/design_1_lmb_bram_0/design_1_lmb_bram_0_in_context.xdc] for cell 'design_1_i/microblaze_0_local_memory/lmb_bram'
Parsing XDC File [c:/ECE532/bluetooth_nv/bluetooth.srcs/sources_1/bd/design_1/ip/design_1_axi_gpio_0_0/design_1_axi_gpio_0_0/design_1_axi_gpio_0_0_in_context.xdc] for cell 'design_1_i/axi_buttons'
Finished Parsing XDC File [c:/ECE532/bluetooth_nv/bluetooth.srcs/sources_1/bd/design_1/ip/design_1_axi_gpio_0_0/design_1_axi_gpio_0_0/design_1_axi_gpio_0_0_in_context.xdc] for cell 'design_1_i/axi_buttons'
Parsing XDC File [c:/ECE532/bluetooth_nv/bluetooth.srcs/sources_1/bd/design_1/ip/design_1_axi_gpio_1_0/design_1_axi_gpio_1_0/design_1_axi_gpio_1_0_in_context.xdc] for cell 'design_1_i/axi_leds'
Finished Parsing XDC File [c:/ECE532/bluetooth_nv/bluetooth.srcs/sources_1/bd/design_1/ip/design_1_axi_gpio_1_0/design_1_axi_gpio_1_0/design_1_axi_gpio_1_0_in_context.xdc] for cell 'design_1_i/axi_leds'
Parsing XDC File [c:/ECE532/bluetooth_nv/bluetooth.srcs/sources_1/bd/design_1/ip/design_1_PmodNAV_0_0/design_1_PmodNAV_0_0/design_1_PmodNAV_0_0_in_context.xdc] for cell 'design_1_i/PmodNAV_0'
Finished Parsing XDC File [c:/ECE532/bluetooth_nv/bluetooth.srcs/sources_1/bd/design_1/ip/design_1_PmodNAV_0_0/design_1_PmodNAV_0_0/design_1_PmodNAV_0_0_in_context.xdc] for cell 'design_1_i/PmodNAV_0'
Parsing XDC File [c:/ECE532/bluetooth_nv/bluetooth.srcs/sources_1/bd/design_1/ip/design_1_xbar_0/design_1_xbar_0/design_1_xbar_0_in_context.xdc] for cell 'design_1_i/microblaze_0_axi_periph/xbar'
Finished Parsing XDC File [c:/ECE532/bluetooth_nv/bluetooth.srcs/sources_1/bd/design_1/ip/design_1_xbar_0/design_1_xbar_0/design_1_xbar_0_in_context.xdc] for cell 'design_1_i/microblaze_0_axi_periph/xbar'
Parsing XDC File [c:/ECE532/bluetooth_nv/bluetooth.srcs/sources_1/bd/design_1/ip/design_1_axi_bram_ctrl_0_0/design_1_axi_bram_ctrl_0_0/design_1_axi_bram_ctrl_0_0_in_context.xdc] for cell 'design_1_i/axi_bram_ctrl_0'
Finished Parsing XDC File [c:/ECE532/bluetooth_nv/bluetooth.srcs/sources_1/bd/design_1/ip/design_1_axi_bram_ctrl_0_0/design_1_axi_bram_ctrl_0_0/design_1_axi_bram_ctrl_0_0_in_context.xdc] for cell 'design_1_i/axi_bram_ctrl_0'
Parsing XDC File [c:/ECE532/bluetooth_nv/bluetooth.srcs/sources_1/bd/design_1/ip/design_1_axi_bram_ctrl_0_bram_0/design_1_axi_bram_ctrl_0_bram_0/design_1_axi_bram_ctrl_0_bram_0_in_context.xdc] for cell 'design_1_i/axi_bram_ctrl_0_bram'
Finished Parsing XDC File [c:/ECE532/bluetooth_nv/bluetooth.srcs/sources_1/bd/design_1/ip/design_1_axi_bram_ctrl_0_bram_0/design_1_axi_bram_ctrl_0_bram_0/design_1_axi_bram_ctrl_0_bram_0_in_context.xdc] for cell 'design_1_i/axi_bram_ctrl_0_bram'
Parsing XDC File [c:/ECE532/bluetooth_nv/bluetooth.srcs/sources_1/bd/design_1/ip/design_1_auto_pc_7/design_1_auto_pc_7/design_1_auto_pc_6_in_context.xdc] for cell 'design_1_i/microblaze_0_axi_periph/m07_couplers/auto_pc'
Finished Parsing XDC File [c:/ECE532/bluetooth_nv/bluetooth.srcs/sources_1/bd/design_1/ip/design_1_auto_pc_7/design_1_auto_pc_7/design_1_auto_pc_6_in_context.xdc] for cell 'design_1_i/microblaze_0_axi_periph/m07_couplers/auto_pc'
Parsing XDC File [c:/ECE532/bluetooth_nv/bluetooth.srcs/sources_1/bd/design_1/ip/design_1_auto_pc_6/design_1_auto_pc_6/design_1_auto_pc_6_in_context.xdc] for cell 'design_1_i/microblaze_0_axi_periph/m06_couplers/auto_pc'
Finished Parsing XDC File [c:/ECE532/bluetooth_nv/bluetooth.srcs/sources_1/bd/design_1/ip/design_1_auto_pc_6/design_1_auto_pc_6/design_1_auto_pc_6_in_context.xdc] for cell 'design_1_i/microblaze_0_axi_periph/m06_couplers/auto_pc'
Parsing XDC File [c:/ECE532/bluetooth_nv/bluetooth.srcs/sources_1/bd/design_1/ip/design_1_auto_pc_5/design_1_auto_pc_5/design_1_auto_pc_0_in_context.xdc] for cell 'design_1_i/microblaze_0_axi_periph/m05_couplers/auto_pc'
Finished Parsing XDC File [c:/ECE532/bluetooth_nv/bluetooth.srcs/sources_1/bd/design_1/ip/design_1_auto_pc_5/design_1_auto_pc_5/design_1_auto_pc_0_in_context.xdc] for cell 'design_1_i/microblaze_0_axi_periph/m05_couplers/auto_pc'
Parsing XDC File [c:/ECE532/bluetooth_nv/bluetooth.srcs/sources_1/bd/design_1/ip/design_1_auto_pc_4/design_1_auto_pc_4/design_1_auto_pc_0_in_context.xdc] for cell 'design_1_i/microblaze_0_axi_periph/m04_couplers/auto_pc'
Finished Parsing XDC File [c:/ECE532/bluetooth_nv/bluetooth.srcs/sources_1/bd/design_1/ip/design_1_auto_pc_4/design_1_auto_pc_4/design_1_auto_pc_0_in_context.xdc] for cell 'design_1_i/microblaze_0_axi_periph/m04_couplers/auto_pc'
Parsing XDC File [c:/ECE532/bluetooth_nv/bluetooth.srcs/sources_1/bd/design_1/ip/design_1_auto_pc_3/design_1_auto_pc_3/design_1_auto_pc_0_in_context.xdc] for cell 'design_1_i/microblaze_0_axi_periph/m03_couplers/auto_pc'
Finished Parsing XDC File [c:/ECE532/bluetooth_nv/bluetooth.srcs/sources_1/bd/design_1/ip/design_1_auto_pc_3/design_1_auto_pc_3/design_1_auto_pc_0_in_context.xdc] for cell 'design_1_i/microblaze_0_axi_periph/m03_couplers/auto_pc'
Parsing XDC File [c:/ECE532/bluetooth_nv/bluetooth.srcs/sources_1/bd/design_1/ip/design_1_auto_pc_2/design_1_auto_pc_2/design_1_auto_pc_2_in_context.xdc] for cell 'design_1_i/microblaze_0_axi_periph/m02_couplers/auto_pc'
Finished Parsing XDC File [c:/ECE532/bluetooth_nv/bluetooth.srcs/sources_1/bd/design_1/ip/design_1_auto_pc_2/design_1_auto_pc_2/design_1_auto_pc_2_in_context.xdc] for cell 'design_1_i/microblaze_0_axi_periph/m02_couplers/auto_pc'
Parsing XDC File [c:/ECE532/bluetooth_nv/bluetooth.srcs/sources_1/bd/design_1/ip/design_1_auto_pc_1/design_1_auto_pc_1/design_1_auto_pc_0_in_context.xdc] for cell 'design_1_i/microblaze_0_axi_periph/m01_couplers/auto_pc'
Finished Parsing XDC File [c:/ECE532/bluetooth_nv/bluetooth.srcs/sources_1/bd/design_1/ip/design_1_auto_pc_1/design_1_auto_pc_1/design_1_auto_pc_0_in_context.xdc] for cell 'design_1_i/microblaze_0_axi_periph/m01_couplers/auto_pc'
Parsing XDC File [c:/ECE532/bluetooth_nv/bluetooth.srcs/sources_1/bd/design_1/ip/design_1_auto_pc_0/design_1_auto_pc_0/design_1_auto_pc_0_in_context.xdc] for cell 'design_1_i/microblaze_0_axi_periph/m00_couplers/auto_pc'
Finished Parsing XDC File [c:/ECE532/bluetooth_nv/bluetooth.srcs/sources_1/bd/design_1/ip/design_1_auto_pc_0/design_1_auto_pc_0/design_1_auto_pc_0_in_context.xdc] for cell 'design_1_i/microblaze_0_axi_periph/m00_couplers/auto_pc'
Parsing XDC File [c:/ECE532/bluetooth_nv/bluetooth.srcs/sources_1/bd/design_1/ip/design_1_auto_pc_9/design_1_auto_pc_9/design_1_auto_pc_9_in_context.xdc] for cell 'design_1_i/microblaze_0_axi_periph/s01_couplers/auto_pc'
Finished Parsing XDC File [c:/ECE532/bluetooth_nv/bluetooth.srcs/sources_1/bd/design_1/ip/design_1_auto_pc_9/design_1_auto_pc_9/design_1_auto_pc_9_in_context.xdc] for cell 'design_1_i/microblaze_0_axi_periph/s01_couplers/auto_pc'
Parsing XDC File [c:/ECE532/bluetooth_nv/bluetooth.srcs/sources_1/bd/design_1/ip/design_1_auto_pc_8/design_1_auto_pc_8/design_1_auto_pc_8_in_context.xdc] for cell 'design_1_i/microblaze_0_axi_periph/s00_couplers/auto_pc'
Finished Parsing XDC File [c:/ECE532/bluetooth_nv/bluetooth.srcs/sources_1/bd/design_1/ip/design_1_auto_pc_8/design_1_auto_pc_8/design_1_auto_pc_8_in_context.xdc] for cell 'design_1_i/microblaze_0_axi_periph/s00_couplers/auto_pc'
Parsing XDC File [C:/ECE532/bluetooth_nv/bluetooth.runs/synth_1/dont_touch.xdc]
Finished Parsing XDC File [C:/ECE532/bluetooth_nv/bluetooth.runs/synth_1/dont_touch.xdc]
Completed Processing XDC Constraints

INFO: [Project 1-111] Unisim Transformation Summary:
  A total of 16 instances were transformed.
  IOBUF => IOBUF (IBUF, OBUFT): 16 instances

Constraint Validation Runtime : Time (s): cpu = 00:00:01 ; elapsed = 00:00:00.027 . Memory (MB): peak = 959.027 ; gain = 0.004
WARNING: [Timing 38-316] Clock period '20.000' specified during out-of-context synthesis of instance 'design_1_i/axi_bram_ctrl_0_bram' at clock pin 'clka' is different from the actual clock period '10.000', this can lead to different synthesis results.
WARNING: [Timing 38-316] Clock period '20.000' specified during out-of-context synthesis of instance 'design_1_i/microblaze_0_local_memory/lmb_bram' at clock pin 'clka' is different from the actual clock period '10.000', this can lead to different synthesis results.
---------------------------------------------------------------------------------
Finished Constraint Validation : Time (s): cpu = 00:00:24 ; elapsed = 00:00:50 . Memory (MB): peak = 960.414 ; gain = 538.883
---------------------------------------------------------------------------------
---------------------------------------------------------------------------------
Start Loading Part and Timing Information
---------------------------------------------------------------------------------
Loading part: xc7a200tsbg484-1
---------------------------------------------------------------------------------
Finished Loading Part and Timing Information : Time (s): cpu = 00:00:24 ; elapsed = 00:00:50 . Memory (MB): peak = 960.414 ; gain = 538.883
---------------------------------------------------------------------------------
---------------------------------------------------------------------------------
Start Applying 'set_property' XDC Constraints
---------------------------------------------------------------------------------
Applied set_property IO_BUFFER_TYPE = NONE for sys_clock. (constraint file  c:/ECE532/bluetooth_nv/bluetooth.srcs/sources_1/bd/design_1/ip/design_1_clk_wiz_1_0/design_1_clk_wiz_1_0/design_1_clk_wiz_1_0_in_context.xdc, line 4).
Applied set_property CLOCK_BUFFER_TYPE = NONE for sys_clock. (constraint file  c:/ECE532/bluetooth_nv/bluetooth.srcs/sources_1/bd/design_1/ip/design_1_clk_wiz_1_0/design_1_clk_wiz_1_0/design_1_clk_wiz_1_0_in_context.xdc, line 5).
Applied set_property DONT_TOUCH = true for design_1_i. (constraint file  auto generated constraint, line ).
Applied set_property DONT_TOUCH = true for design_1_i/microblaze_0. (constraint file  auto generated constraint, line ).
Applied set_property DONT_TOUCH = true for design_1_i/microblaze_0_axi_periph. (constraint file  auto generated constraint, line ).
Applied set_property DONT_TOUCH = true for design_1_i/microblaze_0_axi_intc. (constraint file  auto generated constraint, line ).
Applied set_property DONT_TOUCH = true for design_1_i/microblaze_0_xlconcat. (constraint file  auto generated constraint, line ).
Applied set_property DONT_TOUCH = true for design_1_i/mdm_1. (constraint file  auto generated constraint, line ).
Applied set_property DONT_TOUCH = true for design_1_i/clk_wiz_1. (constraint file  auto generated constraint, line ).
Applied set_property DONT_TOUCH = true for design_1_i/rst_clk_wiz_1_100M. (constraint file  auto generated constraint, line ).
Applied set_property DONT_TOUCH = true for design_1_i/axi_uartlite_0. (constraint file  auto generated constraint, line ).
Applied set_property DONT_TOUCH = true for design_1_i/PmodBT2_0. (constraint file  auto generated constraint, line ).
Applied set_property DONT_TOUCH = true for design_1_i/microblaze_0_local_memory/dlmb_v10. (constraint file  auto generated constraint, line ).
Applied set_property DONT_TOUCH = true for design_1_i/microblaze_0_local_memory/ilmb_v10. (constraint file  auto generated constraint, line ).
Applied set_property DONT_TOUCH = true for design_1_i/microblaze_0_local_memory/dlmb_bram_if_cntlr. (constraint file  auto generated constraint, line ).
Applied set_property DONT_TOUCH = true for design_1_i/microblaze_0_local_memory/ilmb_bram_if_cntlr. (constraint file  auto generated constraint, line ).
Applied set_property DONT_TOUCH = true for design_1_i/microblaze_0_local_memory/lmb_bram. (constraint file  auto generated constraint, line ).
Applied set_property DONT_TOUCH = true for design_1_i/axi_buttons. (constraint file  auto generated constraint, line ).
Applied set_property DONT_TOUCH = true for design_1_i/axi_leds. (constraint file  auto generated constraint, line ).
Applied set_property DONT_TOUCH = true for design_1_i/PmodNAV_0. (constraint file  auto generated constraint, line ).
Applied set_property DONT_TOUCH = true for design_1_i/microblaze_0_axi_periph/xbar. (constraint file  auto generated constraint, line ).
Applied set_property DONT_TOUCH = true for design_1_i/axi_bram_ctrl_0. (constraint file  auto generated constraint, line ).
Applied set_property DONT_TOUCH = true for design_1_i/axi_bram_ctrl_0_bram. (constraint file  auto generated constraint, line ).
Applied set_property DONT_TOUCH = true for design_1_i/microblaze_0_axi_periph/m07_couplers/auto_pc. (constraint file  auto generated constraint, line ).
Applied set_property DONT_TOUCH = true for design_1_i/microblaze_0_axi_periph/m06_couplers/auto_pc. (constraint file  auto generated constraint, line ).
Applied set_property DONT_TOUCH = true for design_1_i/microblaze_0_axi_periph/m05_couplers/auto_pc. (constraint file  auto generated constraint, line ).
Applied set_property DONT_TOUCH = true for design_1_i/microblaze_0_axi_periph/m04_couplers/auto_pc. (constraint file  auto generated constraint, line ).
Applied set_property DONT_TOUCH = true for design_1_i/microblaze_0_axi_periph/m03_couplers/auto_pc. (constraint file  auto generated constraint, line ).
Applied set_property DONT_TOUCH = true for design_1_i/microblaze_0_axi_periph/m02_couplers/auto_pc. (constraint file  auto generated constraint, line ).
Applied set_property DONT_TOUCH = true for design_1_i/microblaze_0_axi_periph/m01_couplers/auto_pc. (constraint file  auto generated constraint, line ).
Applied set_property DONT_TOUCH = true for design_1_i/microblaze_0_axi_periph/m00_couplers/auto_pc. (constraint file  auto generated constraint, line ).
Applied set_property DONT_TOUCH = true for design_1_i/microblaze_0_axi_periph/s01_couplers/auto_pc. (constraint file  auto generated constraint, line ).
Applied set_property DONT_TOUCH = true for design_1_i/microblaze_0_axi_periph/s00_couplers/auto_pc. (constraint file  auto generated constraint, line ).
---------------------------------------------------------------------------------
Finished applying 'set_property' XDC Constraints : Time (s): cpu = 00:00:24 ; elapsed = 00:00:50 . Memory (MB): peak = 960.414 ; gain = 538.883
---------------------------------------------------------------------------------
---------------------------------------------------------------------------------
Finished RTL Optimization Phase 2 : Time (s): cpu = 00:00:24 ; elapsed = 00:00:50 . Memory (MB): peak = 960.414 ; gain = 538.883
---------------------------------------------------------------------------------

Report RTL Partitions: 
+-+--------------+------------+----------+
| |RTL Partition |Replication |Instances |
+-+--------------+------------+----------+
+-+--------------+------------+----------+
---------------------------------------------------------------------------------
Start RTL Component Statistics 
---------------------------------------------------------------------------------
Detailed RTL Component Info : 
---------------------------------------------------------------------------------
Finished RTL Component Statistics 
---------------------------------------------------------------------------------
---------------------------------------------------------------------------------
Start RTL Hierarchical Component Statistics 
---------------------------------------------------------------------------------
Hierarchical RTL Component report 
---------------------------------------------------------------------------------
Finished RTL Hierarchical Component Statistics
---------------------------------------------------------------------------------
---------------------------------------------------------------------------------
Start Part Resource Summary
---------------------------------------------------------------------------------
Part Resources:
DSPs: 740 (col length:100)
BRAMs: 730 (col length: RAMB18 100 RAMB36 50)
---------------------------------------------------------------------------------
Finished Part Resource Summary
---------------------------------------------------------------------------------
---------------------------------------------------------------------------------
Start Cross Boundary and Area Optimization
---------------------------------------------------------------------------------
Warning: Parallel synthesis criteria is not met 
---------------------------------------------------------------------------------
Finished Cross Boundary and Area Optimization : Time (s): cpu = 00:00:25 ; elapsed = 00:00:51 . Memory (MB): peak = 960.414 ; gain = 538.883
---------------------------------------------------------------------------------

Report RTL Partitions: 
+-+--------------+------------+----------+
| |RTL Partition |Replication |Instances |
+-+--------------+------------+----------+
+-+--------------+------------+----------+
---------------------------------------------------------------------------------
Start Applying XDC Timing Constraints
---------------------------------------------------------------------------------
INFO: [Synth 8-5578] Moved timing constraint from pin 'design_1_i/mdm_1/Dbg_Clk_0' to pin 'design_1_i/mdm_1/bbstub_Dbg_Clk_0/O'
INFO: [Synth 8-5578] Moved timing constraint from pin 'design_1_i/mdm_1/Dbg_Update_0' to pin 'design_1_i/mdm_1/bbstub_Dbg_Update_0/O'
INFO: [Synth 8-5578] Moved timing constraint from pin 'design_1_i/clk_wiz_1/clk_out1' to pin 'design_1_i/clk_wiz_1/bbstub_clk_out1/O'
INFO: [Synth 8-5578] Moved timing constraint from pin 'design_1_i/clk_wiz_1/clk_out2' to pin 'design_1_i/clk_wiz_1/bbstub_clk_out2/O'
INFO: [Synth 8-5578] Moved timing constraint from pin 'design_1_i/microblaze_0_local_memory/dlmb_bram_if_cntlr/BRAM_Clk_A' to pin 'design_1_i/microblaze_0_local_memory/dlmb_bram_if_cntlr/bbstub_BRAM_Clk_A/O'
INFO: [Synth 8-5578] Moved timing constraint from pin 'design_1_i/microblaze_0_local_memory/ilmb_bram_if_cntlr/BRAM_Clk_A' to pin 'design_1_i/microblaze_0_local_memory/ilmb_bram_if_cntlr/bbstub_BRAM_Clk_A/O'
INFO: [Synth 8-5578] Moved timing constraint from pin 'design_1_i/axi_bram_ctrl_0/bram_clk_a' to pin 'design_1_i/axi_bram_ctrl_0/bbstub_bram_clk_a/O'
INFO: [Synth 8-5578] Moved timing constraint from pin 'design_1_i/axi_bram_ctrl_0/bram_clk_b' to pin 'design_1_i/axi_bram_ctrl_0/bbstub_bram_clk_b/O'
INFO: [Synth 8-5819] Moved 8 constraints on hierarchical pins to their respective driving/loading pins
---------------------------------------------------------------------------------
Finished Applying XDC Timing Constraints : Time (s): cpu = 00:00:35 ; elapsed = 00:01:02 . Memory (MB): peak = 960.414 ; gain = 538.883
---------------------------------------------------------------------------------
---------------------------------------------------------------------------------
Start Timing Optimization
---------------------------------------------------------------------------------
---------------------------------------------------------------------------------
Finished Timing Optimization : Time (s): cpu = 00:00:35 ; elapsed = 00:01:02 . Memory (MB): peak = 960.414 ; gain = 538.883
---------------------------------------------------------------------------------

Report RTL Partitions: 
+-+--------------+------------+----------+
| |RTL Partition |Replication |Instances |
+-+--------------+------------+----------+
+-+--------------+------------+----------+
---------------------------------------------------------------------------------
Start Technology Mapping
---------------------------------------------------------------------------------
---------------------------------------------------------------------------------
Finished Technology Mapping : Time (s): cpu = 00:00:35 ; elapsed = 00:01:02 . Memory (MB): peak = 960.414 ; gain = 538.883
---------------------------------------------------------------------------------

Report RTL Partitions: 
+-+--------------+------------+----------+
| |RTL Partition |Replication |Instances |
+-+--------------+------------+----------+
+-+--------------+------------+----------+
---------------------------------------------------------------------------------
Start IO Insertion
---------------------------------------------------------------------------------
---------------------------------------------------------------------------------
Start Flattening Before IO Insertion
---------------------------------------------------------------------------------
---------------------------------------------------------------------------------
Finished Flattening Before IO Insertion
---------------------------------------------------------------------------------
---------------------------------------------------------------------------------
Start Final Netlist Cleanup
---------------------------------------------------------------------------------
---------------------------------------------------------------------------------
Finished Final Netlist Cleanup
---------------------------------------------------------------------------------
---------------------------------------------------------------------------------
Finished IO Insertion : Time (s): cpu = 00:00:36 ; elapsed = 00:01:03 . Memory (MB): peak = 960.414 ; gain = 538.883
---------------------------------------------------------------------------------

Report Check Netlist: 
+------+------------------+-------+---------+-------+------------------+
|      |Item              |Errors |Warnings |Status |Description       |
+------+------------------+-------+---------+-------+------------------+
|1     |multi_driven_nets |      0|        0|Passed |Multi driven nets |
+------+------------------+-------+---------+-------+------------------+
---------------------------------------------------------------------------------
Start Renaming Generated Instances
---------------------------------------------------------------------------------
---------------------------------------------------------------------------------
Finished Renaming Generated Instances : Time (s): cpu = 00:00:36 ; elapsed = 00:01:03 . Memory (MB): peak = 960.414 ; gain = 538.883
---------------------------------------------------------------------------------

Report RTL Partitions: 
+-+--------------+------------+----------+
| |RTL Partition |Replication |Instances |
+-+--------------+------------+----------+
+-+--------------+------------+----------+
---------------------------------------------------------------------------------
Start Rebuilding User Hierarchy
---------------------------------------------------------------------------------
---------------------------------------------------------------------------------
Finished Rebuilding User Hierarchy : Time (s): cpu = 00:00:36 ; elapsed = 00:01:03 . Memory (MB): peak = 960.414 ; gain = 538.883
---------------------------------------------------------------------------------
---------------------------------------------------------------------------------
Start Renaming Generated Ports
---------------------------------------------------------------------------------
---------------------------------------------------------------------------------
Finished Renaming Generated Ports : Time (s): cpu = 00:00:36 ; elapsed = 00:01:03 . Memory (MB): peak = 960.414 ; gain = 538.883
---------------------------------------------------------------------------------
---------------------------------------------------------------------------------
Start Handling Custom Attributes
---------------------------------------------------------------------------------
---------------------------------------------------------------------------------
Finished Handling Custom Attributes : Time (s): cpu = 00:00:36 ; elapsed = 00:01:03 . Memory (MB): peak = 960.414 ; gain = 538.883
---------------------------------------------------------------------------------
---------------------------------------------------------------------------------
Start Renaming Generated Nets
---------------------------------------------------------------------------------
---------------------------------------------------------------------------------
Finished Renaming Generated Nets : Time (s): cpu = 00:00:36 ; elapsed = 00:01:04 . Memory (MB): peak = 960.414 ; gain = 538.883
---------------------------------------------------------------------------------
---------------------------------------------------------------------------------
Start Writing Synthesis Report
---------------------------------------------------------------------------------

Report BlackBoxes: 
+------+---------------------------------+----------+
|      |BlackBox name                    |Instances |
+------+---------------------------------+----------+
|1     |design_1_xbar_0                  |         1|
|2     |design_1_auto_pc_0               |         1|
|3     |design_1_auto_pc_1               |         1|
|4     |design_1_auto_pc_2               |         1|
|5     |design_1_auto_pc_3               |         1|
|6     |design_1_auto_pc_4               |         1|
|7     |design_1_auto_pc_5               |         1|
|8     |design_1_auto_pc_6               |         1|
|9     |design_1_auto_pc_7               |         1|
|10    |design_1_auto_pc_8               |         1|
|11    |design_1_auto_pc_9               |         1|
|12    |design_1_PmodBT2_0_0             |         1|
|13    |design_1_PmodNAV_0_0             |         1|
|14    |design_1_axi_bram_ctrl_0_0       |         1|
|15    |design_1_axi_bram_ctrl_0_bram_0  |         1|
|16    |design_1_axi_gpio_0_0            |         1|
|17    |design_1_axi_gpio_1_0            |         1|
|18    |design_1_axi_uartlite_0_0        |         1|
|19    |design_1_clk_wiz_1_0             |         1|
|20    |design_1_mdm_1_0                 |         1|
|21    |design_1_microblaze_0_0          |         1|
|22    |design_1_microblaze_0_axi_intc_0 |         1|
|23    |design_1_microblaze_0_xlconcat_0 |         1|
|24    |design_1_rst_clk_wiz_1_100M_0    |         1|
|25    |design_1_dlmb_bram_if_cntlr_0    |         1|
|26    |design_1_dlmb_v10_0              |         1|
|27    |design_1_ilmb_bram_if_cntlr_0    |         1|
|28    |design_1_ilmb_v10_0              |         1|
|29    |design_1_lmb_bram_0              |         1|
+------+---------------------------------+----------+

Report Cell Usage: 
+------+---------------------------------+------+
|      |Cell                             |Count |
+------+---------------------------------+------+
|1     |design_1_PmodBT2_0_0             |     1|
|2     |design_1_PmodNAV_0_0             |     1|
|3     |design_1_auto_pc_0               |     1|
|4     |design_1_auto_pc_1               |     1|
|5     |design_1_auto_pc_2               |     1|
|6     |design_1_auto_pc_3               |     1|
|7     |design_1_auto_pc_4               |     1|
|8     |design_1_auto_pc_5               |     1|
|9     |design_1_auto_pc_6               |     1|
|10    |design_1_auto_pc_7               |     1|
|11    |design_1_auto_pc_8               |     1|
|12    |design_1_auto_pc_9               |     1|
|13    |design_1_axi_bram_ctrl_0_0       |     1|
|14    |design_1_axi_bram_ctrl_0_bram_0  |     1|
|15    |design_1_axi_gpio_0_0            |     1|
|16    |design_1_axi_gpio_1_0            |     1|
|17    |design_1_axi_uartlite_0_0        |     1|
|18    |design_1_clk_wiz_1_0             |     1|
|19    |design_1_dlmb_bram_if_cntlr_0    |     1|
|20    |design_1_dlmb_v10_0              |     1|
|21    |design_1_ilmb_bram_if_cntlr_0    |     1|
|22    |design_1_ilmb_v10_0              |     1|
|23    |design_1_lmb_bram_0              |     1|
|24    |design_1_mdm_1_0                 |     1|
|25    |design_1_microblaze_0_0          |     1|
|26    |design_1_microblaze_0_axi_intc_0 |     1|
|27    |design_1_microblaze_0_xlconcat_0 |     1|
|28    |design_1_rst_clk_wiz_1_100M_0    |     1|
|29    |design_1_xbar_0                  |     1|
|30    |IBUF                             |     7|
|31    |IOBUF                            |    16|
|32    |OBUF                             |     9|
+------+---------------------------------+------+

Report Instance Areas: 
+------+------------------------------+--------------------------------------+------+
|      |Instance                      |Module                                |Cells |
+------+------------------------------+--------------------------------------+------+
|1     |top                           |                                      |  4914|
|2     |  design_1_i                  |design_1                              |  4882|
|3     |    microblaze_0_axi_periph   |design_1_microblaze_0_axi_periph_0    |  3086|
|4     |      m00_couplers            |m00_couplers_imp_8RVYHO               |   153|
|5     |      m01_couplers            |m01_couplers_imp_1UTB3Y5              |   153|
|6     |      m02_couplers            |m02_couplers_imp_7ANRHB               |   115|
|7     |      m03_couplers            |m03_couplers_imp_1W07O72              |   153|
|8     |      m04_couplers            |m04_couplers_imp_5LX7BU               |   153|
|9     |      m05_couplers            |m05_couplers_imp_1XR4ZAZ              |   153|
|10    |      m06_couplers            |m06_couplers_imp_4YOIXL               |   121|
|11    |      m07_couplers            |m07_couplers_imp_1YO2N20              |   121|
|12    |      s00_couplers            |s00_couplers_imp_1RZP34U              |   205|
|13    |      s01_couplers            |s01_couplers_imp_2REGHR               |    99|
|14    |    microblaze_0_local_memory |microblaze_0_local_memory_imp_1K0VQXK |   496|
+------+------------------------------+--------------------------------------+------+
---------------------------------------------------------------------------------
Finished Writing Synthesis Report : Time (s): cpu = 00:00:36 ; elapsed = 00:01:04 . Memory (MB): peak = 960.414 ; gain = 538.883
---------------------------------------------------------------------------------
Synthesis finished with 0 errors, 0 critical warnings and 22 warnings.
Synthesis Optimization Runtime : Time (s): cpu = 00:00:19 ; elapsed = 00:00:28 . Memory (MB): peak = 960.414 ; gain = 165.672
Synthesis Optimization Complete : Time (s): cpu = 00:00:37 ; elapsed = 00:01:04 . Memory (MB): peak = 960.414 ; gain = 538.883
INFO: [Project 1-571] Translating synthesized netlist
INFO: [Netlist 29-17] Analyzing 23 Unisim elements for replacement
INFO: [Netlist 29-28] Unisim Transformation completed in 0 CPU seconds
INFO: [Project 1-570] Preparing netlist for logic optimization
INFO: [Opt 31-138] Pushed 0 inverter(s) to 0 load pin(s).
INFO: [Project 1-111] Unisim Transformation Summary:
  A total of 16 instances were transformed.
  IOBUF => IOBUF (IBUF, OBUFT): 16 instances

INFO: [Common 17-83] Releasing license: Synthesis
120 Infos, 123 Warnings, 0 Critical Warnings and 0 Errors encountered.
synth_design completed successfully
synth_design: Time (s): cpu = 00:00:39 ; elapsed = 00:01:10 . Memory (MB): peak = 978.656 ; gain = 564.184
INFO: [Common 17-1381] The checkpoint 'C:/ECE532/bluetooth_nv/bluetooth.runs/synth_1/design_1_wrapper.dcp' has been generated.
INFO: [runtcl-4] Executing : report_utilization -file design_1_wrapper_utilization_synth.rpt -pb design_1_wrapper_utilization_synth.pb
report_utilization: Time (s): cpu = 00:00:00 ; elapsed = 00:00:00.084 . Memory (MB): peak = 978.914 ; gain = 0.000
INFO: [Common 17-206] Exiting Vivado at Thu Feb 20 16:11:27 2020...
