16:18:59 INFO  : Registering command handlers for SDK TCF services
16:19:00 INFO  : Launching XSCT server: xsct.bat -interactive C:\ECE532\bluetooth_nv\bluetooth.sdk\temp_xsdb_launch_script.tcl
16:19:02 INFO  : XSCT server has started successfully.
16:19:02 INFO  : Successfully done setting XSCT server connection channel  
16:19:03 INFO  : Processing command line option -hwspec C:/ECE532/bluetooth_nv/bluetooth.sdk/design_1_wrapper.hdf.
16:19:03 INFO  : Successfully done setting SDK workspace  
16:20:51 INFO  : Inferring section assignments and sizes from elf file: C:\ECE532\bluetooth_nv\bluetooth.sdk\drumstick\Debug\drumstick.elf
16:21:07 INFO  : Inferring section assignments and sizes from elf file: C:\ECE532\bluetooth_nv\bluetooth.sdk\drumstick\Debug\drumstick.elf
16:21:52 INFO  : Connected to target on host '127.0.0.1' and port '3121'.
16:21:57 INFO  : 'targets -set -filter {jtag_cable_name =~ "Digilent Nexys Video 210276723614B" && level==0} -index 0' command is executed.
16:22:04 INFO  : FPGA configured successfully with bitstream "C:/ECE532/bluetooth_nv/bluetooth.sdk/design_1_wrapper_hw_platform_0/download.bit"
16:22:24 INFO  : 'targets -set -filter {jtag_cable_name =~ "Digilent Nexys Video 210276723614B" && level==0} -index 0' command is executed.
16:22:24 INFO  : 'fpga -state' command is executed.
16:22:24 INFO  : Connected to target on host '127.0.0.1' and port '3121'.
16:22:24 INFO  : Jtag cable 'Digilent Nexys Video 210276723614B' is selected.
16:22:24 INFO  : 'jtag frequency' command is executed.
16:22:24 INFO  : 'configparams mdm-detect-bscan-mask 2' command is executed.
16:22:24 INFO  : Context for processor 'microblaze_0' is selected.
16:22:24 INFO  : Processor reset is completed for 'microblaze_0'.
16:22:24 INFO  : Context for processor 'microblaze_0' is selected.
16:22:25 INFO  : The application 'C:/ECE532/bluetooth_nv/bluetooth.sdk/drumstick/Debug/drumstick.elf' is downloaded to processor 'microblaze_0'.
16:22:25 INFO  : ----------------XSDB Script----------------
connect -url tcp:127.0.0.1:3121
configparams mdm-detect-bscan-mask 2
targets -set -nocase -filter {name =~ "microblaze*#0" && bscan=="USER2"  && jtag_cable_name =~ "Digilent Nexys Video 210276723614B"} -index 0
rst -processor
targets -set -nocase -filter {name =~ "microblaze*#0" && bscan=="USER2"  && jtag_cable_name =~ "Digilent Nexys Video 210276723614B"} -index 0
dow C:/ECE532/bluetooth_nv/bluetooth.sdk/drumstick/Debug/drumstick.elf
----------------End of Script----------------

16:22:26 INFO  : Context for processor 'microblaze_0' is selected.
16:22:26 INFO  : 'con' command is executed.
16:22:26 INFO  : ----------------XSDB Script (After Launch)----------------
targets -set -nocase -filter {name =~ "microblaze*#0" && bscan=="USER2"  && jtag_cable_name =~ "Digilent Nexys Video 210276723614B"} -index 0
con
----------------End of Script----------------

16:22:26 INFO  : Disconnected from the channel tcfchan#1.
16:30:53 INFO  : Connected to target on host '127.0.0.1' and port '3121'.
16:30:59 INFO  : 'targets -set -filter {jtag_cable_name =~ "Digilent Nexys Video 210276723614B" && level==0} -index 0' command is executed.
16:31:06 INFO  : FPGA configured successfully with bitstream "C:/ECE532/bluetooth_nv/bluetooth.sdk/design_1_wrapper_hw_platform_0/download.bit"
16:31:36 INFO  : 'targets -set -filter {jtag_cable_name =~ "Digilent Nexys Video 210276723614B" && level==0} -index 0' command is executed.
16:31:36 INFO  : 'fpga -state' command is executed.
16:31:36 INFO  : Connected to target on host '127.0.0.1' and port '3121'.
16:31:37 INFO  : Jtag cable 'Digilent Nexys Video 210276723614B' is selected.
16:31:37 INFO  : 'jtag frequency' command is executed.
16:31:37 INFO  : 'configparams mdm-detect-bscan-mask 2' command is executed.
16:31:37 INFO  : Context for processor 'microblaze_0' is selected.
16:31:37 INFO  : Processor reset is completed for 'microblaze_0'.
16:31:37 INFO  : Context for processor 'microblaze_0' is selected.
16:31:38 INFO  : The application 'C:/ECE532/bluetooth_nv/bluetooth.sdk/drumstick/Debug/drumstick.elf' is downloaded to processor 'microblaze_0'.
16:31:38 INFO  : ----------------XSDB Script----------------
connect -url tcp:127.0.0.1:3121
configparams mdm-detect-bscan-mask 2
targets -set -nocase -filter {name =~ "microblaze*#0" && bscan=="USER2"  && jtag_cable_name =~ "Digilent Nexys Video 210276723614B"} -index 0
rst -processor
targets -set -nocase -filter {name =~ "microblaze*#0" && bscan=="USER2"  && jtag_cable_name =~ "Digilent Nexys Video 210276723614B"} -index 0
dow C:/ECE532/bluetooth_nv/bluetooth.sdk/drumstick/Debug/drumstick.elf
----------------End of Script----------------

16:31:38 INFO  : Context for processor 'microblaze_0' is selected.
16:31:38 INFO  : 'con' command is executed.
16:31:38 INFO  : ----------------XSDB Script (After Launch)----------------
targets -set -nocase -filter {name =~ "microblaze*#0" && bscan=="USER2"  && jtag_cable_name =~ "Digilent Nexys Video 210276723614B"} -index 0
con
----------------End of Script----------------

16:31:38 INFO  : Disconnected from the channel tcfchan#2.
16:44:29 INFO  : Connected to target on host '127.0.0.1' and port '3121'.
16:44:29 INFO  : 'targets -set -filter {jtag_cable_name =~ "Digilent Nexys Video 210276723614B" && level==0} -index 0' command is executed.
16:44:34 INFO  : FPGA configured successfully with bitstream "C:/ECE532/bluetooth_nv/bluetooth.sdk/design_1_wrapper_hw_platform_0/download.bit"
16:45:02 INFO  : 'targets -set -filter {jtag_cable_name =~ "Digilent Nexys Video 210276723614B" && level==0} -index 0' command is executed.
16:45:02 INFO  : 'fpga -state' command is executed.
16:45:02 INFO  : Connected to target on host '127.0.0.1' and port '3121'.
16:45:02 INFO  : Jtag cable 'Digilent Nexys Video 210276723614B' is selected.
16:45:02 INFO  : 'jtag frequency' command is executed.
16:45:02 INFO  : 'configparams mdm-detect-bscan-mask 2' command is executed.
16:45:02 INFO  : Context for processor 'microblaze_0' is selected.
16:45:02 INFO  : Processor reset is completed for 'microblaze_0'.
16:45:02 INFO  : Context for processor 'microblaze_0' is selected.
16:45:03 INFO  : The application 'C:/ECE532/bluetooth_nv/bluetooth.sdk/drumstick/Debug/drumstick.elf' is downloaded to processor 'microblaze_0'.
16:45:03 INFO  : ----------------XSDB Script----------------
connect -url tcp:127.0.0.1:3121
configparams mdm-detect-bscan-mask 2
targets -set -nocase -filter {name =~ "microblaze*#0" && bscan=="USER2"  && jtag_cable_name =~ "Digilent Nexys Video 210276723614B"} -index 0
rst -processor
targets -set -nocase -filter {name =~ "microblaze*#0" && bscan=="USER2"  && jtag_cable_name =~ "Digilent Nexys Video 210276723614B"} -index 0
dow C:/ECE532/bluetooth_nv/bluetooth.sdk/drumstick/Debug/drumstick.elf
----------------End of Script----------------

16:45:03 INFO  : Context for processor 'microblaze_0' is selected.
16:45:03 INFO  : 'con' command is executed.
16:45:03 INFO  : ----------------XSDB Script (After Launch)----------------
targets -set -nocase -filter {name =~ "microblaze*#0" && bscan=="USER2"  && jtag_cable_name =~ "Digilent Nexys Video 210276723614B"} -index 0
con
----------------End of Script----------------

16:45:03 INFO  : Disconnected from the channel tcfchan#3.
16:51:02 INFO  : Connected to target on host '127.0.0.1' and port '3121'.
16:51:05 INFO  : 'targets -set -filter {jtag_cable_name =~ "Digilent Nexys Video 210276723614B" && level==0} -index 0' command is executed.
16:51:12 INFO  : FPGA configured successfully with bitstream "C:/ECE532/bluetooth_nv/bluetooth.sdk/design_1_wrapper_hw_platform_0/download.bit"
16:51:20 INFO  : 'targets -set -filter {jtag_cable_name =~ "Digilent Nexys Video 210276723614B" && level==0} -index 0' command is executed.
16:51:20 INFO  : 'fpga -state' command is executed.
16:51:20 INFO  : Connected to target on host '127.0.0.1' and port '3121'.
16:51:20 INFO  : Jtag cable 'Digilent Nexys Video 210276723614B' is selected.
16:51:20 INFO  : 'jtag frequency' command is executed.
16:51:20 INFO  : 'configparams mdm-detect-bscan-mask 2' command is executed.
16:51:20 INFO  : Context for processor 'microblaze_0' is selected.
16:51:20 INFO  : Processor reset is completed for 'microblaze_0'.
16:51:20 INFO  : Context for processor 'microblaze_0' is selected.
16:51:21 INFO  : The application 'C:/ECE532/bluetooth_nv/bluetooth.sdk/drumstick/Debug/drumstick.elf' is downloaded to processor 'microblaze_0'.
16:51:21 INFO  : ----------------XSDB Script----------------
connect -url tcp:127.0.0.1:3121
configparams mdm-detect-bscan-mask 2
targets -set -nocase -filter {name =~ "microblaze*#0" && bscan=="USER2"  && jtag_cable_name =~ "Digilent Nexys Video 210276723614B"} -index 0
rst -processor
targets -set -nocase -filter {name =~ "microblaze*#0" && bscan=="USER2"  && jtag_cable_name =~ "Digilent Nexys Video 210276723614B"} -index 0
dow C:/ECE532/bluetooth_nv/bluetooth.sdk/drumstick/Debug/drumstick.elf
----------------End of Script----------------

16:51:21 INFO  : Context for processor 'microblaze_0' is selected.
16:51:21 INFO  : 'con' command is executed.
16:51:21 INFO  : ----------------XSDB Script (After Launch)----------------
targets -set -nocase -filter {name =~ "microblaze*#0" && bscan=="USER2"  && jtag_cable_name =~ "Digilent Nexys Video 210276723614B"} -index 0
con
----------------End of Script----------------

16:51:21 INFO  : Disconnected from the channel tcfchan#4.
16:54:08 INFO  : Connected to target on host '127.0.0.1' and port '3121'.
16:54:11 INFO  : 'targets -set -filter {jtag_cable_name =~ "Digilent Nexys Video 210276723614B" && level==0} -index 0' command is executed.
16:54:18 INFO  : FPGA configured successfully with bitstream "C:/ECE532/bluetooth_nv/bluetooth.sdk/design_1_wrapper_hw_platform_0/download.bit"
16:54:25 INFO  : 'targets -set -filter {jtag_cable_name =~ "Digilent Nexys Video 210276723614B" && level==0} -index 0' command is executed.
16:54:25 INFO  : 'fpga -state' command is executed.
16:54:25 INFO  : Connected to target on host '127.0.0.1' and port '3121'.
16:54:25 INFO  : Jtag cable 'Digilent Nexys Video 210276723614B' is selected.
16:54:25 INFO  : 'jtag frequency' command is executed.
16:54:25 INFO  : 'configparams mdm-detect-bscan-mask 2' command is executed.
16:54:25 INFO  : Context for processor 'microblaze_0' is selected.
16:54:25 INFO  : Processor reset is completed for 'microblaze_0'.
16:54:25 INFO  : Context for processor 'microblaze_0' is selected.
16:54:26 INFO  : The application 'C:/ECE532/bluetooth_nv/bluetooth.sdk/drumstick/Debug/drumstick.elf' is downloaded to processor 'microblaze_0'.
16:54:26 INFO  : ----------------XSDB Script----------------
connect -url tcp:127.0.0.1:3121
configparams mdm-detect-bscan-mask 2
targets -set -nocase -filter {name =~ "microblaze*#0" && bscan=="USER2"  && jtag_cable_name =~ "Digilent Nexys Video 210276723614B"} -index 0
rst -processor
targets -set -nocase -filter {name =~ "microblaze*#0" && bscan=="USER2"  && jtag_cable_name =~ "Digilent Nexys Video 210276723614B"} -index 0
dow C:/ECE532/bluetooth_nv/bluetooth.sdk/drumstick/Debug/drumstick.elf
----------------End of Script----------------

16:54:26 INFO  : Context for processor 'microblaze_0' is selected.
16:54:26 INFO  : 'con' command is executed.
16:54:26 INFO  : ----------------XSDB Script (After Launch)----------------
targets -set -nocase -filter {name =~ "microblaze*#0" && bscan=="USER2"  && jtag_cable_name =~ "Digilent Nexys Video 210276723614B"} -index 0
con
----------------End of Script----------------

16:54:26 INFO  : Disconnected from the channel tcfchan#5.
16:55:22 INFO  : 'targets -set -filter {jtag_cable_name =~ "Digilent Nexys Video 210276723614B" && level==0} -index 0' command is executed.
16:55:22 INFO  : 'fpga -state' command is executed.
16:55:22 INFO  : Connected to target on host '127.0.0.1' and port '3121'.
16:55:23 INFO  : Jtag cable 'Digilent Nexys Video 210276723614B' is selected.
16:55:23 INFO  : 'jtag frequency' command is executed.
16:55:23 INFO  : 'configparams mdm-detect-bscan-mask 2' command is executed.
16:55:24 INFO  : Context for processor 'microblaze_0' is selected.
16:55:24 INFO  : Processor reset is completed for 'microblaze_0'.
16:55:25 INFO  : Context for processor 'microblaze_0' is selected.
16:55:25 INFO  : The application 'C:/ECE532/bluetooth_nv/bluetooth.sdk/drumstick/Debug/drumstick.elf' is downloaded to processor 'microblaze_0'.
16:55:25 INFO  : ----------------XSDB Script----------------
connect -url tcp:127.0.0.1:3121
configparams mdm-detect-bscan-mask 2
targets -set -nocase -filter {name =~ "microblaze*#0" && bscan=="USER2"  && jtag_cable_name =~ "Digilent Nexys Video 210276723614B"} -index 0
rst -processor
targets -set -nocase -filter {name =~ "microblaze*#0" && bscan=="USER2"  && jtag_cable_name =~ "Digilent Nexys Video 210276723614B"} -index 0
dow C:/ECE532/bluetooth_nv/bluetooth.sdk/drumstick/Debug/drumstick.elf
----------------End of Script----------------

16:55:26 INFO  : Context for processor 'microblaze_0' is selected.
16:55:26 INFO  : 'con' command is executed.
16:55:26 INFO  : ----------------XSDB Script (After Launch)----------------
targets -set -nocase -filter {name =~ "microblaze*#0" && bscan=="USER2"  && jtag_cable_name =~ "Digilent Nexys Video 210276723614B"} -index 0
con
----------------End of Script----------------

16:55:26 INFO  : Disconnected from the channel tcfchan#6.
16:58:10 INFO  : Connected to target on host '127.0.0.1' and port '3121'.
16:58:13 INFO  : 'targets -set -filter {jtag_cable_name =~ "Digilent Nexys Video 210276723614B" && level==0} -index 0' command is executed.
16:58:20 INFO  : FPGA configured successfully with bitstream "C:/ECE532/bluetooth_nv/bluetooth.sdk/design_1_wrapper_hw_platform_0/download.bit"
16:59:07 INFO  : 'targets -set -filter {jtag_cable_name =~ "Digilent Nexys Video 210276723614B" && level==0} -index 0' command is executed.
16:59:07 INFO  : 'fpga -state' command is executed.
16:59:07 INFO  : Connected to target on host '127.0.0.1' and port '3121'.
16:59:07 INFO  : Jtag cable 'Digilent Nexys Video 210276723614B' is selected.
16:59:07 INFO  : 'jtag frequency' command is executed.
16:59:07 INFO  : 'configparams mdm-detect-bscan-mask 2' command is executed.
16:59:07 INFO  : Context for processor 'microblaze_0' is selected.
16:59:07 INFO  : Processor reset is completed for 'microblaze_0'.
16:59:07 INFO  : Context for processor 'microblaze_0' is selected.
16:59:08 INFO  : The application 'C:/ECE532/bluetooth_nv/bluetooth.sdk/drumstick/Debug/drumstick.elf' is downloaded to processor 'microblaze_0'.
16:59:08 INFO  : ----------------XSDB Script----------------
connect -url tcp:127.0.0.1:3121
configparams mdm-detect-bscan-mask 2
targets -set -nocase -filter {name =~ "microblaze*#0" && bscan=="USER2"  && jtag_cable_name =~ "Digilent Nexys Video 210276723614B"} -index 0
rst -processor
targets -set -nocase -filter {name =~ "microblaze*#0" && bscan=="USER2"  && jtag_cable_name =~ "Digilent Nexys Video 210276723614B"} -index 0
dow C:/ECE532/bluetooth_nv/bluetooth.sdk/drumstick/Debug/drumstick.elf
----------------End of Script----------------

16:59:08 INFO  : Context for processor 'microblaze_0' is selected.
16:59:08 INFO  : 'con' command is executed.
16:59:08 INFO  : ----------------XSDB Script (After Launch)----------------
targets -set -nocase -filter {name =~ "microblaze*#0" && bscan=="USER2"  && jtag_cable_name =~ "Digilent Nexys Video 210276723614B"} -index 0
con
----------------End of Script----------------

16:59:08 INFO  : Disconnected from the channel tcfchan#7.
17:01:51 INFO  : 'targets -set -filter {jtag_cable_name =~ "Digilent Nexys Video 210276723614B" && level==0} -index 0' command is executed.
17:01:52 INFO  : 'fpga -state' command is executed.
17:01:52 INFO  : Connected to target on host '127.0.0.1' and port '3121'.
17:01:52 INFO  : Jtag cable 'Digilent Nexys Video 210276723614B' is selected.
17:01:52 INFO  : 'jtag frequency' command is executed.
17:01:52 INFO  : 'configparams mdm-detect-bscan-mask 2' command is executed.
17:01:53 INFO  : Context for processor 'microblaze_0' is selected.
17:01:53 INFO  : Processor reset is completed for 'microblaze_0'.
17:01:54 INFO  : Context for processor 'microblaze_0' is selected.
17:01:54 INFO  : The application 'C:/ECE532/bluetooth_nv/bluetooth.sdk/drumstick/Debug/drumstick.elf' is downloaded to processor 'microblaze_0'.
17:01:54 INFO  : ----------------XSDB Script----------------
connect -url tcp:127.0.0.1:3121
configparams mdm-detect-bscan-mask 2
targets -set -nocase -filter {name =~ "microblaze*#0" && bscan=="USER2"  && jtag_cable_name =~ "Digilent Nexys Video 210276723614B"} -index 0
rst -processor
targets -set -nocase -filter {name =~ "microblaze*#0" && bscan=="USER2"  && jtag_cable_name =~ "Digilent Nexys Video 210276723614B"} -index 0
dow C:/ECE532/bluetooth_nv/bluetooth.sdk/drumstick/Debug/drumstick.elf
----------------End of Script----------------

17:01:55 INFO  : Context for processor 'microblaze_0' is selected.
17:01:55 INFO  : 'con' command is executed.
17:01:55 INFO  : ----------------XSDB Script (After Launch)----------------
targets -set -nocase -filter {name =~ "microblaze*#0" && bscan=="USER2"  && jtag_cable_name =~ "Digilent Nexys Video 210276723614B"} -index 0
con
----------------End of Script----------------

17:01:55 INFO  : Disconnected from the channel tcfchan#8.
17:09:45 INFO  : 'targets -set -filter {jtag_cable_name =~ "Digilent Nexys Video 210276723614B" && level==0} -index 0' command is executed.
17:09:45 INFO  : 'fpga -state' command is executed.
17:09:45 INFO  : Connected to target on host '127.0.0.1' and port '3121'.
17:09:46 INFO  : Jtag cable 'Digilent Nexys Video 210276723614B' is selected.
17:09:46 INFO  : 'jtag frequency' command is executed.
17:09:46 INFO  : 'configparams mdm-detect-bscan-mask 2' command is executed.
17:09:47 INFO  : Context for processor 'microblaze_0' is selected.
17:09:47 INFO  : Processor reset is completed for 'microblaze_0'.
17:09:48 INFO  : Context for processor 'microblaze_0' is selected.
17:09:48 INFO  : The application 'C:/ECE532/bluetooth_nv/bluetooth.sdk/drumstick/Debug/drumstick.elf' is downloaded to processor 'microblaze_0'.
17:09:48 INFO  : ----------------XSDB Script----------------
connect -url tcp:127.0.0.1:3121
configparams mdm-detect-bscan-mask 2
targets -set -nocase -filter {name =~ "microblaze*#0" && bscan=="USER2"  && jtag_cable_name =~ "Digilent Nexys Video 210276723614B"} -index 0
rst -processor
targets -set -nocase -filter {name =~ "microblaze*#0" && bscan=="USER2"  && jtag_cable_name =~ "Digilent Nexys Video 210276723614B"} -index 0
dow C:/ECE532/bluetooth_nv/bluetooth.sdk/drumstick/Debug/drumstick.elf
----------------End of Script----------------

17:09:49 INFO  : Context for processor 'microblaze_0' is selected.
17:09:49 INFO  : 'con' command is executed.
17:09:49 INFO  : ----------------XSDB Script (After Launch)----------------
targets -set -nocase -filter {name =~ "microblaze*#0" && bscan=="USER2"  && jtag_cable_name =~ "Digilent Nexys Video 210276723614B"} -index 0
con
----------------End of Script----------------

17:09:49 INFO  : Disconnected from the channel tcfchan#9.
17:11:52 INFO  : Connected to target on host '127.0.0.1' and port '3121'.
17:11:54 INFO  : 'targets -set -filter {jtag_cable_name =~ "Digilent Nexys4DDR 210292646023A" && level==0} -index 0' command is executed.
17:11:54 ERROR : bitstream is not compatible with the target
17:12:06 INFO  : Connected to target on host '127.0.0.1' and port '3121'.
17:12:27 INFO  : Connected to target on host '127.0.0.1' and port '3121'.
17:13:03 INFO  : Connected to target on host '127.0.0.1' and port '3121'.
17:13:35 INFO  : Connected to target on host '127.0.0.1' and port '3121'.
17:13:36 INFO  : 'targets -set -filter {jtag_cable_name =~ "Digilent Nexys Video 210276723614B" && level==0} -index 0' command is executed.
17:13:41 INFO  : FPGA configured successfully with bitstream "C:/ECE532/bluetooth_nv/bluetooth.sdk/design_1_wrapper_hw_platform_0/download.bit"
17:14:14 INFO  : 'targets -set -filter {jtag_cable_name =~ "Digilent Nexys Video 210276723614B" && level==0} -index 0' command is executed.
17:14:14 INFO  : 'fpga -state' command is executed.
17:14:14 INFO  : Connected to target on host '127.0.0.1' and port '3121'.
17:14:14 INFO  : Jtag cable 'Digilent Nexys Video 210276723614B' is selected.
17:14:14 INFO  : 'jtag frequency' command is executed.
17:14:14 INFO  : 'configparams mdm-detect-bscan-mask 2' command is executed.
17:14:14 INFO  : Context for processor 'microblaze_0' is selected.
17:14:14 INFO  : Processor reset is completed for 'microblaze_0'.
17:14:14 INFO  : Context for processor 'microblaze_0' is selected.
17:14:15 INFO  : The application 'C:/ECE532/bluetooth_nv/bluetooth.sdk/drumstick/Debug/drumstick.elf' is downloaded to processor 'microblaze_0'.
17:14:15 INFO  : ----------------XSDB Script----------------
connect -url tcp:127.0.0.1:3121
configparams mdm-detect-bscan-mask 2
targets -set -nocase -filter {name =~ "microblaze*#0" && bscan=="USER2"  && jtag_cable_name =~ "Digilent Nexys Video 210276723614B"} -index 0
rst -processor
targets -set -nocase -filter {name =~ "microblaze*#0" && bscan=="USER2"  && jtag_cable_name =~ "Digilent Nexys Video 210276723614B"} -index 0
dow C:/ECE532/bluetooth_nv/bluetooth.sdk/drumstick/Debug/drumstick.elf
----------------End of Script----------------

17:14:15 INFO  : Context for processor 'microblaze_0' is selected.
17:14:15 INFO  : 'con' command is executed.
17:14:15 INFO  : ----------------XSDB Script (After Launch)----------------
targets -set -nocase -filter {name =~ "microblaze*#0" && bscan=="USER2"  && jtag_cable_name =~ "Digilent Nexys Video 210276723614B"} -index 0
con
----------------End of Script----------------

17:14:15 INFO  : Disconnected from the channel tcfchan#10.
17:21:15 INFO  : Connected to target on host '127.0.0.1' and port '3121'.
17:21:21 INFO  : 'targets -set -filter {jtag_cable_name =~ "Digilent Nexys Video 210276723614B" && level==0} -index 0' command is executed.
17:21:28 INFO  : FPGA configured successfully with bitstream "C:/ECE532/bluetooth_nv/bluetooth.sdk/design_1_wrapper_hw_platform_0/download.bit"
17:21:55 INFO  : 'targets -set -filter {jtag_cable_name =~ "Digilent Nexys Video 210276723614B" && level==0} -index 0' command is executed.
17:21:55 INFO  : 'fpga -state' command is executed.
17:21:55 INFO  : Connected to target on host '127.0.0.1' and port '3121'.
17:21:56 INFO  : Jtag cable 'Digilent Nexys Video 210276723614B' is selected.
17:21:56 INFO  : 'jtag frequency' command is executed.
17:21:56 INFO  : 'configparams mdm-detect-bscan-mask 2' command is executed.
17:21:56 INFO  : Context for processor 'microblaze_0' is selected.
17:21:56 INFO  : Processor reset is completed for 'microblaze_0'.
17:21:56 INFO  : Context for processor 'microblaze_0' is selected.
17:21:57 INFO  : The application 'C:/ECE532/bluetooth_nv/bluetooth.sdk/drumstick/Debug/drumstick.elf' is downloaded to processor 'microblaze_0'.
17:21:57 INFO  : ----------------XSDB Script----------------
connect -url tcp:127.0.0.1:3121
configparams mdm-detect-bscan-mask 2
targets -set -nocase -filter {name =~ "microblaze*#0" && bscan=="USER2"  && jtag_cable_name =~ "Digilent Nexys Video 210276723614B"} -index 0
rst -processor
targets -set -nocase -filter {name =~ "microblaze*#0" && bscan=="USER2"  && jtag_cable_name =~ "Digilent Nexys Video 210276723614B"} -index 0
dow C:/ECE532/bluetooth_nv/bluetooth.sdk/drumstick/Debug/drumstick.elf
----------------End of Script----------------

17:21:57 INFO  : Context for processor 'microblaze_0' is selected.
17:21:57 INFO  : 'con' command is executed.
17:21:57 INFO  : ----------------XSDB Script (After Launch)----------------
targets -set -nocase -filter {name =~ "microblaze*#0" && bscan=="USER2"  && jtag_cable_name =~ "Digilent Nexys Video 210276723614B"} -index 0
con
----------------End of Script----------------

17:21:57 INFO  : Disconnected from the channel tcfchan#11.
17:28:00 INFO  : 'targets -set -filter {jtag_cable_name =~ "Digilent Nexys Video 210276723614B" && level==0} -index 0' command is executed.
17:28:00 INFO  : 'fpga -state' command is executed.
17:28:00 INFO  : Connected to target on host '127.0.0.1' and port '3121'.
17:28:01 INFO  : Jtag cable 'Digilent Nexys Video 210276723614B' is selected.
17:28:01 INFO  : 'jtag frequency' command is executed.
17:28:01 INFO  : 'configparams mdm-detect-bscan-mask 2' command is executed.
17:28:01 INFO  : Context for processor 'microblaze_0' is selected.
17:28:01 INFO  : Processor reset is completed for 'microblaze_0'.
17:28:01 INFO  : Context for processor 'microblaze_0' is selected.
17:28:02 INFO  : The application 'C:/ECE532/bluetooth_nv/bluetooth.sdk/drumstick/Debug/drumstick.elf' is downloaded to processor 'microblaze_0'.
17:28:02 INFO  : ----------------XSDB Script----------------
connect -url tcp:127.0.0.1:3121
configparams mdm-detect-bscan-mask 2
targets -set -nocase -filter {name =~ "microblaze*#0" && bscan=="USER2"  && jtag_cable_name =~ "Digilent Nexys Video 210276723614B"} -index 0
rst -processor
targets -set -nocase -filter {name =~ "microblaze*#0" && bscan=="USER2"  && jtag_cable_name =~ "Digilent Nexys Video 210276723614B"} -index 0
dow C:/ECE532/bluetooth_nv/bluetooth.sdk/drumstick/Debug/drumstick.elf
----------------End of Script----------------

17:28:02 INFO  : Context for processor 'microblaze_0' is selected.
17:28:02 INFO  : 'con' command is executed.
17:28:02 INFO  : ----------------XSDB Script (After Launch)----------------
targets -set -nocase -filter {name =~ "microblaze*#0" && bscan=="USER2"  && jtag_cable_name =~ "Digilent Nexys Video 210276723614B"} -index 0
con
----------------End of Script----------------

17:28:02 INFO  : Disconnected from the channel tcfchan#12.
17:45:02 INFO  : 'targets -set -filter {jtag_cable_name =~ "Digilent Nexys Video 210276723614B" && level==0} -index 0' command is executed.
17:45:02 INFO  : 'fpga -state' command is executed.
17:45:02 INFO  : Connected to target on host '127.0.0.1' and port '3121'.
17:45:03 INFO  : Jtag cable 'Digilent Nexys Video 210276723614B' is selected.
17:45:03 INFO  : 'jtag frequency' command is executed.
17:45:03 INFO  : 'configparams mdm-detect-bscan-mask 2' command is executed.
17:45:03 INFO  : Context for processor 'microblaze_0' is selected.
17:45:03 INFO  : Processor reset is completed for 'microblaze_0'.
17:45:03 INFO  : Context for processor 'microblaze_0' is selected.
17:45:04 INFO  : The application 'C:/ECE532/bluetooth_nv/bluetooth.sdk/drumstick/Debug/drumstick.elf' is downloaded to processor 'microblaze_0'.
17:45:04 INFO  : ----------------XSDB Script----------------
connect -url tcp:127.0.0.1:3121
configparams mdm-detect-bscan-mask 2
targets -set -nocase -filter {name =~ "microblaze*#0" && bscan=="USER2"  && jtag_cable_name =~ "Digilent Nexys Video 210276723614B"} -index 0
rst -processor
targets -set -nocase -filter {name =~ "microblaze*#0" && bscan=="USER2"  && jtag_cable_name =~ "Digilent Nexys Video 210276723614B"} -index 0
dow C:/ECE532/bluetooth_nv/bluetooth.sdk/drumstick/Debug/drumstick.elf
----------------End of Script----------------

17:45:04 INFO  : Context for processor 'microblaze_0' is selected.
17:45:04 INFO  : 'con' command is executed.
17:45:04 INFO  : ----------------XSDB Script (After Launch)----------------
targets -set -nocase -filter {name =~ "microblaze*#0" && bscan=="USER2"  && jtag_cable_name =~ "Digilent Nexys Video 210276723614B"} -index 0
con
----------------End of Script----------------

17:45:04 INFO  : Disconnected from the channel tcfchan#13.
17:49:42 INFO  : 'targets -set -filter {jtag_cable_name =~ "Digilent Nexys Video 210276723614B" && level==0} -index 0' command is executed.
17:49:42 INFO  : 'fpga -state' command is executed.
17:49:42 INFO  : Connected to target on host '127.0.0.1' and port '3121'.
17:49:43 INFO  : Jtag cable 'Digilent Nexys Video 210276723614B' is selected.
17:49:43 INFO  : 'jtag frequency' command is executed.
17:49:43 INFO  : 'configparams mdm-detect-bscan-mask 2' command is executed.
17:49:43 INFO  : Context for processor 'microblaze_0' is selected.
17:49:43 INFO  : Processor reset is completed for 'microblaze_0'.
17:49:43 INFO  : Context for processor 'microblaze_0' is selected.
17:49:44 INFO  : The application 'C:/ECE532/bluetooth_nv/bluetooth.sdk/drumstick/Debug/drumstick.elf' is downloaded to processor 'microblaze_0'.
17:49:44 INFO  : ----------------XSDB Script----------------
connect -url tcp:127.0.0.1:3121
configparams mdm-detect-bscan-mask 2
targets -set -nocase -filter {name =~ "microblaze*#0" && bscan=="USER2"  && jtag_cable_name =~ "Digilent Nexys Video 210276723614B"} -index 0
rst -processor
targets -set -nocase -filter {name =~ "microblaze*#0" && bscan=="USER2"  && jtag_cable_name =~ "Digilent Nexys Video 210276723614B"} -index 0
dow C:/ECE532/bluetooth_nv/bluetooth.sdk/drumstick/Debug/drumstick.elf
----------------End of Script----------------

17:49:44 INFO  : Context for processor 'microblaze_0' is selected.
17:49:44 INFO  : 'con' command is executed.
17:49:44 INFO  : ----------------XSDB Script (After Launch)----------------
targets -set -nocase -filter {name =~ "microblaze*#0" && bscan=="USER2"  && jtag_cable_name =~ "Digilent Nexys Video 210276723614B"} -index 0
con
----------------End of Script----------------

17:49:44 INFO  : Disconnected from the channel tcfchan#14.
17:50:53 INFO  : 'targets -set -filter {jtag_cable_name =~ "Digilent Nexys Video 210276723614B" && level==0} -index 0' command is executed.
17:50:53 INFO  : 'fpga -state' command is executed.
17:50:53 INFO  : Connected to target on host '127.0.0.1' and port '3121'.
17:50:54 INFO  : Jtag cable 'Digilent Nexys Video 210276723614B' is selected.
17:50:54 INFO  : 'jtag frequency' command is executed.
17:50:54 INFO  : 'configparams mdm-detect-bscan-mask 2' command is executed.
17:50:54 INFO  : Context for processor 'microblaze_0' is selected.
17:50:54 INFO  : Processor reset is completed for 'microblaze_0'.
17:50:54 INFO  : Context for processor 'microblaze_0' is selected.
17:50:55 INFO  : The application 'C:/ECE532/bluetooth_nv/bluetooth.sdk/drumstick/Debug/drumstick.elf' is downloaded to processor 'microblaze_0'.
17:50:55 INFO  : ----------------XSDB Script----------------
connect -url tcp:127.0.0.1:3121
configparams mdm-detect-bscan-mask 2
targets -set -nocase -filter {name =~ "microblaze*#0" && bscan=="USER2"  && jtag_cable_name =~ "Digilent Nexys Video 210276723614B"} -index 0
rst -processor
targets -set -nocase -filter {name =~ "microblaze*#0" && bscan=="USER2"  && jtag_cable_name =~ "Digilent Nexys Video 210276723614B"} -index 0
dow C:/ECE532/bluetooth_nv/bluetooth.sdk/drumstick/Debug/drumstick.elf
----------------End of Script----------------

17:50:55 INFO  : Context for processor 'microblaze_0' is selected.
17:50:55 INFO  : 'con' command is executed.
17:50:55 INFO  : ----------------XSDB Script (After Launch)----------------
targets -set -nocase -filter {name =~ "microblaze*#0" && bscan=="USER2"  && jtag_cable_name =~ "Digilent Nexys Video 210276723614B"} -index 0
con
----------------End of Script----------------

17:50:55 INFO  : Disconnected from the channel tcfchan#15.
17:55:51 INFO  : Connected to target on host '127.0.0.1' and port '3121'.
17:55:51 INFO  : 'targets -set -filter {jtag_cable_name =~ "Digilent Nexys Video 210276723614B" && level==0} -index 0' command is executed.
17:55:57 INFO  : FPGA configured successfully with bitstream "C:/ECE532/bluetooth_nv/bluetooth.sdk/design_1_wrapper_hw_platform_0/download.bit"
17:56:37 INFO  : 'targets -set -filter {jtag_cable_name =~ "Digilent Nexys Video 210276723614B" && level==0} -index 0' command is executed.
17:56:37 INFO  : 'fpga -state' command is executed.
17:56:37 INFO  : Connected to target on host '127.0.0.1' and port '3121'.
17:56:38 INFO  : Jtag cable 'Digilent Nexys Video 210276723614B' is selected.
17:56:38 INFO  : 'jtag frequency' command is executed.
17:56:38 INFO  : 'configparams mdm-detect-bscan-mask 2' command is executed.
17:56:38 INFO  : Context for processor 'microblaze_0' is selected.
17:56:38 INFO  : Processor reset is completed for 'microblaze_0'.
17:56:38 INFO  : Context for processor 'microblaze_0' is selected.
17:56:39 INFO  : The application 'C:/ECE532/bluetooth_nv/bluetooth.sdk/drumstick/Debug/drumstick.elf' is downloaded to processor 'microblaze_0'.
17:56:39 INFO  : ----------------XSDB Script----------------
connect -url tcp:127.0.0.1:3121
configparams mdm-detect-bscan-mask 2
targets -set -nocase -filter {name =~ "microblaze*#0" && bscan=="USER2"  && jtag_cable_name =~ "Digilent Nexys Video 210276723614B"} -index 0
rst -processor
targets -set -nocase -filter {name =~ "microblaze*#0" && bscan=="USER2"  && jtag_cable_name =~ "Digilent Nexys Video 210276723614B"} -index 0
dow C:/ECE532/bluetooth_nv/bluetooth.sdk/drumstick/Debug/drumstick.elf
----------------End of Script----------------

17:56:39 INFO  : Context for processor 'microblaze_0' is selected.
17:56:39 INFO  : 'con' command is executed.
17:56:39 INFO  : ----------------XSDB Script (After Launch)----------------
targets -set -nocase -filter {name =~ "microblaze*#0" && bscan=="USER2"  && jtag_cable_name =~ "Digilent Nexys Video 210276723614B"} -index 0
con
----------------End of Script----------------

17:56:39 INFO  : Disconnected from the channel tcfchan#16.
19:17:38 INFO  : 'targets -set -filter {jtag_cable_name =~ "Digilent Nexys Video 210276723614B" && level==0} -index 0' command is executed.
19:17:38 INFO  : 'fpga -state' command is executed.
19:17:43 INFO  : Connected to target on host '127.0.0.1' and port '3121'.
19:17:44 INFO  : Jtag cable 'Digilent Nexys Video 210276723614B' is selected.
19:17:44 INFO  : 'jtag frequency' command is executed.
19:17:44 INFO  : 'configparams mdm-detect-bscan-mask 2' command is executed.
19:17:48 ERROR : no targets found with "name =~ "microblaze*#0" && bscan=="USER2"  && jtag_cable_name =~ "Digilent Nexys Video 210276723614B"". available targets:
  1  xc7a100t
     2  MicroBlaze Debug Module at USER2
        3  MicroBlaze #0 (Running)
  4* xc7a200t
19:17:48 INFO  : ----------------XSDB Script----------------
connect -url tcp:127.0.0.1:3121
configparams mdm-detect-bscan-mask 2
targets -set -nocase -filter {name =~ "microblaze*#0" && bscan=="USER2"  && jtag_cable_name =~ "Digilent Nexys Video 210276723614B"} -index 0
----------------End of Script----------------

19:18:27 INFO  : Connected to target on host '127.0.0.1' and port '3121'.
19:18:27 INFO  : 'targets -set -filter {jtag_cable_name =~ "Digilent Nexys Video 210276723614B" && level==0} -index 0' command is executed.
19:18:33 INFO  : FPGA configured successfully with bitstream "C:/ECE532/bluetooth_nv/bluetooth.sdk/design_1_wrapper_hw_platform_0/download.bit"
19:18:50 INFO  : 'targets -set -filter {jtag_cable_name =~ "Digilent Nexys Video 210276723614B" && level==0} -index 0' command is executed.
19:18:51 INFO  : 'fpga -state' command is executed.
19:18:51 INFO  : Connected to target on host '127.0.0.1' and port '3121'.
19:18:51 INFO  : Jtag cable 'Digilent Nexys Video 210276723614B' is selected.
19:18:51 INFO  : 'jtag frequency' command is executed.
19:18:51 INFO  : 'configparams mdm-detect-bscan-mask 2' command is executed.
19:18:51 INFO  : Context for processor 'microblaze_0' is selected.
19:18:51 INFO  : Processor reset is completed for 'microblaze_0'.
19:18:51 INFO  : Context for processor 'microblaze_0' is selected.
19:18:52 INFO  : The application 'C:/ECE532/bluetooth_nv/bluetooth.sdk/drumstick/Debug/drumstick.elf' is downloaded to processor 'microblaze_0'.
19:18:52 INFO  : ----------------XSDB Script----------------
connect -url tcp:127.0.0.1:3121
configparams mdm-detect-bscan-mask 2
targets -set -nocase -filter {name =~ "microblaze*#0" && bscan=="USER2"  && jtag_cable_name =~ "Digilent Nexys Video 210276723614B"} -index 0
rst -processor
targets -set -nocase -filter {name =~ "microblaze*#0" && bscan=="USER2"  && jtag_cable_name =~ "Digilent Nexys Video 210276723614B"} -index 0
dow C:/ECE532/bluetooth_nv/bluetooth.sdk/drumstick/Debug/drumstick.elf
----------------End of Script----------------

19:18:52 INFO  : Context for processor 'microblaze_0' is selected.
19:18:52 INFO  : 'con' command is executed.
19:18:52 INFO  : ----------------XSDB Script (After Launch)----------------
targets -set -nocase -filter {name =~ "microblaze*#0" && bscan=="USER2"  && jtag_cable_name =~ "Digilent Nexys Video 210276723614B"} -index 0
con
----------------End of Script----------------

19:18:52 INFO  : Disconnected from the channel tcfchan#17.
19:42:35 INFO  : 'targets -set -filter {jtag_cable_name =~ "Digilent Nexys Video 210276723614B" && level==0} -index 0' command is executed.
19:42:35 INFO  : 'fpga -state' command is executed.
19:42:35 INFO  : Connected to target on host '127.0.0.1' and port '3121'.
19:42:36 INFO  : Jtag cable 'Digilent Nexys Video 210276723614B' is selected.
19:42:36 INFO  : 'jtag frequency' command is executed.
19:42:36 INFO  : 'configparams mdm-detect-bscan-mask 2' command is executed.
19:42:36 INFO  : Context for processor 'microblaze_0' is selected.
19:42:36 INFO  : Processor reset is completed for 'microblaze_0'.
19:42:36 INFO  : Context for processor 'microblaze_0' is selected.
19:42:37 INFO  : The application 'C:/ECE532/bluetooth_nv/bluetooth.sdk/drumstick/Debug/drumstick.elf' is downloaded to processor 'microblaze_0'.
19:42:37 INFO  : ----------------XSDB Script----------------
connect -url tcp:127.0.0.1:3121
configparams mdm-detect-bscan-mask 2
targets -set -nocase -filter {name =~ "microblaze*#0" && bscan=="USER2"  && jtag_cable_name =~ "Digilent Nexys Video 210276723614B"} -index 0
rst -processor
targets -set -nocase -filter {name =~ "microblaze*#0" && bscan=="USER2"  && jtag_cable_name =~ "Digilent Nexys Video 210276723614B"} -index 0
dow C:/ECE532/bluetooth_nv/bluetooth.sdk/drumstick/Debug/drumstick.elf
----------------End of Script----------------

19:42:37 INFO  : Context for processor 'microblaze_0' is selected.
19:42:37 INFO  : 'con' command is executed.
19:42:37 INFO  : ----------------XSDB Script (After Launch)----------------
targets -set -nocase -filter {name =~ "microblaze*#0" && bscan=="USER2"  && jtag_cable_name =~ "Digilent Nexys Video 210276723614B"} -index 0
con
----------------End of Script----------------

19:42:37 INFO  : Disconnected from the channel tcfchan#18.
19:44:32 INFO  : Connected to target on host '127.0.0.1' and port '3121'.
19:44:32 INFO  : 'targets -set -filter {jtag_cable_name =~ "Digilent Nexys Video 210276723614B" && level==0} -index 0' command is executed.
19:44:38 INFO  : FPGA configured successfully with bitstream "C:/ECE532/bluetooth_nv/bluetooth.sdk/design_1_wrapper_hw_platform_0/download.bit"
19:44:45 INFO  : 'targets -set -filter {jtag_cable_name =~ "Digilent Nexys Video 210276723614B" && level==0} -index 0' command is executed.
19:44:45 INFO  : 'fpga -state' command is executed.
19:44:45 INFO  : Connected to target on host '127.0.0.1' and port '3121'.
19:44:45 INFO  : Jtag cable 'Digilent Nexys Video 210276723614B' is selected.
19:44:45 INFO  : 'jtag frequency' command is executed.
19:44:45 INFO  : 'configparams mdm-detect-bscan-mask 2' command is executed.
19:44:45 INFO  : Context for processor 'microblaze_0' is selected.
19:44:45 INFO  : Processor reset is completed for 'microblaze_0'.
19:44:45 INFO  : Context for processor 'microblaze_0' is selected.
19:44:46 INFO  : The application 'C:/ECE532/bluetooth_nv/bluetooth.sdk/drumstick/Debug/drumstick.elf' is downloaded to processor 'microblaze_0'.
19:44:46 INFO  : ----------------XSDB Script----------------
connect -url tcp:127.0.0.1:3121
configparams mdm-detect-bscan-mask 2
targets -set -nocase -filter {name =~ "microblaze*#0" && bscan=="USER2"  && jtag_cable_name =~ "Digilent Nexys Video 210276723614B"} -index 0
rst -processor
targets -set -nocase -filter {name =~ "microblaze*#0" && bscan=="USER2"  && jtag_cable_name =~ "Digilent Nexys Video 210276723614B"} -index 0
dow C:/ECE532/bluetooth_nv/bluetooth.sdk/drumstick/Debug/drumstick.elf
----------------End of Script----------------

19:44:46 INFO  : Context for processor 'microblaze_0' is selected.
19:44:46 INFO  : 'con' command is executed.
19:44:46 INFO  : ----------------XSDB Script (After Launch)----------------
targets -set -nocase -filter {name =~ "microblaze*#0" && bscan=="USER2"  && jtag_cable_name =~ "Digilent Nexys Video 210276723614B"} -index 0
con
----------------End of Script----------------

19:44:46 INFO  : Disconnected from the channel tcfchan#19.
